-------------------------------------------------------------------------------
Test set: com.kopchak.worldoftoys.integration.ShopControllerIntegrationTest
-------------------------------------------------------------------------------
Tests run: 5, Failures: 0, Errors: 5, Skipped: 0, Time elapsed: 12.837 s <<< FAILURE! - in com.kopchak.worldoftoys.integration.ShopControllerIntegrationTest
getFilteringProductCategories_ReturnsOkStatusAndFilteringProductCategoriesDto  Time elapsed: 0.003 s  <<< ERROR!
java.lang.IllegalStateException: Failed to load ApplicationContext for [WebMergedContextConfiguration@667f06bf testClass = com.kopchak.worldoftoys.integration.ShopControllerIntegrationTest, locations = [], classes = [com.kopchak.worldoftoys.WorldOfToysApplication], contextInitializerClasses = [], activeProfiles = ["integrationtest"], propertySourceLocations = [], propertySourceProperties = ["org.springframework.boot.test.context.SpringBootTestContextBootstrapper=true", "server.port=0"], contextCustomizers = [[ImportsContextCustomizer@37e26043 key = [org.springframework.boot.test.autoconfigure.web.servlet.MockMvcAutoConfiguration, org.springframework.boot.test.autoconfigure.web.servlet.MockMvcWebClientAutoConfiguration, org.springframework.boot.test.autoconfigure.web.servlet.MockMvcWebDriverAutoConfiguration, org.springframework.boot.autoconfigure.security.oauth2.client.servlet.OAuth2ClientAutoConfiguration, org.springframework.boot.autoconfigure.security.oauth2.resource.servlet.OAuth2ResourceServerAutoConfiguration, org.springframework.boot.autoconfigure.security.servlet.SecurityAutoConfiguration, org.springframework.boot.autoconfigure.security.servlet.SecurityFilterAutoConfiguration, org.springframework.boot.autoconfigure.security.servlet.UserDetailsServiceAutoConfiguration, org.springframework.boot.test.autoconfigure.web.servlet.MockMvcSecurityConfiguration, org.springframework.boot.test.autoconfigure.web.reactive.WebTestClientAutoConfiguration]], org.springframework.boot.test.context.filter.ExcludeFilterContextCustomizer@531f4093, org.springframework.boot.test.json.DuplicateJsonObjectContextCustomizerFactory$DuplicateJsonObjectContextCustomizer@460ebd80, org.springframework.boot.test.mock.mockito.MockitoContextCustomizer@0, org.springframework.boot.test.web.client.TestRestTemplateContextCustomizer@6d028c7e, org.springframework.boot.test.autoconfigure.actuate.observability.ObservabilityContextCustomizerFactory$DisableObservabilityContextCustomizer@9da1, org.springframework.boot.test.autoconfigure.properties.PropertyMappingContextCustomizer@4b3fa0b3, org.springframework.boot.test.autoconfigure.web.servlet.WebDriverContextCustomizerFactory$Customizer@49c6c24f, org.springframework.boot.test.context.SpringBootTestAnnotation@cf899952], resourceBasePath = "src/main/webapp", contextLoader = org.springframework.boot.test.context.SpringBootContextLoader, parent = null]
Caused by: org.springframework.beans.factory.BeanCreationException: Error creating bean with name 'dataSourceScriptDatabaseInitializer' defined in class path resource [org/springframework/boot/autoconfigure/sql/init/DataSourceInitializationConfiguration.class]: Failed to execute SQL script statement #7 of class path resource [data.sql]: INSERT INTO product(id, name, slug, description, price, available_quantity, origin_id, brand_id) VALUES (1001, 'Р›СЏР»СЊРєР° РљР»Р°Р№РјР±РµСЂ', 'lyalka-klaymber', 'Р¦СЏ С–РіСЂР°С€РєР° РѕР±С”РґРЅСѓС” С–РЅРЅРѕРІР°С†С–Р№РЅРёР№ РґРёР·Р°Р№РЅ С‚Р° СЂРѕР·РІРёРІР°СЋС‡РёР№ С„СѓРЅРєС†С–РѕРЅР°Р», С‰Рѕ СЃРїСЂРёСЏС” СЂРѕР·РІРёС‚РєСѓ РЅР°РІРёС‡РѕРє Сѓ РґС–С‚РµР№. Р’РѕРЅР° СЃС‚РІРѕСЂСЋС” Р·Р°С…РѕРїР»СЋСЋС‡РёР№ СЃРІС–С‚ СѓСЏРІРё, СЂРѕР·РІРёРІР°СЋС‡Рё Р»РѕРіС–С‡РЅРµ РјРёСЃР»РµРЅРЅСЏ С‚Р° С‚РІРѕСЂС‡С–СЃС‚СЊ. Р†РіСЂР°С€РєР° Р±РµР·РїРµС‡РЅР°, РµРЅРµСЂРіРѕРµС„РµРєС‚РёРІРЅР° С– СЃРїСЂРёСЏС” СЂРѕР·РІРёС‚РєСѓ СЃРїРѕСЃС‚РµСЂРµР¶Р»РёРІРѕСЃС‚С–, СѓРІР°РіРё С‚Р° РІРёРЅР°С…С–РґР»РёРІРѕСЃС‚С– Сѓ РґС–С‚РµР№, Р·Р°Р±РµР·РїРµС‡СѓСЋС‡Рё РЅРµР·Р°Р±СѓС‚РЅС– РІСЂР°Р¶РµРЅРЅСЏ С‚Р° РЅР°РІС‡Р°Р»СЊРЅРёР№ РґРѕСЃРІС–Рґ.', 850, 1, 1000, 1000), (1002, 'Р›СЏР»СЊРєР° Р”Р°СЂРёРЅРєР°', 'lyalka-darynka', 'Р¦СЏ С–РіСЂР°С€РєР° РѕР±С”РґРЅСѓС” С–РЅРЅРѕРІР°С†С–Р№РЅРёР№ РґРёР·Р°Р№РЅ С‚Р° СЂРѕР·РІРёРІР°СЋС‡РёР№ С„СѓРЅРєС†С–РѕРЅР°Р», С‰Рѕ СЃРїСЂРёСЏС” СЂРѕР·РІРёС‚РєСѓ РЅР°РІРёС‡РѕРє Сѓ РґС–С‚РµР№. Р’РѕРЅР° СЃС‚РІРѕСЂСЋС” Р·Р°С…РѕРїР»СЋСЋС‡РёР№ СЃРІС–С‚ СѓСЏРІРё, СЂРѕР·РІРёРІР°СЋС‡Рё Р»РѕРіС–С‡РЅРµ РјРёСЃР»РµРЅРЅСЏ С‚Р° С‚РІРѕСЂС‡С–СЃС‚СЊ. Р†РіСЂР°С€РєР° Р±РµР·РїРµС‡РЅР°, РµРЅРµСЂРіРѕРµС„РµРєС‚РёРІРЅР° С– СЃРїСЂРёСЏС” СЂРѕР·РІРёС‚РєСѓ СЃРїРѕСЃС‚РµСЂРµР¶Р»РёРІРѕСЃС‚С–, СѓРІР°РіРё С‚Р° РІРёРЅР°С…С–РґР»РёРІРѕСЃС‚С– Сѓ РґС–С‚РµР№, Р·Р°Р±РµР·РїРµС‡СѓСЋС‡Рё РЅРµР·Р°Р±СѓС‚РЅС– РІСЂР°Р¶РµРЅРЅСЏ С‚Р° РЅР°РІС‡Р°Р»СЊРЅРёР№ РґРѕСЃРІС–Рґ.', 900, 200, 1001, 1001), (1003, 'Р›СЏР»СЊРєР° Р СѓСЃР°Р»РѕС‡РєР°', 'lyalka-rusalochka', 'Р¦СЏ С–РіСЂР°С€РєР° РѕР±С”РґРЅСѓС” С–РЅРЅРѕРІР°С†С–Р№РЅРёР№ РґРёР·Р°Р№РЅ С‚Р° СЂРѕР·РІРёРІР°СЋС‡РёР№ С„СѓРЅРєС†С–РѕРЅР°Р», С‰Рѕ СЃРїСЂРёСЏС” СЂРѕР·РІРёС‚РєСѓ РЅР°РІРёС‡РѕРє Сѓ РґС–С‚РµР№. Р’РѕРЅР° СЃС‚РІРѕСЂСЋС” Р·Р°С…РѕРїР»СЋСЋС‡РёР№ СЃРІС–С‚ СѓСЏРІРё, СЂРѕР·РІРёРІР°СЋС‡Рё Р»РѕРіС–С‡РЅРµ РјРёСЃР»РµРЅРЅСЏ С‚Р° С‚РІРѕСЂС‡С–СЃС‚СЊ. Р†РіСЂР°С€РєР° Р±РµР·РїРµС‡РЅР°, РµРЅРµСЂРіРѕРµС„РµРєС‚РёРІРЅР° С– СЃРїСЂРёСЏС” СЂРѕР·РІРёС‚РєСѓ СЃРїРѕСЃС‚РµСЂРµР¶Р»РёРІРѕСЃС‚С–, СѓРІР°РіРё С‚Р° РІРёРЅР°С…С–РґР»РёРІРѕСЃС‚С– Сѓ РґС–С‚РµР№, Р·Р°Р±РµР·РїРµС‡СѓСЋС‡Рё РЅРµР·Р°Р±СѓС‚РЅС– РІСЂР°Р¶РµРЅРЅСЏ С‚Р° РЅР°РІС‡Р°Р»СЊРЅРёР№ РґРѕСЃРІС–Рґ.', 550, 0, 1000, 1002), (1004, 'РџСѓРїСЃРёРє РћРєСЃР°РЅРєР°', 'pupsik_oksanka', 'Р¦СЏ С–РіСЂР°С€РєР° РѕР±С”РґРЅСѓС” С–РЅРЅРѕРІР°С†С–Р№РЅРёР№ РґРёР·Р°Р№РЅ С‚Р° СЂРѕР·РІРёРІР°СЋС‡РёР№ С„СѓРЅРєС†С–РѕРЅР°Р», С‰Рѕ СЃРїСЂРёСЏС” СЂРѕР·РІРёС‚РєСѓ РЅР°РІРёС‡РѕРє Сѓ РґС–С‚РµР№. Р’РѕРЅР° СЃС‚РІРѕСЂСЋС” Р·Р°С…РѕРїР»СЋСЋС‡РёР№ СЃРІС–С‚ СѓСЏРІРё, СЂРѕР·РІРёРІР°СЋС‡Рё Р»РѕРіС–С‡РЅРµ РјРёСЃР»РµРЅРЅСЏ С‚Р° С‚РІРѕСЂС‡С–СЃС‚СЊ. Р†РіСЂР°С€РєР° Р±РµР·РїРµС‡РЅР°, РµРЅРµСЂРіРѕРµС„РµРєС‚РёРІРЅР° С– СЃРїСЂРёСЏС” СЂРѕР·РІРёС‚РєСѓ СЃРїРѕСЃС‚РµСЂРµР¶Р»РёРІРѕСЃС‚С–, СѓРІР°РіРё С‚Р° РІРёРЅР°С…С–РґР»РёРІРѕСЃС‚С– Сѓ РґС–С‚РµР№, Р·Р°Р±РµР·РїРµС‡СѓСЋС‡Рё РЅРµР·Р°Р±СѓС‚РЅС– РІСЂР°Р¶РµРЅРЅСЏ С‚Р° РЅР°РІС‡Р°Р»СЊРЅРёР№ РґРѕСЃРІС–Рґ.', 500, 150, 1000, 1003)
Caused by: org.springframework.jdbc.datasource.init.ScriptStatementFailedException: Failed to execute SQL script statement #7 of class path resource [data.sql]: INSERT INTO product(id, name, slug, description, price, available_quantity, origin_id, brand_id) VALUES (1001, 'Р›СЏР»СЊРєР° РљР»Р°Р№РјР±РµСЂ', 'lyalka-klaymber', 'Р¦СЏ С–РіСЂР°С€РєР° РѕР±С”РґРЅСѓС” С–РЅРЅРѕРІР°С†С–Р№РЅРёР№ РґРёР·Р°Р№РЅ С‚Р° СЂРѕР·РІРёРІР°СЋС‡РёР№ С„СѓРЅРєС†С–РѕРЅР°Р», С‰Рѕ СЃРїСЂРёСЏС” СЂРѕР·РІРёС‚РєСѓ РЅР°РІРёС‡РѕРє Сѓ РґС–С‚РµР№. Р’РѕРЅР° СЃС‚РІРѕСЂСЋС” Р·Р°С…РѕРїР»СЋСЋС‡РёР№ СЃРІС–С‚ СѓСЏРІРё, СЂРѕР·РІРёРІР°СЋС‡Рё Р»РѕРіС–С‡РЅРµ РјРёСЃР»РµРЅРЅСЏ С‚Р° С‚РІРѕСЂС‡С–СЃС‚СЊ. Р†РіСЂР°С€РєР° Р±РµР·РїРµС‡РЅР°, РµРЅРµСЂРіРѕРµС„РµРєС‚РёРІРЅР° С– СЃРїСЂРёСЏС” СЂРѕР·РІРёС‚РєСѓ СЃРїРѕСЃС‚РµСЂРµР¶Р»РёРІРѕСЃС‚С–, СѓРІР°РіРё С‚Р° РІРёРЅР°С…С–РґР»РёРІРѕСЃС‚С– Сѓ РґС–С‚РµР№, Р·Р°Р±РµР·РїРµС‡СѓСЋС‡Рё РЅРµР·Р°Р±СѓС‚РЅС– РІСЂР°Р¶РµРЅРЅСЏ С‚Р° РЅР°РІС‡Р°Р»СЊРЅРёР№ РґРѕСЃРІС–Рґ.', 850, 1, 1000, 1000), (1002, 'Р›СЏР»СЊРєР° Р”Р°СЂРёРЅРєР°', 'lyalka-darynka', 'Р¦СЏ С–РіСЂР°С€РєР° РѕР±С”РґРЅСѓС” С–РЅРЅРѕРІР°С†С–Р№РЅРёР№ РґРёР·Р°Р№РЅ С‚Р° СЂРѕР·РІРёРІР°СЋС‡РёР№ С„СѓРЅРєС†С–РѕРЅР°Р», С‰Рѕ СЃРїСЂРёСЏС” СЂРѕР·РІРёС‚РєСѓ РЅР°РІРёС‡РѕРє Сѓ РґС–С‚РµР№. Р’РѕРЅР° СЃС‚РІРѕСЂСЋС” Р·Р°С…РѕРїР»СЋСЋС‡РёР№ СЃРІС–С‚ СѓСЏРІРё, СЂРѕР·РІРёРІР°СЋС‡Рё Р»РѕРіС–С‡РЅРµ РјРёСЃР»РµРЅРЅСЏ С‚Р° С‚РІРѕСЂС‡С–СЃС‚СЊ. Р†РіСЂР°С€РєР° Р±РµР·РїРµС‡РЅР°, РµРЅРµСЂРіРѕРµС„РµРєС‚РёРІРЅР° С– СЃРїСЂРёСЏС” СЂРѕР·РІРёС‚РєСѓ СЃРїРѕСЃС‚РµСЂРµР¶Р»РёРІРѕСЃС‚С–, СѓРІР°РіРё С‚Р° РІРёРЅР°С…С–РґР»РёРІРѕСЃС‚С– Сѓ РґС–С‚РµР№, Р·Р°Р±РµР·РїРµС‡СѓСЋС‡Рё РЅРµР·Р°Р±СѓС‚РЅС– РІСЂР°Р¶РµРЅРЅСЏ С‚Р° РЅР°РІС‡Р°Р»СЊРЅРёР№ РґРѕСЃРІС–Рґ.', 900, 200, 1001, 1001), (1003, 'Р›СЏР»СЊРєР° Р СѓСЃР°Р»РѕС‡РєР°', 'lyalka-rusalochka', 'Р¦СЏ С–РіСЂР°С€РєР° РѕР±С”РґРЅСѓС” С–РЅРЅРѕРІР°С†С–Р№РЅРёР№ РґРёР·Р°Р№РЅ С‚Р° СЂРѕР·РІРёРІР°СЋС‡РёР№ С„СѓРЅРєС†С–РѕРЅР°Р», С‰Рѕ СЃРїСЂРёСЏС” СЂРѕР·РІРёС‚РєСѓ РЅР°РІРёС‡РѕРє Сѓ РґС–С‚РµР№. Р’РѕРЅР° СЃС‚РІРѕСЂСЋС” Р·Р°С…РѕРїР»СЋСЋС‡РёР№ СЃРІС–С‚ СѓСЏРІРё, СЂРѕР·РІРёРІР°СЋС‡Рё Р»РѕРіС–С‡РЅРµ РјРёСЃР»РµРЅРЅСЏ С‚Р° С‚РІРѕСЂС‡С–СЃС‚СЊ. Р†РіСЂР°С€РєР° Р±РµР·РїРµС‡РЅР°, РµРЅРµСЂРіРѕРµС„РµРєС‚РёРІРЅР° С– СЃРїСЂРёСЏС” СЂРѕР·РІРёС‚РєСѓ СЃРїРѕСЃС‚РµСЂРµР¶Р»РёРІРѕСЃС‚С–, СѓРІР°РіРё С‚Р° РІРёРЅР°С…С–РґР»РёРІРѕСЃС‚С– Сѓ РґС–С‚РµР№, Р·Р°Р±РµР·РїРµС‡СѓСЋС‡Рё РЅРµР·Р°Р±СѓС‚РЅС– РІСЂР°Р¶РµРЅРЅСЏ С‚Р° РЅР°РІС‡Р°Р»СЊРЅРёР№ РґРѕСЃРІС–Рґ.', 550, 0, 1000, 1002), (1004, 'РџСѓРїСЃРёРє РћРєСЃР°РЅРєР°', 'pupsik_oksanka', 'Р¦СЏ С–РіСЂР°С€РєР° РѕР±С”РґРЅСѓС” С–РЅРЅРѕРІР°С†С–Р№РЅРёР№ РґРёР·Р°Р№РЅ С‚Р° СЂРѕР·РІРёРІР°СЋС‡РёР№ С„СѓРЅРєС†С–РѕРЅР°Р», С‰Рѕ СЃРїСЂРёСЏС” СЂРѕР·РІРёС‚РєСѓ РЅР°РІРёС‡РѕРє Сѓ РґС–С‚РµР№. Р’РѕРЅР° СЃС‚РІРѕСЂСЋС” Р·Р°С…РѕРїР»СЋСЋС‡РёР№ СЃРІС–С‚ СѓСЏРІРё, СЂРѕР·РІРёРІР°СЋС‡Рё Р»РѕРіС–С‡РЅРµ РјРёСЃР»РµРЅРЅСЏ С‚Р° С‚РІРѕСЂС‡С–СЃС‚СЊ. Р†РіСЂР°С€РєР° Р±РµР·РїРµС‡РЅР°, РµРЅРµСЂРіРѕРµС„РµРєС‚РёРІРЅР° С– СЃРїСЂРёСЏС” СЂРѕР·РІРёС‚РєСѓ СЃРїРѕСЃС‚РµСЂРµР¶Р»РёРІРѕСЃС‚С–, СѓРІР°РіРё С‚Р° РІРёРЅР°С…С–РґР»РёРІРѕСЃС‚С– Сѓ РґС–С‚РµР№, Р·Р°Р±РµР·РїРµС‡СѓСЋС‡Рё РЅРµР·Р°Р±СѓС‚РЅС– РІСЂР°Р¶РµРЅРЅСЏ С‚Р° РЅР°РІС‡Р°Р»СЊРЅРёР№ РґРѕСЃРІС–Рґ.', 500, 150, 1000, 1003)
Caused by: org.h2.jdbc.JdbcSQLDataException: 
Value too long for column "DESCRIPTION CHARACTER VARYING(500)": "U&'\\0420\\00a6\\0421\\040f \\0421\\2013\\0420\\0456\\0421\\0402\\0420\\00b0\\0421\\20ac\\0420\\... (623)"; SQL statement:
INSERT INTO product(id, name, slug, description, price, available_quantity, origin_id, brand_id) VALUES (1001, 'Р›СЏР»СЊРєР° РљР»Р°Р№РјР±РµСЂ', 'lyalka-klaymber', 'Р¦СЏ С–РіСЂР°С€РєР° РѕР±С”РґРЅСѓС” С–РЅРЅРѕРІР°С†С–Р№РЅРёР№ РґРёР·Р°Р№РЅ С‚Р° СЂРѕР·РІРёРІР°СЋС‡РёР№ С„СѓРЅРєС†С–РѕРЅР°Р», С‰Рѕ СЃРїСЂРёСЏС” СЂРѕР·РІРёС‚РєСѓ РЅР°РІРёС‡РѕРє Сѓ РґС–С‚РµР№. Р’РѕРЅР° СЃС‚РІРѕСЂСЋС” Р·Р°С…РѕРїР»СЋСЋС‡РёР№ СЃРІС–С‚ СѓСЏРІРё, СЂРѕР·РІРёРІР°СЋС‡Рё Р»РѕРіС–С‡РЅРµ РјРёСЃР»РµРЅРЅСЏ С‚Р° С‚РІРѕСЂС‡С–СЃС‚СЊ. Р†РіСЂР°С€РєР° Р±РµР·РїРµС‡РЅР°, РµРЅРµСЂРіРѕРµС„РµРєС‚РёРІРЅР° С– СЃРїСЂРёСЏС” СЂРѕР·РІРёС‚РєСѓ СЃРїРѕСЃС‚РµСЂРµР¶Р»РёРІРѕСЃС‚С–, СѓРІР°РіРё С‚Р° РІРёРЅР°С…С–РґР»РёРІРѕСЃС‚С– Сѓ РґС–С‚РµР№, Р·Р°Р±РµР·РїРµС‡СѓСЋС‡Рё РЅРµР·Р°Р±СѓС‚РЅС– РІСЂР°Р¶РµРЅРЅСЏ С‚Р° РЅР°РІС‡Р°Р»СЊРЅРёР№ РґРѕСЃРІС–Рґ.', 850, 1, 1000, 1000), (1002, 'Р›СЏР»СЊРєР° Р”Р°СЂРёРЅРєР°', 'lyalka-darynka', 'Р¦СЏ С–РіСЂР°С€РєР° РѕР±С”РґРЅСѓС” С–РЅРЅРѕРІР°С†С–Р№РЅРёР№ РґРёР·Р°Р№РЅ С‚Р° СЂРѕР·РІРёРІР°СЋС‡РёР№ С„СѓРЅРєС†С–РѕРЅР°Р», С‰Рѕ СЃРїСЂРёСЏС” СЂРѕР·РІРёС‚РєСѓ РЅР°РІРёС‡РѕРє Сѓ РґС–С‚РµР№. Р’РѕРЅР° СЃС‚РІРѕСЂСЋС” Р·Р°С…РѕРїР»СЋСЋС‡РёР№ СЃРІС–С‚ СѓСЏРІРё, СЂРѕР·РІРёРІР°СЋС‡Рё Р»РѕРіС–С‡РЅРµ РјРёСЃР»РµРЅРЅСЏ С‚Р° С‚РІРѕСЂС‡С–СЃС‚СЊ. Р†РіСЂР°С€РєР° Р±РµР·РїРµС‡РЅР°, РµРЅРµСЂРіРѕРµС„РµРєС‚РёРІРЅР° С– СЃРїСЂРёСЏС” СЂРѕР·РІРёС‚РєСѓ СЃРїРѕСЃС‚РµСЂРµР¶Р»РёРІРѕСЃС‚С–, СѓРІР°РіРё С‚Р° РІРёРЅР°С…С–РґР»РёРІРѕСЃС‚С– Сѓ РґС–С‚РµР№, Р·Р°Р±РµР·РїРµС‡СѓСЋС‡Рё РЅРµР·Р°Р±СѓС‚РЅС– РІСЂР°Р¶РµРЅРЅСЏ С‚Р° РЅР°РІС‡Р°Р»СЊРЅРёР№ РґРѕСЃРІС–Рґ.', 900, 200, 1001, 1001), (1003, 'Р›СЏР»СЊРєР° Р СѓСЃР°Р»РѕС‡РєР°', 'lyalka-rusalochka', 'Р¦СЏ С–РіСЂР°С€РєР° РѕР±С”РґРЅСѓС” С–РЅРЅРѕРІР°С†С–Р№РЅРёР№ РґРёР·Р°Р№РЅ С‚Р° СЂРѕР·РІРёРІР°СЋС‡РёР№ С„СѓРЅРєС†С–РѕРЅР°Р», С‰Рѕ СЃРїСЂРёСЏС” СЂРѕР·РІРёС‚РєСѓ РЅР°РІРёС‡РѕРє Сѓ РґС–С‚РµР№. Р’РѕРЅР° СЃС‚РІРѕСЂСЋС” Р·Р°С…РѕРїР»СЋСЋС‡РёР№ СЃРІС–С‚ СѓСЏРІРё, СЂРѕР·РІРёРІР°СЋС‡Рё Р»РѕРіС–С‡РЅРµ РјРёСЃР»РµРЅРЅСЏ С‚Р° С‚РІРѕСЂС‡С–СЃС‚СЊ. Р†РіСЂР°С€РєР° Р±РµР·РїРµС‡РЅР°, РµРЅРµСЂРіРѕРµС„РµРєС‚РёРІРЅР° С– СЃРїСЂРёСЏС” СЂРѕР·РІРёС‚РєСѓ СЃРїРѕСЃС‚РµСЂРµР¶Р»РёРІРѕСЃС‚С–, СѓРІР°РіРё С‚Р° РІРёРЅР°С…С–РґР»РёРІРѕСЃС‚С– Сѓ РґС–С‚РµР№, Р·Р°Р±РµР·РїРµС‡СѓСЋС‡Рё РЅРµР·Р°Р±СѓС‚РЅС– РІСЂР°Р¶РµРЅРЅСЏ С‚Р° РЅР°РІС‡Р°Р»СЊРЅРёР№ РґРѕСЃРІС–Рґ.', 550, 0, 1000, 1002), (1004, 'РџСѓРїСЃРёРє РћРєСЃР°РЅРєР°', 'pupsik_oksanka', 'Р¦СЏ С–РіСЂР°С€РєР° РѕР±С”РґРЅСѓС” С–РЅРЅРѕРІР°С†С–Р№РЅРёР№ РґРёР·Р°Р№РЅ С‚Р° СЂРѕР·РІРёРІР°СЋС‡РёР№ С„СѓРЅРєС†С–РѕРЅР°Р», С‰Рѕ СЃРїСЂРёСЏС” СЂРѕР·РІРёС‚РєСѓ РЅР°РІРёС‡РѕРє Сѓ РґС–С‚РµР№. Р’РѕРЅР° СЃС‚РІРѕСЂСЋС” Р·Р°С…РѕРїР»СЋСЋС‡РёР№ СЃРІС–С‚ СѓСЏРІРё, СЂРѕР·РІРёРІР°СЋС‡Рё Р»РѕРіС–С‡РЅРµ РјРёСЃР»РµРЅРЅСЏ С‚Р° С‚РІРѕСЂС‡С–СЃС‚СЊ. Р†РіСЂР°С€РєР° Р±РµР·РїРµС‡РЅР°, РµРЅРµСЂРіРѕРµС„РµРєС‚РёРІРЅР° С– СЃРїСЂРёСЏС” СЂРѕР·РІРёС‚РєСѓ СЃРїРѕСЃС‚РµСЂРµР¶Р»РёРІРѕСЃС‚С–, СѓРІР°РіРё С‚Р° РІРёРЅР°С…С–РґР»РёРІРѕСЃС‚С– Сѓ РґС–С‚РµР№, Р·Р°Р±РµР·РїРµС‡СѓСЋС‡Рё РЅРµР·Р°Р±СѓС‚РЅС– РІСЂР°Р¶РµРЅРЅСЏ С‚Р° РЅР°РІС‡Р°Р»СЊРЅРёР№ РґРѕСЃРІС–Рґ.', 500, 150, 1000, 1003) [22001-220]

getFilteredProducts_ReturnsOkStatusAndFilteredProductsPageDto  Time elapsed: 0.003 s  <<< ERROR!
java.lang.IllegalStateException: Failed to load ApplicationContext for [WebMergedContextConfiguration@667f06bf testClass = com.kopchak.worldoftoys.integration.ShopControllerIntegrationTest, locations = [], classes = [com.kopchak.worldoftoys.WorldOfToysApplication], contextInitializerClasses = [], activeProfiles = ["integrationtest"], propertySourceLocations = [], propertySourceProperties = ["org.springframework.boot.test.context.SpringBootTestContextBootstrapper=true", "server.port=0"], contextCustomizers = [[ImportsContextCustomizer@37e26043 key = [org.springframework.boot.test.autoconfigure.web.servlet.MockMvcAutoConfiguration, org.springframework.boot.test.autoconfigure.web.servlet.MockMvcWebClientAutoConfiguration, org.springframework.boot.test.autoconfigure.web.servlet.MockMvcWebDriverAutoConfiguration, org.springframework.boot.autoconfigure.security.oauth2.client.servlet.OAuth2ClientAutoConfiguration, org.springframework.boot.autoconfigure.security.oauth2.resource.servlet.OAuth2ResourceServerAutoConfiguration, org.springframework.boot.autoconfigure.security.servlet.SecurityAutoConfiguration, org.springframework.boot.autoconfigure.security.servlet.SecurityFilterAutoConfiguration, org.springframework.boot.autoconfigure.security.servlet.UserDetailsServiceAutoConfiguration, org.springframework.boot.test.autoconfigure.web.servlet.MockMvcSecurityConfiguration, org.springframework.boot.test.autoconfigure.web.reactive.WebTestClientAutoConfiguration]], org.springframework.boot.test.context.filter.ExcludeFilterContextCustomizer@531f4093, org.springframework.boot.test.json.DuplicateJsonObjectContextCustomizerFactory$DuplicateJsonObjectContextCustomizer@460ebd80, org.springframework.boot.test.mock.mockito.MockitoContextCustomizer@0, org.springframework.boot.test.web.client.TestRestTemplateContextCustomizer@6d028c7e, org.springframework.boot.test.autoconfigure.actuate.observability.ObservabilityContextCustomizerFactory$DisableObservabilityContextCustomizer@9da1, org.springframework.boot.test.autoconfigure.properties.PropertyMappingContextCustomizer@4b3fa0b3, org.springframework.boot.test.autoconfigure.web.servlet.WebDriverContextCustomizerFactory$Customizer@49c6c24f, org.springframework.boot.test.context.SpringBootTestAnnotation@cf899952], resourceBasePath = "src/main/webapp", contextLoader = org.springframework.boot.test.context.SpringBootContextLoader, parent = null]
Caused by: org.springframework.beans.factory.BeanCreationException: Error creating bean with name 'dataSourceScriptDatabaseInitializer' defined in class path resource [org/springframework/boot/autoconfigure/sql/init/DataSourceInitializationConfiguration.class]: Failed to execute SQL script statement #7 of class path resource [data.sql]: INSERT INTO product(id, name, slug, description, price, available_quantity, origin_id, brand_id) VALUES (1001, 'Р›СЏР»СЊРєР° РљР»Р°Р№РјР±РµСЂ', 'lyalka-klaymber', 'Р¦СЏ С–РіСЂР°С€РєР° РѕР±С”РґРЅСѓС” С–РЅРЅРѕРІР°С†С–Р№РЅРёР№ РґРёР·Р°Р№РЅ С‚Р° СЂРѕР·РІРёРІР°СЋС‡РёР№ С„СѓРЅРєС†С–РѕРЅР°Р», С‰Рѕ СЃРїСЂРёСЏС” СЂРѕР·РІРёС‚РєСѓ РЅР°РІРёС‡РѕРє Сѓ РґС–С‚РµР№. Р’РѕРЅР° СЃС‚РІРѕСЂСЋС” Р·Р°С…РѕРїР»СЋСЋС‡РёР№ СЃРІС–С‚ СѓСЏРІРё, СЂРѕР·РІРёРІР°СЋС‡Рё Р»РѕРіС–С‡РЅРµ РјРёСЃР»РµРЅРЅСЏ С‚Р° С‚РІРѕСЂС‡С–СЃС‚СЊ. Р†РіСЂР°С€РєР° Р±РµР·РїРµС‡РЅР°, РµРЅРµСЂРіРѕРµС„РµРєС‚РёРІРЅР° С– СЃРїСЂРёСЏС” СЂРѕР·РІРёС‚РєСѓ СЃРїРѕСЃС‚РµСЂРµР¶Р»РёРІРѕСЃС‚С–, СѓРІР°РіРё С‚Р° РІРёРЅР°С…С–РґР»РёРІРѕСЃС‚С– Сѓ РґС–С‚РµР№, Р·Р°Р±РµР·РїРµС‡СѓСЋС‡Рё РЅРµР·Р°Р±СѓС‚РЅС– РІСЂР°Р¶РµРЅРЅСЏ С‚Р° РЅР°РІС‡Р°Р»СЊРЅРёР№ РґРѕСЃРІС–Рґ.', 850, 1, 1000, 1000), (1002, 'Р›СЏР»СЊРєР° Р”Р°СЂРёРЅРєР°', 'lyalka-darynka', 'Р¦СЏ С–РіСЂР°С€РєР° РѕР±С”РґРЅСѓС” С–РЅРЅРѕРІР°С†С–Р№РЅРёР№ РґРёР·Р°Р№РЅ С‚Р° СЂРѕР·РІРёРІР°СЋС‡РёР№ С„СѓРЅРєС†С–РѕРЅР°Р», С‰Рѕ СЃРїСЂРёСЏС” СЂРѕР·РІРёС‚РєСѓ РЅР°РІРёС‡РѕРє Сѓ РґС–С‚РµР№. Р’РѕРЅР° СЃС‚РІРѕСЂСЋС” Р·Р°С…РѕРїР»СЋСЋС‡РёР№ СЃРІС–С‚ СѓСЏРІРё, СЂРѕР·РІРёРІР°СЋС‡Рё Р»РѕРіС–С‡РЅРµ РјРёСЃР»РµРЅРЅСЏ С‚Р° С‚РІРѕСЂС‡С–СЃС‚СЊ. Р†РіСЂР°С€РєР° Р±РµР·РїРµС‡РЅР°, РµРЅРµСЂРіРѕРµС„РµРєС‚РёРІРЅР° С– СЃРїСЂРёСЏС” СЂРѕР·РІРёС‚РєСѓ СЃРїРѕСЃС‚РµСЂРµР¶Р»РёРІРѕСЃС‚С–, СѓРІР°РіРё С‚Р° РІРёРЅР°С…С–РґР»РёРІРѕСЃС‚С– Сѓ РґС–С‚РµР№, Р·Р°Р±РµР·РїРµС‡СѓСЋС‡Рё РЅРµР·Р°Р±СѓС‚РЅС– РІСЂР°Р¶РµРЅРЅСЏ С‚Р° РЅР°РІС‡Р°Р»СЊРЅРёР№ РґРѕСЃРІС–Рґ.', 900, 200, 1001, 1001), (1003, 'Р›СЏР»СЊРєР° Р СѓСЃР°Р»РѕС‡РєР°', 'lyalka-rusalochka', 'Р¦СЏ С–РіСЂР°С€РєР° РѕР±С”РґРЅСѓС” С–РЅРЅРѕРІР°С†С–Р№РЅРёР№ РґРёР·Р°Р№РЅ С‚Р° СЂРѕР·РІРёРІР°СЋС‡РёР№ С„СѓРЅРєС†С–РѕРЅР°Р», С‰Рѕ СЃРїСЂРёСЏС” СЂРѕР·РІРёС‚РєСѓ РЅР°РІРёС‡РѕРє Сѓ РґС–С‚РµР№. Р’РѕРЅР° СЃС‚РІРѕСЂСЋС” Р·Р°С…РѕРїР»СЋСЋС‡РёР№ СЃРІС–С‚ СѓСЏРІРё, СЂРѕР·РІРёРІР°СЋС‡Рё Р»РѕРіС–С‡РЅРµ РјРёСЃР»РµРЅРЅСЏ С‚Р° С‚РІРѕСЂС‡С–СЃС‚СЊ. Р†РіСЂР°С€РєР° Р±РµР·РїРµС‡РЅР°, РµРЅРµСЂРіРѕРµС„РµРєС‚РёРІРЅР° С– СЃРїСЂРёСЏС” СЂРѕР·РІРёС‚РєСѓ СЃРїРѕСЃС‚РµСЂРµР¶Р»РёРІРѕСЃС‚С–, СѓРІР°РіРё С‚Р° РІРёРЅР°С…С–РґР»РёРІРѕСЃС‚С– Сѓ РґС–С‚РµР№, Р·Р°Р±РµР·РїРµС‡СѓСЋС‡Рё РЅРµР·Р°Р±СѓС‚РЅС– РІСЂР°Р¶РµРЅРЅСЏ С‚Р° РЅР°РІС‡Р°Р»СЊРЅРёР№ РґРѕСЃРІС–Рґ.', 550, 0, 1000, 1002), (1004, 'РџСѓРїСЃРёРє РћРєСЃР°РЅРєР°', 'pupsik_oksanka', 'Р¦СЏ С–РіСЂР°С€РєР° РѕР±С”РґРЅСѓС” С–РЅРЅРѕРІР°С†С–Р№РЅРёР№ РґРёР·Р°Р№РЅ С‚Р° СЂРѕР·РІРёРІР°СЋС‡РёР№ С„СѓРЅРєС†С–РѕРЅР°Р», С‰Рѕ СЃРїСЂРёСЏС” СЂРѕР·РІРёС‚РєСѓ РЅР°РІРёС‡РѕРє Сѓ РґС–С‚РµР№. Р’РѕРЅР° СЃС‚РІРѕСЂСЋС” Р·Р°С…РѕРїР»СЋСЋС‡РёР№ СЃРІС–С‚ СѓСЏРІРё, СЂРѕР·РІРёРІР°СЋС‡Рё Р»РѕРіС–С‡РЅРµ РјРёСЃР»РµРЅРЅСЏ С‚Р° С‚РІРѕСЂС‡С–СЃС‚СЊ. Р†РіСЂР°С€РєР° Р±РµР·РїРµС‡РЅР°, РµРЅРµСЂРіРѕРµС„РµРєС‚РёРІРЅР° С– СЃРїСЂРёСЏС” СЂРѕР·РІРёС‚РєСѓ СЃРїРѕСЃС‚РµСЂРµР¶Р»РёРІРѕСЃС‚С–, СѓРІР°РіРё С‚Р° РІРёРЅР°С…С–РґР»РёРІРѕСЃС‚С– Сѓ РґС–С‚РµР№, Р·Р°Р±РµР·РїРµС‡СѓСЋС‡Рё РЅРµР·Р°Р±СѓС‚РЅС– РІСЂР°Р¶РµРЅРЅСЏ С‚Р° РЅР°РІС‡Р°Р»СЊРЅРёР№ РґРѕСЃРІС–Рґ.', 500, 150, 1000, 1003)
Caused by: org.springframework.jdbc.datasource.init.ScriptStatementFailedException: Failed to execute SQL script statement #7 of class path resource [data.sql]: INSERT INTO product(id, name, slug, description, price, available_quantity, origin_id, brand_id) VALUES (1001, 'Р›СЏР»СЊРєР° РљР»Р°Р№РјР±РµСЂ', 'lyalka-klaymber', 'Р¦СЏ С–РіСЂР°С€РєР° РѕР±С”РґРЅСѓС” С–РЅРЅРѕРІР°С†С–Р№РЅРёР№ РґРёР·Р°Р№РЅ С‚Р° СЂРѕР·РІРёРІР°СЋС‡РёР№ С„СѓРЅРєС†С–РѕРЅР°Р», С‰Рѕ СЃРїСЂРёСЏС” СЂРѕР·РІРёС‚РєСѓ РЅР°РІРёС‡РѕРє Сѓ РґС–С‚РµР№. Р’РѕРЅР° СЃС‚РІРѕСЂСЋС” Р·Р°С…РѕРїР»СЋСЋС‡РёР№ СЃРІС–С‚ СѓСЏРІРё, СЂРѕР·РІРёРІР°СЋС‡Рё Р»РѕРіС–С‡РЅРµ РјРёСЃР»РµРЅРЅСЏ С‚Р° С‚РІРѕСЂС‡С–СЃС‚СЊ. Р†РіСЂР°С€РєР° Р±РµР·РїРµС‡РЅР°, РµРЅРµСЂРіРѕРµС„РµРєС‚РёРІРЅР° С– СЃРїСЂРёСЏС” СЂРѕР·РІРёС‚РєСѓ СЃРїРѕСЃС‚РµСЂРµР¶Р»РёРІРѕСЃС‚С–, СѓРІР°РіРё С‚Р° РІРёРЅР°С…С–РґР»РёРІРѕСЃС‚С– Сѓ РґС–С‚РµР№, Р·Р°Р±РµР·РїРµС‡СѓСЋС‡Рё РЅРµР·Р°Р±СѓС‚РЅС– РІСЂР°Р¶РµРЅРЅСЏ С‚Р° РЅР°РІС‡Р°Р»СЊРЅРёР№ РґРѕСЃРІС–Рґ.', 850, 1, 1000, 1000), (1002, 'Р›СЏР»СЊРєР° Р”Р°СЂРёРЅРєР°', 'lyalka-darynka', 'Р¦СЏ С–РіСЂР°С€РєР° РѕР±С”РґРЅСѓС” С–РЅРЅРѕРІР°С†С–Р№РЅРёР№ РґРёР·Р°Р№РЅ С‚Р° СЂРѕР·РІРёРІР°СЋС‡РёР№ С„СѓРЅРєС†С–РѕРЅР°Р», С‰Рѕ СЃРїСЂРёСЏС” СЂРѕР·РІРёС‚РєСѓ РЅР°РІРёС‡РѕРє Сѓ РґС–С‚РµР№. Р’РѕРЅР° СЃС‚РІРѕСЂСЋС” Р·Р°С…РѕРїР»СЋСЋС‡РёР№ СЃРІС–С‚ СѓСЏРІРё, СЂРѕР·РІРёРІР°СЋС‡Рё Р»РѕРіС–С‡РЅРµ РјРёСЃР»РµРЅРЅСЏ С‚Р° С‚РІРѕСЂС‡С–СЃС‚СЊ. Р†РіСЂР°С€РєР° Р±РµР·РїРµС‡РЅР°, РµРЅРµСЂРіРѕРµС„РµРєС‚РёРІРЅР° С– СЃРїСЂРёСЏС” СЂРѕР·РІРёС‚РєСѓ СЃРїРѕСЃС‚РµСЂРµР¶Р»РёРІРѕСЃС‚С–, СѓРІР°РіРё С‚Р° РІРёРЅР°С…С–РґР»РёРІРѕСЃС‚С– Сѓ РґС–С‚РµР№, Р·Р°Р±РµР·РїРµС‡СѓСЋС‡Рё РЅРµР·Р°Р±СѓС‚РЅС– РІСЂР°Р¶РµРЅРЅСЏ С‚Р° РЅР°РІС‡Р°Р»СЊРЅРёР№ РґРѕСЃРІС–Рґ.', 900, 200, 1001, 1001), (1003, 'Р›СЏР»СЊРєР° Р СѓСЃР°Р»РѕС‡РєР°', 'lyalka-rusalochka', 'Р¦СЏ С–РіСЂР°С€РєР° РѕР±С”РґРЅСѓС” С–РЅРЅРѕРІР°С†С–Р№РЅРёР№ РґРёР·Р°Р№РЅ С‚Р° СЂРѕР·РІРёРІР°СЋС‡РёР№ С„СѓРЅРєС†С–РѕРЅР°Р», С‰Рѕ СЃРїСЂРёСЏС” СЂРѕР·РІРёС‚РєСѓ РЅР°РІРёС‡РѕРє Сѓ РґС–С‚РµР№. Р’РѕРЅР° СЃС‚РІРѕСЂСЋС” Р·Р°С…РѕРїР»СЋСЋС‡РёР№ СЃРІС–С‚ СѓСЏРІРё, СЂРѕР·РІРёРІР°СЋС‡Рё Р»РѕРіС–С‡РЅРµ РјРёСЃР»РµРЅРЅСЏ С‚Р° С‚РІРѕСЂС‡С–СЃС‚СЊ. Р†РіСЂР°С€РєР° Р±РµР·РїРµС‡РЅР°, РµРЅРµСЂРіРѕРµС„РµРєС‚РёРІРЅР° С– СЃРїСЂРёСЏС” СЂРѕР·РІРёС‚РєСѓ СЃРїРѕСЃС‚РµСЂРµР¶Р»РёРІРѕСЃС‚С–, СѓРІР°РіРё С‚Р° РІРёРЅР°С…С–РґР»РёРІРѕСЃС‚С– Сѓ РґС–С‚РµР№, Р·Р°Р±РµР·РїРµС‡СѓСЋС‡Рё РЅРµР·Р°Р±СѓС‚РЅС– РІСЂР°Р¶РµРЅРЅСЏ С‚Р° РЅР°РІС‡Р°Р»СЊРЅРёР№ РґРѕСЃРІС–Рґ.', 550, 0, 1000, 1002), (1004, 'РџСѓРїСЃРёРє РћРєСЃР°РЅРєР°', 'pupsik_oksanka', 'Р¦СЏ С–РіСЂР°С€РєР° РѕР±С”РґРЅСѓС” С–РЅРЅРѕРІР°С†С–Р№РЅРёР№ РґРёР·Р°Р№РЅ С‚Р° СЂРѕР·РІРёРІР°СЋС‡РёР№ С„СѓРЅРєС†С–РѕРЅР°Р», С‰Рѕ СЃРїСЂРёСЏС” СЂРѕР·РІРёС‚РєСѓ РЅР°РІРёС‡РѕРє Сѓ РґС–С‚РµР№. Р’РѕРЅР° СЃС‚РІРѕСЂСЋС” Р·Р°С…РѕРїР»СЋСЋС‡РёР№ СЃРІС–С‚ СѓСЏРІРё, СЂРѕР·РІРёРІР°СЋС‡Рё Р»РѕРіС–С‡РЅРµ РјРёСЃР»РµРЅРЅСЏ С‚Р° С‚РІРѕСЂС‡С–СЃС‚СЊ. Р†РіСЂР°С€РєР° Р±РµР·РїРµС‡РЅР°, РµРЅРµСЂРіРѕРµС„РµРєС‚РёРІРЅР° С– СЃРїСЂРёСЏС” СЂРѕР·РІРёС‚РєСѓ СЃРїРѕСЃС‚РµСЂРµР¶Р»РёРІРѕСЃС‚С–, СѓРІР°РіРё С‚Р° РІРёРЅР°С…С–РґР»РёРІРѕСЃС‚С– Сѓ РґС–С‚РµР№, Р·Р°Р±РµР·РїРµС‡СѓСЋС‡Рё РЅРµР·Р°Р±СѓС‚РЅС– РІСЂР°Р¶РµРЅРЅСЏ С‚Р° РЅР°РІС‡Р°Р»СЊРЅРёР№ РґРѕСЃРІС–Рґ.', 500, 150, 1000, 1003)
Caused by: org.h2.jdbc.JdbcSQLDataException: 
Value too long for column "DESCRIPTION CHARACTER VARYING(500)": "U&'\\0420\\00a6\\0421\\040f \\0421\\2013\\0420\\0456\\0421\\0402\\0420\\00b0\\0421\\20ac\\0420\\... (623)"; SQL statement:
INSERT INTO product(id, name, slug, description, price, available_quantity, origin_id, brand_id) VALUES (1001, 'Р›СЏР»СЊРєР° РљР»Р°Р№РјР±РµСЂ', 'lyalka-klaymber', 'Р¦СЏ С–РіСЂР°С€РєР° РѕР±С”РґРЅСѓС” С–РЅРЅРѕРІР°С†С–Р№РЅРёР№ РґРёР·Р°Р№РЅ С‚Р° СЂРѕР·РІРёРІР°СЋС‡РёР№ С„СѓРЅРєС†С–РѕРЅР°Р», С‰Рѕ СЃРїСЂРёСЏС” СЂРѕР·РІРёС‚РєСѓ РЅР°РІРёС‡РѕРє Сѓ РґС–С‚РµР№. Р’РѕРЅР° СЃС‚РІРѕСЂСЋС” Р·Р°С…РѕРїР»СЋСЋС‡РёР№ СЃРІС–С‚ СѓСЏРІРё, СЂРѕР·РІРёРІР°СЋС‡Рё Р»РѕРіС–С‡РЅРµ РјРёСЃР»РµРЅРЅСЏ С‚Р° С‚РІРѕСЂС‡С–СЃС‚СЊ. Р†РіСЂР°С€РєР° Р±РµР·РїРµС‡РЅР°, РµРЅРµСЂРіРѕРµС„РµРєС‚РёРІРЅР° С– СЃРїСЂРёСЏС” СЂРѕР·РІРёС‚РєСѓ СЃРїРѕСЃС‚РµСЂРµР¶Р»РёРІРѕСЃС‚С–, СѓРІР°РіРё С‚Р° РІРёРЅР°С…С–РґР»РёРІРѕСЃС‚С– Сѓ РґС–С‚РµР№, Р·Р°Р±РµР·РїРµС‡СѓСЋС‡Рё РЅРµР·Р°Р±СѓС‚РЅС– РІСЂР°Р¶РµРЅРЅСЏ С‚Р° РЅР°РІС‡Р°Р»СЊРЅРёР№ РґРѕСЃРІС–Рґ.', 850, 1, 1000, 1000), (1002, 'Р›СЏР»СЊРєР° Р”Р°СЂРёРЅРєР°', 'lyalka-darynka', 'Р¦СЏ С–РіСЂР°С€РєР° РѕР±С”РґРЅСѓС” С–РЅРЅРѕРІР°С†С–Р№РЅРёР№ РґРёР·Р°Р№РЅ С‚Р° СЂРѕР·РІРёРІР°СЋС‡РёР№ С„СѓРЅРєС†С–РѕРЅР°Р», С‰Рѕ СЃРїСЂРёСЏС” СЂРѕР·РІРёС‚РєСѓ РЅР°РІРёС‡РѕРє Сѓ РґС–С‚РµР№. Р’РѕРЅР° СЃС‚РІРѕСЂСЋС” Р·Р°С…РѕРїР»СЋСЋС‡РёР№ СЃРІС–С‚ СѓСЏРІРё, СЂРѕР·РІРёРІР°СЋС‡Рё Р»РѕРіС–С‡РЅРµ РјРёСЃР»РµРЅРЅСЏ С‚Р° С‚РІРѕСЂС‡С–СЃС‚СЊ. Р†РіСЂР°С€РєР° Р±РµР·РїРµС‡РЅР°, РµРЅРµСЂРіРѕРµС„РµРєС‚РёРІРЅР° С– СЃРїСЂРёСЏС” СЂРѕР·РІРёС‚РєСѓ СЃРїРѕСЃС‚РµСЂРµР¶Р»РёРІРѕСЃС‚С–, СѓРІР°РіРё С‚Р° РІРёРЅР°С…С–РґР»РёРІРѕСЃС‚С– Сѓ РґС–С‚РµР№, Р·Р°Р±РµР·РїРµС‡СѓСЋС‡Рё РЅРµР·Р°Р±СѓС‚РЅС– РІСЂР°Р¶РµРЅРЅСЏ С‚Р° РЅР°РІС‡Р°Р»СЊРЅРёР№ РґРѕСЃРІС–Рґ.', 900, 200, 1001, 1001), (1003, 'Р›СЏР»СЊРєР° Р СѓСЃР°Р»РѕС‡РєР°', 'lyalka-rusalochka', 'Р¦СЏ С–РіСЂР°С€РєР° РѕР±С”РґРЅСѓС” С–РЅРЅРѕРІР°С†С–Р№РЅРёР№ РґРёР·Р°Р№РЅ С‚Р° СЂРѕР·РІРёРІР°СЋС‡РёР№ С„СѓРЅРєС†С–РѕРЅР°Р», С‰Рѕ СЃРїСЂРёСЏС” СЂРѕР·РІРёС‚РєСѓ РЅР°РІРёС‡РѕРє Сѓ РґС–С‚РµР№. Р’РѕРЅР° СЃС‚РІРѕСЂСЋС” Р·Р°С…РѕРїР»СЋСЋС‡РёР№ СЃРІС–С‚ СѓСЏРІРё, СЂРѕР·РІРёРІР°СЋС‡Рё Р»РѕРіС–С‡РЅРµ РјРёСЃР»РµРЅРЅСЏ С‚Р° С‚РІРѕСЂС‡С–СЃС‚СЊ. Р†РіСЂР°С€РєР° Р±РµР·РїРµС‡РЅР°, РµРЅРµСЂРіРѕРµС„РµРєС‚РёРІРЅР° С– СЃРїСЂРёСЏС” СЂРѕР·РІРёС‚РєСѓ СЃРїРѕСЃС‚РµСЂРµР¶Р»РёРІРѕСЃС‚С–, СѓРІР°РіРё С‚Р° РІРёРЅР°С…С–РґР»РёРІРѕСЃС‚С– Сѓ РґС–С‚РµР№, Р·Р°Р±РµР·РїРµС‡СѓСЋС‡Рё РЅРµР·Р°Р±СѓС‚РЅС– РІСЂР°Р¶РµРЅРЅСЏ С‚Р° РЅР°РІС‡Р°Р»СЊРЅРёР№ РґРѕСЃРІС–Рґ.', 550, 0, 1000, 1002), (1004, 'РџСѓРїСЃРёРє РћРєСЃР°РЅРєР°', 'pupsik_oksanka', 'Р¦СЏ С–РіСЂР°С€РєР° РѕР±С”РґРЅСѓС” С–РЅРЅРѕРІР°С†С–Р№РЅРёР№ РґРёР·Р°Р№РЅ С‚Р° СЂРѕР·РІРёРІР°СЋС‡РёР№ С„СѓРЅРєС†С–РѕРЅР°Р», С‰Рѕ СЃРїСЂРёСЏС” СЂРѕР·РІРёС‚РєСѓ РЅР°РІРёС‡РѕРє Сѓ РґС–С‚РµР№. Р’РѕРЅР° СЃС‚РІРѕСЂСЋС” Р·Р°С…РѕРїР»СЋСЋС‡РёР№ СЃРІС–С‚ СѓСЏРІРё, СЂРѕР·РІРёРІР°СЋС‡Рё Р»РѕРіС–С‡РЅРµ РјРёСЃР»РµРЅРЅСЏ С‚Р° С‚РІРѕСЂС‡С–СЃС‚СЊ. Р†РіСЂР°С€РєР° Р±РµР·РїРµС‡РЅР°, РµРЅРµСЂРіРѕРµС„РµРєС‚РёРІРЅР° С– СЃРїСЂРёСЏС” СЂРѕР·РІРёС‚РєСѓ СЃРїРѕСЃС‚РµСЂРµР¶Р»РёРІРѕСЃС‚С–, СѓРІР°РіРё С‚Р° РІРёРЅР°С…С–РґР»РёРІРѕСЃС‚С– Сѓ РґС–С‚РµР№, Р·Р°Р±РµР·РїРµС‡СѓСЋС‡Рё РЅРµР·Р°Р±СѓС‚РЅС– РІСЂР°Р¶РµРЅРЅСЏ С‚Р° РЅР°РІС‡Р°Р»СЊРЅРёР№ РґРѕСЃРІС–Рґ.', 500, 150, 1000, 1003) [22001-220]

getProductBySlug_NonExistentProductSlug_ReturnsNotFoundStatusAndResponseStatusExceptionDto  Time elapsed: 0.002 s  <<< ERROR!
java.lang.IllegalStateException: Failed to load ApplicationContext for [WebMergedContextConfiguration@667f06bf testClass = com.kopchak.worldoftoys.integration.ShopControllerIntegrationTest, locations = [], classes = [com.kopchak.worldoftoys.WorldOfToysApplication], contextInitializerClasses = [], activeProfiles = ["integrationtest"], propertySourceLocations = [], propertySourceProperties = ["org.springframework.boot.test.context.SpringBootTestContextBootstrapper=true", "server.port=0"], contextCustomizers = [[ImportsContextCustomizer@37e26043 key = [org.springframework.boot.test.autoconfigure.web.servlet.MockMvcAutoConfiguration, org.springframework.boot.test.autoconfigure.web.servlet.MockMvcWebClientAutoConfiguration, org.springframework.boot.test.autoconfigure.web.servlet.MockMvcWebDriverAutoConfiguration, org.springframework.boot.autoconfigure.security.oauth2.client.servlet.OAuth2ClientAutoConfiguration, org.springframework.boot.autoconfigure.security.oauth2.resource.servlet.OAuth2ResourceServerAutoConfiguration, org.springframework.boot.autoconfigure.security.servlet.SecurityAutoConfiguration, org.springframework.boot.autoconfigure.security.servlet.SecurityFilterAutoConfiguration, org.springframework.boot.autoconfigure.security.servlet.UserDetailsServiceAutoConfiguration, org.springframework.boot.test.autoconfigure.web.servlet.MockMvcSecurityConfiguration, org.springframework.boot.test.autoconfigure.web.reactive.WebTestClientAutoConfiguration]], org.springframework.boot.test.context.filter.ExcludeFilterContextCustomizer@531f4093, org.springframework.boot.test.json.DuplicateJsonObjectContextCustomizerFactory$DuplicateJsonObjectContextCustomizer@460ebd80, org.springframework.boot.test.mock.mockito.MockitoContextCustomizer@0, org.springframework.boot.test.web.client.TestRestTemplateContextCustomizer@6d028c7e, org.springframework.boot.test.autoconfigure.actuate.observability.ObservabilityContextCustomizerFactory$DisableObservabilityContextCustomizer@9da1, org.springframework.boot.test.autoconfigure.properties.PropertyMappingContextCustomizer@4b3fa0b3, org.springframework.boot.test.autoconfigure.web.servlet.WebDriverContextCustomizerFactory$Customizer@49c6c24f, org.springframework.boot.test.context.SpringBootTestAnnotation@cf899952], resourceBasePath = "src/main/webapp", contextLoader = org.springframework.boot.test.context.SpringBootContextLoader, parent = null]
Caused by: org.springframework.beans.factory.BeanCreationException: Error creating bean with name 'dataSourceScriptDatabaseInitializer' defined in class path resource [org/springframework/boot/autoconfigure/sql/init/DataSourceInitializationConfiguration.class]: Failed to execute SQL script statement #7 of class path resource [data.sql]: INSERT INTO product(id, name, slug, description, price, available_quantity, origin_id, brand_id) VALUES (1001, 'Р›СЏР»СЊРєР° РљР»Р°Р№РјР±РµСЂ', 'lyalka-klaymber', 'Р¦СЏ С–РіСЂР°С€РєР° РѕР±С”РґРЅСѓС” С–РЅРЅРѕРІР°С†С–Р№РЅРёР№ РґРёР·Р°Р№РЅ С‚Р° СЂРѕР·РІРёРІР°СЋС‡РёР№ С„СѓРЅРєС†С–РѕРЅР°Р», С‰Рѕ СЃРїСЂРёСЏС” СЂРѕР·РІРёС‚РєСѓ РЅР°РІРёС‡РѕРє Сѓ РґС–С‚РµР№. Р’РѕРЅР° СЃС‚РІРѕСЂСЋС” Р·Р°С…РѕРїР»СЋСЋС‡РёР№ СЃРІС–С‚ СѓСЏРІРё, СЂРѕР·РІРёРІР°СЋС‡Рё Р»РѕРіС–С‡РЅРµ РјРёСЃР»РµРЅРЅСЏ С‚Р° С‚РІРѕСЂС‡С–СЃС‚СЊ. Р†РіСЂР°С€РєР° Р±РµР·РїРµС‡РЅР°, РµРЅРµСЂРіРѕРµС„РµРєС‚РёРІРЅР° С– СЃРїСЂРёСЏС” СЂРѕР·РІРёС‚РєСѓ СЃРїРѕСЃС‚РµСЂРµР¶Р»РёРІРѕСЃС‚С–, СѓРІР°РіРё С‚Р° РІРёРЅР°С…С–РґР»РёРІРѕСЃС‚С– Сѓ РґС–С‚РµР№, Р·Р°Р±РµР·РїРµС‡СѓСЋС‡Рё РЅРµР·Р°Р±СѓС‚РЅС– РІСЂР°Р¶РµРЅРЅСЏ С‚Р° РЅР°РІС‡Р°Р»СЊРЅРёР№ РґРѕСЃРІС–Рґ.', 850, 1, 1000, 1000), (1002, 'Р›СЏР»СЊРєР° Р”Р°СЂРёРЅРєР°', 'lyalka-darynka', 'Р¦СЏ С–РіСЂР°С€РєР° РѕР±С”РґРЅСѓС” С–РЅРЅРѕРІР°С†С–Р№РЅРёР№ РґРёР·Р°Р№РЅ С‚Р° СЂРѕР·РІРёРІР°СЋС‡РёР№ С„СѓРЅРєС†С–РѕРЅР°Р», С‰Рѕ СЃРїСЂРёСЏС” СЂРѕР·РІРёС‚РєСѓ РЅР°РІРёС‡РѕРє Сѓ РґС–С‚РµР№. Р’РѕРЅР° СЃС‚РІРѕСЂСЋС” Р·Р°С…РѕРїР»СЋСЋС‡РёР№ СЃРІС–С‚ СѓСЏРІРё, СЂРѕР·РІРёРІР°СЋС‡Рё Р»РѕРіС–С‡РЅРµ РјРёСЃР»РµРЅРЅСЏ С‚Р° С‚РІРѕСЂС‡С–СЃС‚СЊ. Р†РіСЂР°С€РєР° Р±РµР·РїРµС‡РЅР°, РµРЅРµСЂРіРѕРµС„РµРєС‚РёРІРЅР° С– СЃРїСЂРёСЏС” СЂРѕР·РІРёС‚РєСѓ СЃРїРѕСЃС‚РµСЂРµР¶Р»РёРІРѕСЃС‚С–, СѓРІР°РіРё С‚Р° РІРёРЅР°С…С–РґР»РёРІРѕСЃС‚С– Сѓ РґС–С‚РµР№, Р·Р°Р±РµР·РїРµС‡СѓСЋС‡Рё РЅРµР·Р°Р±СѓС‚РЅС– РІСЂР°Р¶РµРЅРЅСЏ С‚Р° РЅР°РІС‡Р°Р»СЊРЅРёР№ РґРѕСЃРІС–Рґ.', 900, 200, 1001, 1001), (1003, 'Р›СЏР»СЊРєР° Р СѓСЃР°Р»РѕС‡РєР°', 'lyalka-rusalochka', 'Р¦СЏ С–РіСЂР°С€РєР° РѕР±С”РґРЅСѓС” С–РЅРЅРѕРІР°С†С–Р№РЅРёР№ РґРёР·Р°Р№РЅ С‚Р° СЂРѕР·РІРёРІР°СЋС‡РёР№ С„СѓРЅРєС†С–РѕРЅР°Р», С‰Рѕ СЃРїСЂРёСЏС” СЂРѕР·РІРёС‚РєСѓ РЅР°РІРёС‡РѕРє Сѓ РґС–С‚РµР№. Р’РѕРЅР° СЃС‚РІРѕСЂСЋС” Р·Р°С…РѕРїР»СЋСЋС‡РёР№ СЃРІС–С‚ СѓСЏРІРё, СЂРѕР·РІРёРІР°СЋС‡Рё Р»РѕРіС–С‡РЅРµ РјРёСЃР»РµРЅРЅСЏ С‚Р° С‚РІРѕСЂС‡С–СЃС‚СЊ. Р†РіСЂР°С€РєР° Р±РµР·РїРµС‡РЅР°, РµРЅРµСЂРіРѕРµС„РµРєС‚РёРІРЅР° С– СЃРїСЂРёСЏС” СЂРѕР·РІРёС‚РєСѓ СЃРїРѕСЃС‚РµСЂРµР¶Р»РёРІРѕСЃС‚С–, СѓРІР°РіРё С‚Р° РІРёРЅР°С…С–РґР»РёРІРѕСЃС‚С– Сѓ РґС–С‚РµР№, Р·Р°Р±РµР·РїРµС‡СѓСЋС‡Рё РЅРµР·Р°Р±СѓС‚РЅС– РІСЂР°Р¶РµРЅРЅСЏ С‚Р° РЅР°РІС‡Р°Р»СЊРЅРёР№ РґРѕСЃРІС–Рґ.', 550, 0, 1000, 1002), (1004, 'РџСѓРїСЃРёРє РћРєСЃР°РЅРєР°', 'pupsik_oksanka', 'Р¦СЏ С–РіСЂР°С€РєР° РѕР±С”РґРЅСѓС” С–РЅРЅРѕРІР°С†С–Р№РЅРёР№ РґРёР·Р°Р№РЅ С‚Р° СЂРѕР·РІРёРІР°СЋС‡РёР№ С„СѓРЅРєС†С–РѕРЅР°Р», С‰Рѕ СЃРїСЂРёСЏС” СЂРѕР·РІРёС‚РєСѓ РЅР°РІРёС‡РѕРє Сѓ РґС–С‚РµР№. Р’РѕРЅР° СЃС‚РІРѕСЂСЋС” Р·Р°С…РѕРїР»СЋСЋС‡РёР№ СЃРІС–С‚ СѓСЏРІРё, СЂРѕР·РІРёРІР°СЋС‡Рё Р»РѕРіС–С‡РЅРµ РјРёСЃР»РµРЅРЅСЏ С‚Р° С‚РІРѕСЂС‡С–СЃС‚СЊ. Р†РіСЂР°С€РєР° Р±РµР·РїРµС‡РЅР°, РµРЅРµСЂРіРѕРµС„РµРєС‚РёРІРЅР° С– СЃРїСЂРёСЏС” СЂРѕР·РІРёС‚РєСѓ СЃРїРѕСЃС‚РµСЂРµР¶Р»РёРІРѕСЃС‚С–, СѓРІР°РіРё С‚Р° РІРёРЅР°С…С–РґР»РёРІРѕСЃС‚С– Сѓ РґС–С‚РµР№, Р·Р°Р±РµР·РїРµС‡СѓСЋС‡Рё РЅРµР·Р°Р±СѓС‚РЅС– РІСЂР°Р¶РµРЅРЅСЏ С‚Р° РЅР°РІС‡Р°Р»СЊРЅРёР№ РґРѕСЃРІС–Рґ.', 500, 150, 1000, 1003)
Caused by: org.springframework.jdbc.datasource.init.ScriptStatementFailedException: Failed to execute SQL script statement #7 of class path resource [data.sql]: INSERT INTO product(id, name, slug, description, price, available_quantity, origin_id, brand_id) VALUES (1001, 'Р›СЏР»СЊРєР° РљР»Р°Р№РјР±РµСЂ', 'lyalka-klaymber', 'Р¦СЏ С–РіСЂР°С€РєР° РѕР±С”РґРЅСѓС” С–РЅРЅРѕРІР°С†С–Р№РЅРёР№ РґРёР·Р°Р№РЅ С‚Р° СЂРѕР·РІРёРІР°СЋС‡РёР№ С„СѓРЅРєС†С–РѕРЅР°Р», С‰Рѕ СЃРїСЂРёСЏС” СЂРѕР·РІРёС‚РєСѓ РЅР°РІРёС‡РѕРє Сѓ РґС–С‚РµР№. Р’РѕРЅР° СЃС‚РІРѕСЂСЋС” Р·Р°С…РѕРїР»СЋСЋС‡РёР№ СЃРІС–С‚ СѓСЏРІРё, СЂРѕР·РІРёРІР°СЋС‡Рё Р»РѕРіС–С‡РЅРµ РјРёСЃР»РµРЅРЅСЏ С‚Р° С‚РІРѕСЂС‡С–СЃС‚СЊ. Р†РіСЂР°С€РєР° Р±РµР·РїРµС‡РЅР°, РµРЅРµСЂРіРѕРµС„РµРєС‚РёРІРЅР° С– СЃРїСЂРёСЏС” СЂРѕР·РІРёС‚РєСѓ СЃРїРѕСЃС‚РµСЂРµР¶Р»РёРІРѕСЃС‚С–, СѓРІР°РіРё С‚Р° РІРёРЅР°С…С–РґР»РёРІРѕСЃС‚С– Сѓ РґС–С‚РµР№, Р·Р°Р±РµР·РїРµС‡СѓСЋС‡Рё РЅРµР·Р°Р±СѓС‚РЅС– РІСЂР°Р¶РµРЅРЅСЏ С‚Р° РЅР°РІС‡Р°Р»СЊРЅРёР№ РґРѕСЃРІС–Рґ.', 850, 1, 1000, 1000), (1002, 'Р›СЏР»СЊРєР° Р”Р°СЂРёРЅРєР°', 'lyalka-darynka', 'Р¦СЏ С–РіСЂР°С€РєР° РѕР±С”РґРЅСѓС” С–РЅРЅРѕРІР°С†С–Р№РЅРёР№ РґРёР·Р°Р№РЅ С‚Р° СЂРѕР·РІРёРІР°СЋС‡РёР№ С„СѓРЅРєС†С–РѕРЅР°Р», С‰Рѕ СЃРїСЂРёСЏС” СЂРѕР·РІРёС‚РєСѓ РЅР°РІРёС‡РѕРє Сѓ РґС–С‚РµР№. Р’РѕРЅР° СЃС‚РІРѕСЂСЋС” Р·Р°С…РѕРїР»СЋСЋС‡РёР№ СЃРІС–С‚ СѓСЏРІРё, СЂРѕР·РІРёРІР°СЋС‡Рё Р»РѕРіС–С‡РЅРµ РјРёСЃР»РµРЅРЅСЏ С‚Р° С‚РІРѕСЂС‡С–СЃС‚СЊ. Р†РіСЂР°С€РєР° Р±РµР·РїРµС‡РЅР°, РµРЅРµСЂРіРѕРµС„РµРєС‚РёРІРЅР° С– СЃРїСЂРёСЏС” СЂРѕР·РІРёС‚РєСѓ СЃРїРѕСЃС‚РµСЂРµР¶Р»РёРІРѕСЃС‚С–, СѓРІР°РіРё С‚Р° РІРёРЅР°С…С–РґР»РёРІРѕСЃС‚С– Сѓ РґС–С‚РµР№, Р·Р°Р±РµР·РїРµС‡СѓСЋС‡Рё РЅРµР·Р°Р±СѓС‚РЅС– РІСЂР°Р¶РµРЅРЅСЏ С‚Р° РЅР°РІС‡Р°Р»СЊРЅРёР№ РґРѕСЃРІС–Рґ.', 900, 200, 1001, 1001), (1003, 'Р›СЏР»СЊРєР° Р СѓСЃР°Р»РѕС‡РєР°', 'lyalka-rusalochka', 'Р¦СЏ С–РіСЂР°С€РєР° РѕР±С”РґРЅСѓС” С–РЅРЅРѕРІР°С†С–Р№РЅРёР№ РґРёР·Р°Р№РЅ С‚Р° СЂРѕР·РІРёРІР°СЋС‡РёР№ С„СѓРЅРєС†С–РѕРЅР°Р», С‰Рѕ СЃРїСЂРёСЏС” СЂРѕР·РІРёС‚РєСѓ РЅР°РІРёС‡РѕРє Сѓ РґС–С‚РµР№. Р’РѕРЅР° СЃС‚РІРѕСЂСЋС” Р·Р°С…РѕРїР»СЋСЋС‡РёР№ СЃРІС–С‚ СѓСЏРІРё, СЂРѕР·РІРёРІР°СЋС‡Рё Р»РѕРіС–С‡РЅРµ РјРёСЃР»РµРЅРЅСЏ С‚Р° С‚РІРѕСЂС‡С–СЃС‚СЊ. Р†РіСЂР°С€РєР° Р±РµР·РїРµС‡РЅР°, РµРЅРµСЂРіРѕРµС„РµРєС‚РёРІРЅР° С– СЃРїСЂРёСЏС” СЂРѕР·РІРёС‚РєСѓ СЃРїРѕСЃС‚РµСЂРµР¶Р»РёРІРѕСЃС‚С–, СѓРІР°РіРё С‚Р° РІРёРЅР°С…С–РґР»РёРІРѕСЃС‚С– Сѓ РґС–С‚РµР№, Р·Р°Р±РµР·РїРµС‡СѓСЋС‡Рё РЅРµР·Р°Р±СѓС‚РЅС– РІСЂР°Р¶РµРЅРЅСЏ С‚Р° РЅР°РІС‡Р°Р»СЊРЅРёР№ РґРѕСЃРІС–Рґ.', 550, 0, 1000, 1002), (1004, 'РџСѓРїСЃРёРє РћРєСЃР°РЅРєР°', 'pupsik_oksanka', 'Р¦СЏ С–РіСЂР°С€РєР° РѕР±С”РґРЅСѓС” С–РЅРЅРѕРІР°С†С–Р№РЅРёР№ РґРёР·Р°Р№РЅ С‚Р° СЂРѕР·РІРёРІР°СЋС‡РёР№ С„СѓРЅРєС†С–РѕРЅР°Р», С‰Рѕ СЃРїСЂРёСЏС” СЂРѕР·РІРёС‚РєСѓ РЅР°РІРёС‡РѕРє Сѓ РґС–С‚РµР№. Р’РѕРЅР° СЃС‚РІРѕСЂСЋС” Р·Р°С…РѕРїР»СЋСЋС‡РёР№ СЃРІС–С‚ СѓСЏРІРё, СЂРѕР·РІРёРІР°СЋС‡Рё Р»РѕРіС–С‡РЅРµ РјРёСЃР»РµРЅРЅСЏ С‚Р° С‚РІРѕСЂС‡С–СЃС‚СЊ. Р†РіСЂР°С€РєР° Р±РµР·РїРµС‡РЅР°, РµРЅРµСЂРіРѕРµС„РµРєС‚РёРІРЅР° С– СЃРїСЂРёСЏС” СЂРѕР·РІРёС‚РєСѓ СЃРїРѕСЃС‚РµСЂРµР¶Р»РёРІРѕСЃС‚С–, СѓРІР°РіРё С‚Р° РІРёРЅР°С…С–РґР»РёРІРѕСЃС‚С– Сѓ РґС–С‚РµР№, Р·Р°Р±РµР·РїРµС‡СѓСЋС‡Рё РЅРµР·Р°Р±СѓС‚РЅС– РІСЂР°Р¶РµРЅРЅСЏ С‚Р° РЅР°РІС‡Р°Р»СЊРЅРёР№ РґРѕСЃРІС–Рґ.', 500, 150, 1000, 1003)
Caused by: org.h2.jdbc.JdbcSQLDataException: 
Value too long for column "DESCRIPTION CHARACTER VARYING(500)": "U&'\\0420\\00a6\\0421\\040f \\0421\\2013\\0420\\0456\\0421\\0402\\0420\\00b0\\0421\\20ac\\0420\\... (623)"; SQL statement:
INSERT INTO product(id, name, slug, description, price, available_quantity, origin_id, brand_id) VALUES (1001, 'Р›СЏР»СЊРєР° РљР»Р°Р№РјР±РµСЂ', 'lyalka-klaymber', 'Р¦СЏ С–РіСЂР°С€РєР° РѕР±С”РґРЅСѓС” С–РЅРЅРѕРІР°С†С–Р№РЅРёР№ РґРёР·Р°Р№РЅ С‚Р° СЂРѕР·РІРёРІР°СЋС‡РёР№ С„СѓРЅРєС†С–РѕРЅР°Р», С‰Рѕ СЃРїСЂРёСЏС” СЂРѕР·РІРёС‚РєСѓ РЅР°РІРёС‡РѕРє Сѓ РґС–С‚РµР№. Р’РѕРЅР° СЃС‚РІРѕСЂСЋС” Р·Р°С…РѕРїР»СЋСЋС‡РёР№ СЃРІС–С‚ СѓСЏРІРё, СЂРѕР·РІРёРІР°СЋС‡Рё Р»РѕРіС–С‡РЅРµ РјРёСЃР»РµРЅРЅСЏ С‚Р° С‚РІРѕСЂС‡С–СЃС‚СЊ. Р†РіСЂР°С€РєР° Р±РµР·РїРµС‡РЅР°, РµРЅРµСЂРіРѕРµС„РµРєС‚РёРІРЅР° С– СЃРїСЂРёСЏС” СЂРѕР·РІРёС‚РєСѓ СЃРїРѕСЃС‚РµСЂРµР¶Р»РёРІРѕСЃС‚С–, СѓРІР°РіРё С‚Р° РІРёРЅР°С…С–РґР»РёРІРѕСЃС‚С– Сѓ РґС–С‚РµР№, Р·Р°Р±РµР·РїРµС‡СѓСЋС‡Рё РЅРµР·Р°Р±СѓС‚РЅС– РІСЂР°Р¶РµРЅРЅСЏ С‚Р° РЅР°РІС‡Р°Р»СЊРЅРёР№ РґРѕСЃРІС–Рґ.', 850, 1, 1000, 1000), (1002, 'Р›СЏР»СЊРєР° Р”Р°СЂРёРЅРєР°', 'lyalka-darynka', 'Р¦СЏ С–РіСЂР°С€РєР° РѕР±С”РґРЅСѓС” С–РЅРЅРѕРІР°С†С–Р№РЅРёР№ РґРёР·Р°Р№РЅ С‚Р° СЂРѕР·РІРёРІР°СЋС‡РёР№ С„СѓРЅРєС†С–РѕРЅР°Р», С‰Рѕ СЃРїСЂРёСЏС” СЂРѕР·РІРёС‚РєСѓ РЅР°РІРёС‡РѕРє Сѓ РґС–С‚РµР№. Р’РѕРЅР° СЃС‚РІРѕСЂСЋС” Р·Р°С…РѕРїР»СЋСЋС‡РёР№ СЃРІС–С‚ СѓСЏРІРё, СЂРѕР·РІРёРІР°СЋС‡Рё Р»РѕРіС–С‡РЅРµ РјРёСЃР»РµРЅРЅСЏ С‚Р° С‚РІРѕСЂС‡С–СЃС‚СЊ. Р†РіСЂР°С€РєР° Р±РµР·РїРµС‡РЅР°, РµРЅРµСЂРіРѕРµС„РµРєС‚РёРІРЅР° С– СЃРїСЂРёСЏС” СЂРѕР·РІРёС‚РєСѓ СЃРїРѕСЃС‚РµСЂРµР¶Р»РёРІРѕСЃС‚С–, СѓРІР°РіРё С‚Р° РІРёРЅР°С…С–РґР»РёРІРѕСЃС‚С– Сѓ РґС–С‚РµР№, Р·Р°Р±РµР·РїРµС‡СѓСЋС‡Рё РЅРµР·Р°Р±СѓС‚РЅС– РІСЂР°Р¶РµРЅРЅСЏ С‚Р° РЅР°РІС‡Р°Р»СЊРЅРёР№ РґРѕСЃРІС–Рґ.', 900, 200, 1001, 1001), (1003, 'Р›СЏР»СЊРєР° Р СѓСЃР°Р»РѕС‡РєР°', 'lyalka-rusalochka', 'Р¦СЏ С–РіСЂР°С€РєР° РѕР±С”РґРЅСѓС” С–РЅРЅРѕРІР°С†С–Р№РЅРёР№ РґРёР·Р°Р№РЅ С‚Р° СЂРѕР·РІРёРІР°СЋС‡РёР№ С„СѓРЅРєС†С–РѕРЅР°Р», С‰Рѕ СЃРїСЂРёСЏС” СЂРѕР·РІРёС‚РєСѓ РЅР°РІРёС‡РѕРє Сѓ РґС–С‚РµР№. Р’РѕРЅР° СЃС‚РІРѕСЂСЋС” Р·Р°С…РѕРїР»СЋСЋС‡РёР№ СЃРІС–С‚ СѓСЏРІРё, СЂРѕР·РІРёРІР°СЋС‡Рё Р»РѕРіС–С‡РЅРµ РјРёСЃР»РµРЅРЅСЏ С‚Р° С‚РІРѕСЂС‡С–СЃС‚СЊ. Р†РіСЂР°С€РєР° Р±РµР·РїРµС‡РЅР°, РµРЅРµСЂРіРѕРµС„РµРєС‚РёРІРЅР° С– СЃРїСЂРёСЏС” СЂРѕР·РІРёС‚РєСѓ СЃРїРѕСЃС‚РµСЂРµР¶Р»РёРІРѕСЃС‚С–, СѓРІР°РіРё С‚Р° РІРёРЅР°С…С–РґР»РёРІРѕСЃС‚С– Сѓ РґС–С‚РµР№, Р·Р°Р±РµР·РїРµС‡СѓСЋС‡Рё РЅРµР·Р°Р±СѓС‚РЅС– РІСЂР°Р¶РµРЅРЅСЏ С‚Р° РЅР°РІС‡Р°Р»СЊРЅРёР№ РґРѕСЃРІС–Рґ.', 550, 0, 1000, 1002), (1004, 'РџСѓРїСЃРёРє РћРєСЃР°РЅРєР°', 'pupsik_oksanka', 'Р¦СЏ С–РіСЂР°С€РєР° РѕР±С”РґРЅСѓС” С–РЅРЅРѕРІР°С†С–Р№РЅРёР№ РґРёР·Р°Р№РЅ С‚Р° СЂРѕР·РІРёРІР°СЋС‡РёР№ С„СѓРЅРєС†С–РѕРЅР°Р», С‰Рѕ СЃРїСЂРёСЏС” СЂРѕР·РІРёС‚РєСѓ РЅР°РІРёС‡РѕРє Сѓ РґС–С‚РµР№. Р’РѕРЅР° СЃС‚РІРѕСЂСЋС” Р·Р°С…РѕРїР»СЋСЋС‡РёР№ СЃРІС–С‚ СѓСЏРІРё, СЂРѕР·РІРёРІР°СЋС‡Рё Р»РѕРіС–С‡РЅРµ РјРёСЃР»РµРЅРЅСЏ С‚Р° С‚РІРѕСЂС‡С–СЃС‚СЊ. Р†РіСЂР°С€РєР° Р±РµР·РїРµС‡РЅР°, РµРЅРµСЂРіРѕРµС„РµРєС‚РёРІРЅР° С– СЃРїСЂРёСЏС” СЂРѕР·РІРёС‚РєСѓ СЃРїРѕСЃС‚РµСЂРµР¶Р»РёРІРѕСЃС‚С–, СѓРІР°РіРё С‚Р° РІРёРЅР°С…С–РґР»РёРІРѕСЃС‚С– Сѓ РґС–С‚РµР№, Р·Р°Р±РµР·РїРµС‡СѓСЋС‡Рё РЅРµР·Р°Р±СѓС‚РЅС– РІСЂР°Р¶РµРЅРЅСЏ С‚Р° РЅР°РІС‡Р°Р»СЊРЅРёР№ РґРѕСЃРІС–Рґ.', 500, 150, 1000, 1003) [22001-220]

getFilteringProductCategories_RequestFilteringParams_ReturnsOkStatusAndFilteringProductCategoriesDto  Time elapsed: 0.002 s  <<< ERROR!
java.lang.IllegalStateException: Failed to load ApplicationContext for [WebMergedContextConfiguration@667f06bf testClass = com.kopchak.worldoftoys.integration.ShopControllerIntegrationTest, locations = [], classes = [com.kopchak.worldoftoys.WorldOfToysApplication], contextInitializerClasses = [], activeProfiles = ["integrationtest"], propertySourceLocations = [], propertySourceProperties = ["org.springframework.boot.test.context.SpringBootTestContextBootstrapper=true", "server.port=0"], contextCustomizers = [[ImportsContextCustomizer@37e26043 key = [org.springframework.boot.test.autoconfigure.web.servlet.MockMvcAutoConfiguration, org.springframework.boot.test.autoconfigure.web.servlet.MockMvcWebClientAutoConfiguration, org.springframework.boot.test.autoconfigure.web.servlet.MockMvcWebDriverAutoConfiguration, org.springframework.boot.autoconfigure.security.oauth2.client.servlet.OAuth2ClientAutoConfiguration, org.springframework.boot.autoconfigure.security.oauth2.resource.servlet.OAuth2ResourceServerAutoConfiguration, org.springframework.boot.autoconfigure.security.servlet.SecurityAutoConfiguration, org.springframework.boot.autoconfigure.security.servlet.SecurityFilterAutoConfiguration, org.springframework.boot.autoconfigure.security.servlet.UserDetailsServiceAutoConfiguration, org.springframework.boot.test.autoconfigure.web.servlet.MockMvcSecurityConfiguration, org.springframework.boot.test.autoconfigure.web.reactive.WebTestClientAutoConfiguration]], org.springframework.boot.test.context.filter.ExcludeFilterContextCustomizer@531f4093, org.springframework.boot.test.json.DuplicateJsonObjectContextCustomizerFactory$DuplicateJsonObjectContextCustomizer@460ebd80, org.springframework.boot.test.mock.mockito.MockitoContextCustomizer@0, org.springframework.boot.test.web.client.TestRestTemplateContextCustomizer@6d028c7e, org.springframework.boot.test.autoconfigure.actuate.observability.ObservabilityContextCustomizerFactory$DisableObservabilityContextCustomizer@9da1, org.springframework.boot.test.autoconfigure.properties.PropertyMappingContextCustomizer@4b3fa0b3, org.springframework.boot.test.autoconfigure.web.servlet.WebDriverContextCustomizerFactory$Customizer@49c6c24f, org.springframework.boot.test.context.SpringBootTestAnnotation@cf899952], resourceBasePath = "src/main/webapp", contextLoader = org.springframework.boot.test.context.SpringBootContextLoader, parent = null]
Caused by: org.springframework.beans.factory.BeanCreationException: Error creating bean with name 'dataSourceScriptDatabaseInitializer' defined in class path resource [org/springframework/boot/autoconfigure/sql/init/DataSourceInitializationConfiguration.class]: Failed to execute SQL script statement #7 of class path resource [data.sql]: INSERT INTO product(id, name, slug, description, price, available_quantity, origin_id, brand_id) VALUES (1001, 'Р›СЏР»СЊРєР° РљР»Р°Р№РјР±РµСЂ', 'lyalka-klaymber', 'Р¦СЏ С–РіСЂР°С€РєР° РѕР±С”РґРЅСѓС” С–РЅРЅРѕРІР°С†С–Р№РЅРёР№ РґРёР·Р°Р№РЅ С‚Р° СЂРѕР·РІРёРІР°СЋС‡РёР№ С„СѓРЅРєС†С–РѕРЅР°Р», С‰Рѕ СЃРїСЂРёСЏС” СЂРѕР·РІРёС‚РєСѓ РЅР°РІРёС‡РѕРє Сѓ РґС–С‚РµР№. Р’РѕРЅР° СЃС‚РІРѕСЂСЋС” Р·Р°С…РѕРїР»СЋСЋС‡РёР№ СЃРІС–С‚ СѓСЏРІРё, СЂРѕР·РІРёРІР°СЋС‡Рё Р»РѕРіС–С‡РЅРµ РјРёСЃР»РµРЅРЅСЏ С‚Р° С‚РІРѕСЂС‡С–СЃС‚СЊ. Р†РіСЂР°С€РєР° Р±РµР·РїРµС‡РЅР°, РµРЅРµСЂРіРѕРµС„РµРєС‚РёРІРЅР° С– СЃРїСЂРёСЏС” СЂРѕР·РІРёС‚РєСѓ СЃРїРѕСЃС‚РµСЂРµР¶Р»РёРІРѕСЃС‚С–, СѓРІР°РіРё С‚Р° РІРёРЅР°С…С–РґР»РёРІРѕСЃС‚С– Сѓ РґС–С‚РµР№, Р·Р°Р±РµР·РїРµС‡СѓСЋС‡Рё РЅРµР·Р°Р±СѓС‚РЅС– РІСЂР°Р¶РµРЅРЅСЏ С‚Р° РЅР°РІС‡Р°Р»СЊРЅРёР№ РґРѕСЃРІС–Рґ.', 850, 1, 1000, 1000), (1002, 'Р›СЏР»СЊРєР° Р”Р°СЂРёРЅРєР°', 'lyalka-darynka', 'Р¦СЏ С–РіСЂР°С€РєР° РѕР±С”РґРЅСѓС” С–РЅРЅРѕРІР°С†С–Р№РЅРёР№ РґРёР·Р°Р№РЅ С‚Р° СЂРѕР·РІРёРІР°СЋС‡РёР№ С„СѓРЅРєС†С–РѕРЅР°Р», С‰Рѕ СЃРїСЂРёСЏС” СЂРѕР·РІРёС‚РєСѓ РЅР°РІРёС‡РѕРє Сѓ РґС–С‚РµР№. Р’РѕРЅР° СЃС‚РІРѕСЂСЋС” Р·Р°С…РѕРїР»СЋСЋС‡РёР№ СЃРІС–С‚ СѓСЏРІРё, СЂРѕР·РІРёРІР°СЋС‡Рё Р»РѕРіС–С‡РЅРµ РјРёСЃР»РµРЅРЅСЏ С‚Р° С‚РІРѕСЂС‡С–СЃС‚СЊ. Р†РіСЂР°С€РєР° Р±РµР·РїРµС‡РЅР°, РµРЅРµСЂРіРѕРµС„РµРєС‚РёРІРЅР° С– СЃРїСЂРёСЏС” СЂРѕР·РІРёС‚РєСѓ СЃРїРѕСЃС‚РµСЂРµР¶Р»РёРІРѕСЃС‚С–, СѓРІР°РіРё С‚Р° РІРёРЅР°С…С–РґР»РёРІРѕСЃС‚С– Сѓ РґС–С‚РµР№, Р·Р°Р±РµР·РїРµС‡СѓСЋС‡Рё РЅРµР·Р°Р±СѓС‚РЅС– РІСЂР°Р¶РµРЅРЅСЏ С‚Р° РЅР°РІС‡Р°Р»СЊРЅРёР№ РґРѕСЃРІС–Рґ.', 900, 200, 1001, 1001), (1003, 'Р›СЏР»СЊРєР° Р СѓСЃР°Р»РѕС‡РєР°', 'lyalka-rusalochka', 'Р¦СЏ С–РіСЂР°С€РєР° РѕР±С”РґРЅСѓС” С–РЅРЅРѕРІР°С†С–Р№РЅРёР№ РґРёР·Р°Р№РЅ С‚Р° СЂРѕР·РІРёРІР°СЋС‡РёР№ С„СѓРЅРєС†С–РѕРЅР°Р», С‰Рѕ СЃРїСЂРёСЏС” СЂРѕР·РІРёС‚РєСѓ РЅР°РІРёС‡РѕРє Сѓ РґС–С‚РµР№. Р’РѕРЅР° СЃС‚РІРѕСЂСЋС” Р·Р°С…РѕРїР»СЋСЋС‡РёР№ СЃРІС–С‚ СѓСЏРІРё, СЂРѕР·РІРёРІР°СЋС‡Рё Р»РѕРіС–С‡РЅРµ РјРёСЃР»РµРЅРЅСЏ С‚Р° С‚РІРѕСЂС‡С–СЃС‚СЊ. Р†РіСЂР°С€РєР° Р±РµР·РїРµС‡РЅР°, РµРЅРµСЂРіРѕРµС„РµРєС‚РёРІРЅР° С– СЃРїСЂРёСЏС” СЂРѕР·РІРёС‚РєСѓ СЃРїРѕСЃС‚РµСЂРµР¶Р»РёРІРѕСЃС‚С–, СѓРІР°РіРё С‚Р° РІРёРЅР°С…С–РґР»РёРІРѕСЃС‚С– Сѓ РґС–С‚РµР№, Р·Р°Р±РµР·РїРµС‡СѓСЋС‡Рё РЅРµР·Р°Р±СѓС‚РЅС– РІСЂР°Р¶РµРЅРЅСЏ С‚Р° РЅР°РІС‡Р°Р»СЊРЅРёР№ РґРѕСЃРІС–Рґ.', 550, 0, 1000, 1002), (1004, 'РџСѓРїСЃРёРє РћРєСЃР°РЅРєР°', 'pupsik_oksanka', 'Р¦СЏ С–РіСЂР°С€РєР° РѕР±С”РґРЅСѓС” С–РЅРЅРѕРІР°С†С–Р№РЅРёР№ РґРёР·Р°Р№РЅ С‚Р° СЂРѕР·РІРёРІР°СЋС‡РёР№ С„СѓРЅРєС†С–РѕРЅР°Р», С‰Рѕ СЃРїСЂРёСЏС” СЂРѕР·РІРёС‚РєСѓ РЅР°РІРёС‡РѕРє Сѓ РґС–С‚РµР№. Р’РѕРЅР° СЃС‚РІРѕСЂСЋС” Р·Р°С…РѕРїР»СЋСЋС‡РёР№ СЃРІС–С‚ СѓСЏРІРё, СЂРѕР·РІРёРІР°СЋС‡Рё Р»РѕРіС–С‡РЅРµ РјРёСЃР»РµРЅРЅСЏ С‚Р° С‚РІРѕСЂС‡С–СЃС‚СЊ. Р†РіСЂР°С€РєР° Р±РµР·РїРµС‡РЅР°, РµРЅРµСЂРіРѕРµС„РµРєС‚РёРІРЅР° С– СЃРїСЂРёСЏС” СЂРѕР·РІРёС‚РєСѓ СЃРїРѕСЃС‚РµСЂРµР¶Р»РёРІРѕСЃС‚С–, СѓРІР°РіРё С‚Р° РІРёРЅР°С…С–РґР»РёРІРѕСЃС‚С– Сѓ РґС–С‚РµР№, Р·Р°Р±РµР·РїРµС‡СѓСЋС‡Рё РЅРµР·Р°Р±СѓС‚РЅС– РІСЂР°Р¶РµРЅРЅСЏ С‚Р° РЅР°РІС‡Р°Р»СЊРЅРёР№ РґРѕСЃРІС–Рґ.', 500, 150, 1000, 1003)
Caused by: org.springframework.jdbc.datasource.init.ScriptStatementFailedException: Failed to execute SQL script statement #7 of class path resource [data.sql]: INSERT INTO product(id, name, slug, description, price, available_quantity, origin_id, brand_id) VALUES (1001, 'Р›СЏР»СЊРєР° РљР»Р°Р№РјР±РµСЂ', 'lyalka-klaymber', 'Р¦СЏ С–РіСЂР°С€РєР° РѕР±С”РґРЅСѓС” С–РЅРЅРѕРІР°С†С–Р№РЅРёР№ РґРёР·Р°Р№РЅ С‚Р° СЂРѕР·РІРёРІР°СЋС‡РёР№ С„СѓРЅРєС†С–РѕРЅР°Р», С‰Рѕ СЃРїСЂРёСЏС” СЂРѕР·РІРёС‚РєСѓ РЅР°РІРёС‡РѕРє Сѓ РґС–С‚РµР№. Р’РѕРЅР° СЃС‚РІРѕСЂСЋС” Р·Р°С…РѕРїР»СЋСЋС‡РёР№ СЃРІС–С‚ СѓСЏРІРё, СЂРѕР·РІРёРІР°СЋС‡Рё Р»РѕРіС–С‡РЅРµ РјРёСЃР»РµРЅРЅСЏ С‚Р° С‚РІРѕСЂС‡С–СЃС‚СЊ. Р†РіСЂР°С€РєР° Р±РµР·РїРµС‡РЅР°, РµРЅРµСЂРіРѕРµС„РµРєС‚РёРІРЅР° С– СЃРїСЂРёСЏС” СЂРѕР·РІРёС‚РєСѓ СЃРїРѕСЃС‚РµСЂРµР¶Р»РёРІРѕСЃС‚С–, СѓРІР°РіРё С‚Р° РІРёРЅР°С…С–РґР»РёРІРѕСЃС‚С– Сѓ РґС–С‚РµР№, Р·Р°Р±РµР·РїРµС‡СѓСЋС‡Рё РЅРµР·Р°Р±СѓС‚РЅС– РІСЂР°Р¶РµРЅРЅСЏ С‚Р° РЅР°РІС‡Р°Р»СЊРЅРёР№ РґРѕСЃРІС–Рґ.', 850, 1, 1000, 1000), (1002, 'Р›СЏР»СЊРєР° Р”Р°СЂРёРЅРєР°', 'lyalka-darynka', 'Р¦СЏ С–РіСЂР°С€РєР° РѕР±С”РґРЅСѓС” С–РЅРЅРѕРІР°С†С–Р№РЅРёР№ РґРёР·Р°Р№РЅ С‚Р° СЂРѕР·РІРёРІР°СЋС‡РёР№ С„СѓРЅРєС†С–РѕРЅР°Р», С‰Рѕ СЃРїСЂРёСЏС” СЂРѕР·РІРёС‚РєСѓ РЅР°РІРёС‡РѕРє Сѓ РґС–С‚РµР№. Р’РѕРЅР° СЃС‚РІРѕСЂСЋС” Р·Р°С…РѕРїР»СЋСЋС‡РёР№ СЃРІС–С‚ СѓСЏРІРё, СЂРѕР·РІРёРІР°СЋС‡Рё Р»РѕРіС–С‡РЅРµ РјРёСЃР»РµРЅРЅСЏ С‚Р° С‚РІРѕСЂС‡С–СЃС‚СЊ. Р†РіСЂР°С€РєР° Р±РµР·РїРµС‡РЅР°, РµРЅРµСЂРіРѕРµС„РµРєС‚РёРІРЅР° С– СЃРїСЂРёСЏС” СЂРѕР·РІРёС‚РєСѓ СЃРїРѕСЃС‚РµСЂРµР¶Р»РёРІРѕСЃС‚С–, СѓРІР°РіРё С‚Р° РІРёРЅР°С…С–РґР»РёРІРѕСЃС‚С– Сѓ РґС–С‚РµР№, Р·Р°Р±РµР·РїРµС‡СѓСЋС‡Рё РЅРµР·Р°Р±СѓС‚РЅС– РІСЂР°Р¶РµРЅРЅСЏ С‚Р° РЅР°РІС‡Р°Р»СЊРЅРёР№ РґРѕСЃРІС–Рґ.', 900, 200, 1001, 1001), (1003, 'Р›СЏР»СЊРєР° Р СѓСЃР°Р»РѕС‡РєР°', 'lyalka-rusalochka', 'Р¦СЏ С–РіСЂР°С€РєР° РѕР±С”РґРЅСѓС” С–РЅРЅРѕРІР°С†С–Р№РЅРёР№ РґРёР·Р°Р№РЅ С‚Р° СЂРѕР·РІРёРІР°СЋС‡РёР№ С„СѓРЅРєС†С–РѕРЅР°Р», С‰Рѕ СЃРїСЂРёСЏС” СЂРѕР·РІРёС‚РєСѓ РЅР°РІРёС‡РѕРє Сѓ РґС–С‚РµР№. Р’РѕРЅР° СЃС‚РІРѕСЂСЋС” Р·Р°С…РѕРїР»СЋСЋС‡РёР№ СЃРІС–С‚ СѓСЏРІРё, СЂРѕР·РІРёРІР°СЋС‡Рё Р»РѕРіС–С‡РЅРµ РјРёСЃР»РµРЅРЅСЏ С‚Р° С‚РІРѕСЂС‡С–СЃС‚СЊ. Р†РіСЂР°С€РєР° Р±РµР·РїРµС‡РЅР°, РµРЅРµСЂРіРѕРµС„РµРєС‚РёРІРЅР° С– СЃРїСЂРёСЏС” СЂРѕР·РІРёС‚РєСѓ СЃРїРѕСЃС‚РµСЂРµР¶Р»РёРІРѕСЃС‚С–, СѓРІР°РіРё С‚Р° РІРёРЅР°С…С–РґР»РёРІРѕСЃС‚С– Сѓ РґС–С‚РµР№, Р·Р°Р±РµР·РїРµС‡СѓСЋС‡Рё РЅРµР·Р°Р±СѓС‚РЅС– РІСЂР°Р¶РµРЅРЅСЏ С‚Р° РЅР°РІС‡Р°Р»СЊРЅРёР№ РґРѕСЃРІС–Рґ.', 550, 0, 1000, 1002), (1004, 'РџСѓРїСЃРёРє РћРєСЃР°РЅРєР°', 'pupsik_oksanka', 'Р¦СЏ С–РіСЂР°С€РєР° РѕР±С”РґРЅСѓС” С–РЅРЅРѕРІР°С†С–Р№РЅРёР№ РґРёР·Р°Р№РЅ С‚Р° СЂРѕР·РІРёРІР°СЋС‡РёР№ С„СѓРЅРєС†С–РѕРЅР°Р», С‰Рѕ СЃРїСЂРёСЏС” СЂРѕР·РІРёС‚РєСѓ РЅР°РІРёС‡РѕРє Сѓ РґС–С‚РµР№. Р’РѕРЅР° СЃС‚РІРѕСЂСЋС” Р·Р°С…РѕРїР»СЋСЋС‡РёР№ СЃРІС–С‚ СѓСЏРІРё, СЂРѕР·РІРёРІР°СЋС‡Рё Р»РѕРіС–С‡РЅРµ РјРёСЃР»РµРЅРЅСЏ С‚Р° С‚РІРѕСЂС‡С–СЃС‚СЊ. Р†РіСЂР°С€РєР° Р±РµР·РїРµС‡РЅР°, РµРЅРµСЂРіРѕРµС„РµРєС‚РёРІРЅР° С– СЃРїСЂРёСЏС” СЂРѕР·РІРёС‚РєСѓ СЃРїРѕСЃС‚РµСЂРµР¶Р»РёРІРѕСЃС‚С–, СѓРІР°РіРё С‚Р° РІРёРЅР°С…С–РґР»РёРІРѕСЃС‚С– Сѓ РґС–С‚РµР№, Р·Р°Р±РµР·РїРµС‡СѓСЋС‡Рё РЅРµР·Р°Р±СѓС‚РЅС– РІСЂР°Р¶РµРЅРЅСЏ С‚Р° РЅР°РІС‡Р°Р»СЊРЅРёР№ РґРѕСЃРІС–Рґ.', 500, 150, 1000, 1003)
Caused by: org.h2.jdbc.JdbcSQLDataException: 
Value too long for column "DESCRIPTION CHARACTER VARYING(500)": "U&'\\0420\\00a6\\0421\\040f \\0421\\2013\\0420\\0456\\0421\\0402\\0420\\00b0\\0421\\20ac\\0420\\... (623)"; SQL statement:
INSERT INTO product(id, name, slug, description, price, available_quantity, origin_id, brand_id) VALUES (1001, 'Р›СЏР»СЊРєР° РљР»Р°Р№РјР±РµСЂ', 'lyalka-klaymber', 'Р¦СЏ С–РіСЂР°С€РєР° РѕР±С”РґРЅСѓС” С–РЅРЅРѕРІР°С†С–Р№РЅРёР№ РґРёР·Р°Р№РЅ С‚Р° СЂРѕР·РІРёРІР°СЋС‡РёР№ С„СѓРЅРєС†С–РѕРЅР°Р», С‰Рѕ СЃРїСЂРёСЏС” СЂРѕР·РІРёС‚РєСѓ РЅР°РІРёС‡РѕРє Сѓ РґС–С‚РµР№. Р’РѕРЅР° СЃС‚РІРѕСЂСЋС” Р·Р°С…РѕРїР»СЋСЋС‡РёР№ СЃРІС–С‚ СѓСЏРІРё, СЂРѕР·РІРёРІР°СЋС‡Рё Р»РѕРіС–С‡РЅРµ РјРёСЃР»РµРЅРЅСЏ С‚Р° С‚РІРѕСЂС‡С–СЃС‚СЊ. Р†РіСЂР°С€РєР° Р±РµР·РїРµС‡РЅР°, РµРЅРµСЂРіРѕРµС„РµРєС‚РёРІРЅР° С– СЃРїСЂРёСЏС” СЂРѕР·РІРёС‚РєСѓ СЃРїРѕСЃС‚РµСЂРµР¶Р»РёРІРѕСЃС‚С–, СѓРІР°РіРё С‚Р° РІРёРЅР°С…С–РґР»РёРІРѕСЃС‚С– Сѓ РґС–С‚РµР№, Р·Р°Р±РµР·РїРµС‡СѓСЋС‡Рё РЅРµР·Р°Р±СѓС‚РЅС– РІСЂР°Р¶РµРЅРЅСЏ С‚Р° РЅР°РІС‡Р°Р»СЊРЅРёР№ РґРѕСЃРІС–Рґ.', 850, 1, 1000, 1000), (1002, 'Р›СЏР»СЊРєР° Р”Р°СЂРёРЅРєР°', 'lyalka-darynka', 'Р¦СЏ С–РіСЂР°С€РєР° РѕР±С”РґРЅСѓС” С–РЅРЅРѕРІР°С†С–Р№РЅРёР№ РґРёР·Р°Р№РЅ С‚Р° СЂРѕР·РІРёРІР°СЋС‡РёР№ С„СѓРЅРєС†С–РѕРЅР°Р», С‰Рѕ СЃРїСЂРёСЏС” СЂРѕР·РІРёС‚РєСѓ РЅР°РІРёС‡РѕРє Сѓ РґС–С‚РµР№. Р’РѕРЅР° СЃС‚РІРѕСЂСЋС” Р·Р°С…РѕРїР»СЋСЋС‡РёР№ СЃРІС–С‚ СѓСЏРІРё, СЂРѕР·РІРёРІР°СЋС‡Рё Р»РѕРіС–С‡РЅРµ РјРёСЃР»РµРЅРЅСЏ С‚Р° С‚РІРѕСЂС‡С–СЃС‚СЊ. Р†РіСЂР°С€РєР° Р±РµР·РїРµС‡РЅР°, РµРЅРµСЂРіРѕРµС„РµРєС‚РёРІРЅР° С– СЃРїСЂРёСЏС” СЂРѕР·РІРёС‚РєСѓ СЃРїРѕСЃС‚РµСЂРµР¶Р»РёРІРѕСЃС‚С–, СѓРІР°РіРё С‚Р° РІРёРЅР°С…С–РґР»РёРІРѕСЃС‚С– Сѓ РґС–С‚РµР№, Р·Р°Р±РµР·РїРµС‡СѓСЋС‡Рё РЅРµР·Р°Р±СѓС‚РЅС– РІСЂР°Р¶РµРЅРЅСЏ С‚Р° РЅР°РІС‡Р°Р»СЊРЅРёР№ РґРѕСЃРІС–Рґ.', 900, 200, 1001, 1001), (1003, 'Р›СЏР»СЊРєР° Р СѓСЃР°Р»РѕС‡РєР°', 'lyalka-rusalochka', 'Р¦СЏ С–РіСЂР°С€РєР° РѕР±С”РґРЅСѓС” С–РЅРЅРѕРІР°С†С–Р№РЅРёР№ РґРёР·Р°Р№РЅ С‚Р° СЂРѕР·РІРёРІР°СЋС‡РёР№ С„СѓРЅРєС†С–РѕРЅР°Р», С‰Рѕ СЃРїСЂРёСЏС” СЂРѕР·РІРёС‚РєСѓ РЅР°РІРёС‡РѕРє Сѓ РґС–С‚РµР№. Р’РѕРЅР° СЃС‚РІРѕСЂСЋС” Р·Р°С…РѕРїР»СЋСЋС‡РёР№ СЃРІС–С‚ СѓСЏРІРё, СЂРѕР·РІРёРІР°СЋС‡Рё Р»РѕРіС–С‡РЅРµ РјРёСЃР»РµРЅРЅСЏ С‚Р° С‚РІРѕСЂС‡С–СЃС‚СЊ. Р†РіСЂР°С€РєР° Р±РµР·РїРµС‡РЅР°, РµРЅРµСЂРіРѕРµС„РµРєС‚РёРІРЅР° С– СЃРїСЂРёСЏС” СЂРѕР·РІРёС‚РєСѓ СЃРїРѕСЃС‚РµСЂРµР¶Р»РёРІРѕСЃС‚С–, СѓРІР°РіРё С‚Р° РІРёРЅР°С…С–РґР»РёРІРѕСЃС‚С– Сѓ РґС–С‚РµР№, Р·Р°Р±РµР·РїРµС‡СѓСЋС‡Рё РЅРµР·Р°Р±СѓС‚РЅС– РІСЂР°Р¶РµРЅРЅСЏ С‚Р° РЅР°РІС‡Р°Р»СЊРЅРёР№ РґРѕСЃРІС–Рґ.', 550, 0, 1000, 1002), (1004, 'РџСѓРїСЃРёРє РћРєСЃР°РЅРєР°', 'pupsik_oksanka', 'Р¦СЏ С–РіСЂР°С€РєР° РѕР±С”РґРЅСѓС” С–РЅРЅРѕРІР°С†С–Р№РЅРёР№ РґРёР·Р°Р№РЅ С‚Р° СЂРѕР·РІРёРІР°СЋС‡РёР№ С„СѓРЅРєС†С–РѕРЅР°Р», С‰Рѕ СЃРїСЂРёСЏС” СЂРѕР·РІРёС‚РєСѓ РЅР°РІРёС‡РѕРє Сѓ РґС–С‚РµР№. Р’РѕРЅР° СЃС‚РІРѕСЂСЋС” Р·Р°С…РѕРїР»СЋСЋС‡РёР№ СЃРІС–С‚ СѓСЏРІРё, СЂРѕР·РІРёРІР°СЋС‡Рё Р»РѕРіС–С‡РЅРµ РјРёСЃР»РµРЅРЅСЏ С‚Р° С‚РІРѕСЂС‡С–СЃС‚СЊ. Р†РіСЂР°С€РєР° Р±РµР·РїРµС‡РЅР°, РµРЅРµСЂРіРѕРµС„РµРєС‚РёРІРЅР° С– СЃРїСЂРёСЏС” СЂРѕР·РІРёС‚РєСѓ СЃРїРѕСЃС‚РµСЂРµР¶Р»РёРІРѕСЃС‚С–, СѓРІР°РіРё С‚Р° РІРёРЅР°С…С–РґР»РёРІРѕСЃС‚С– Сѓ РґС–С‚РµР№, Р·Р°Р±РµР·РїРµС‡СѓСЋС‡Рё РЅРµР·Р°Р±СѓС‚РЅС– РІСЂР°Р¶РµРЅРЅСЏ С‚Р° РЅР°РІС‡Р°Р»СЊРЅРёР№ РґРѕСЃРІС–Рґ.', 500, 150, 1000, 1003) [22001-220]

getProductBySlug_ExistentProductSlug_ReturnsOkStatusAndProductDto  Time elapsed: 0.002 s  <<< ERROR!
java.lang.IllegalStateException: Failed to load ApplicationContext for [WebMergedContextConfiguration@667f06bf testClass = com.kopchak.worldoftoys.integration.ShopControllerIntegrationTest, locations = [], classes = [com.kopchak.worldoftoys.WorldOfToysApplication], contextInitializerClasses = [], activeProfiles = ["integrationtest"], propertySourceLocations = [], propertySourceProperties = ["org.springframework.boot.test.context.SpringBootTestContextBootstrapper=true", "server.port=0"], contextCustomizers = [[ImportsContextCustomizer@37e26043 key = [org.springframework.boot.test.autoconfigure.web.servlet.MockMvcAutoConfiguration, org.springframework.boot.test.autoconfigure.web.servlet.MockMvcWebClientAutoConfiguration, org.springframework.boot.test.autoconfigure.web.servlet.MockMvcWebDriverAutoConfiguration, org.springframework.boot.autoconfigure.security.oauth2.client.servlet.OAuth2ClientAutoConfiguration, org.springframework.boot.autoconfigure.security.oauth2.resource.servlet.OAuth2ResourceServerAutoConfiguration, org.springframework.boot.autoconfigure.security.servlet.SecurityAutoConfiguration, org.springframework.boot.autoconfigure.security.servlet.SecurityFilterAutoConfiguration, org.springframework.boot.autoconfigure.security.servlet.UserDetailsServiceAutoConfiguration, org.springframework.boot.test.autoconfigure.web.servlet.MockMvcSecurityConfiguration, org.springframework.boot.test.autoconfigure.web.reactive.WebTestClientAutoConfiguration]], org.springframework.boot.test.context.filter.ExcludeFilterContextCustomizer@531f4093, org.springframework.boot.test.json.DuplicateJsonObjectContextCustomizerFactory$DuplicateJsonObjectContextCustomizer@460ebd80, org.springframework.boot.test.mock.mockito.MockitoContextCustomizer@0, org.springframework.boot.test.web.client.TestRestTemplateContextCustomizer@6d028c7e, org.springframework.boot.test.autoconfigure.actuate.observability.ObservabilityContextCustomizerFactory$DisableObservabilityContextCustomizer@9da1, org.springframework.boot.test.autoconfigure.properties.PropertyMappingContextCustomizer@4b3fa0b3, org.springframework.boot.test.autoconfigure.web.servlet.WebDriverContextCustomizerFactory$Customizer@49c6c24f, org.springframework.boot.test.context.SpringBootTestAnnotation@cf899952], resourceBasePath = "src/main/webapp", contextLoader = org.springframework.boot.test.context.SpringBootContextLoader, parent = null]
Caused by: org.springframework.beans.factory.BeanCreationException: Error creating bean with name 'dataSourceScriptDatabaseInitializer' defined in class path resource [org/springframework/boot/autoconfigure/sql/init/DataSourceInitializationConfiguration.class]: Failed to execute SQL script statement #7 of class path resource [data.sql]: INSERT INTO product(id, name, slug, description, price, available_quantity, origin_id, brand_id) VALUES (1001, 'Р›СЏР»СЊРєР° РљР»Р°Р№РјР±РµСЂ', 'lyalka-klaymber', 'Р¦СЏ С–РіСЂР°С€РєР° РѕР±С”РґРЅСѓС” С–РЅРЅРѕРІР°С†С–Р№РЅРёР№ РґРёР·Р°Р№РЅ С‚Р° СЂРѕР·РІРёРІР°СЋС‡РёР№ С„СѓРЅРєС†С–РѕРЅР°Р», С‰Рѕ СЃРїСЂРёСЏС” СЂРѕР·РІРёС‚РєСѓ РЅР°РІРёС‡РѕРє Сѓ РґС–С‚РµР№. Р’РѕРЅР° СЃС‚РІРѕСЂСЋС” Р·Р°С…РѕРїР»СЋСЋС‡РёР№ СЃРІС–С‚ СѓСЏРІРё, СЂРѕР·РІРёРІР°СЋС‡Рё Р»РѕРіС–С‡РЅРµ РјРёСЃР»РµРЅРЅСЏ С‚Р° С‚РІРѕСЂС‡С–СЃС‚СЊ. Р†РіСЂР°С€РєР° Р±РµР·РїРµС‡РЅР°, РµРЅРµСЂРіРѕРµС„РµРєС‚РёРІРЅР° С– СЃРїСЂРёСЏС” СЂРѕР·РІРёС‚РєСѓ СЃРїРѕСЃС‚РµСЂРµР¶Р»РёРІРѕСЃС‚С–, СѓРІР°РіРё С‚Р° РІРёРЅР°С…С–РґР»РёРІРѕСЃС‚С– Сѓ РґС–С‚РµР№, Р·Р°Р±РµР·РїРµС‡СѓСЋС‡Рё РЅРµР·Р°Р±СѓС‚РЅС– РІСЂР°Р¶РµРЅРЅСЏ С‚Р° РЅР°РІС‡Р°Р»СЊРЅРёР№ РґРѕСЃРІС–Рґ.', 850, 1, 1000, 1000), (1002, 'Р›СЏР»СЊРєР° Р”Р°СЂРёРЅРєР°', 'lyalka-darynka', 'Р¦СЏ С–РіСЂР°С€РєР° РѕР±С”РґРЅСѓС” С–РЅРЅРѕРІР°С†С–Р№РЅРёР№ РґРёР·Р°Р№РЅ С‚Р° СЂРѕР·РІРёРІР°СЋС‡РёР№ С„СѓРЅРєС†С–РѕРЅР°Р», С‰Рѕ СЃРїСЂРёСЏС” СЂРѕР·РІРёС‚РєСѓ РЅР°РІРёС‡РѕРє Сѓ РґС–С‚РµР№. Р’РѕРЅР° СЃС‚РІРѕСЂСЋС” Р·Р°С…РѕРїР»СЋСЋС‡РёР№ СЃРІС–С‚ СѓСЏРІРё, СЂРѕР·РІРёРІР°СЋС‡Рё Р»РѕРіС–С‡РЅРµ РјРёСЃР»РµРЅРЅСЏ С‚Р° С‚РІРѕСЂС‡С–СЃС‚СЊ. Р†РіСЂР°С€РєР° Р±РµР·РїРµС‡РЅР°, РµРЅРµСЂРіРѕРµС„РµРєС‚РёРІРЅР° С– СЃРїСЂРёСЏС” СЂРѕР·РІРёС‚РєСѓ СЃРїРѕСЃС‚РµСЂРµР¶Р»РёРІРѕСЃС‚С–, СѓРІР°РіРё С‚Р° РІРёРЅР°С…С–РґР»РёРІРѕСЃС‚С– Сѓ РґС–С‚РµР№, Р·Р°Р±РµР·РїРµС‡СѓСЋС‡Рё РЅРµР·Р°Р±СѓС‚РЅС– РІСЂР°Р¶РµРЅРЅСЏ С‚Р° РЅР°РІС‡Р°Р»СЊРЅРёР№ РґРѕСЃРІС–Рґ.', 900, 200, 1001, 1001), (1003, 'Р›СЏР»СЊРєР° Р СѓСЃР°Р»РѕС‡РєР°', 'lyalka-rusalochka', 'Р¦СЏ С–РіСЂР°С€РєР° РѕР±С”РґРЅСѓС” С–РЅРЅРѕРІР°С†С–Р№РЅРёР№ РґРёР·Р°Р№РЅ С‚Р° СЂРѕР·РІРёРІР°СЋС‡РёР№ С„СѓРЅРєС†С–РѕРЅР°Р», С‰Рѕ СЃРїСЂРёСЏС” СЂРѕР·РІРёС‚РєСѓ РЅР°РІРёС‡РѕРє Сѓ РґС–С‚РµР№. Р’РѕРЅР° СЃС‚РІРѕСЂСЋС” Р·Р°С…РѕРїР»СЋСЋС‡РёР№ СЃРІС–С‚ СѓСЏРІРё, СЂРѕР·РІРёРІР°СЋС‡Рё Р»РѕРіС–С‡РЅРµ РјРёСЃР»РµРЅРЅСЏ С‚Р° С‚РІРѕСЂС‡С–СЃС‚СЊ. Р†РіСЂР°С€РєР° Р±РµР·РїРµС‡РЅР°, РµРЅРµСЂРіРѕРµС„РµРєС‚РёРІРЅР° С– СЃРїСЂРёСЏС” СЂРѕР·РІРёС‚РєСѓ СЃРїРѕСЃС‚РµСЂРµР¶Р»РёРІРѕСЃС‚С–, СѓРІР°РіРё С‚Р° РІРёРЅР°С…С–РґР»РёРІРѕСЃС‚С– Сѓ РґС–С‚РµР№, Р·Р°Р±РµР·РїРµС‡СѓСЋС‡Рё РЅРµР·Р°Р±СѓС‚РЅС– РІСЂР°Р¶РµРЅРЅСЏ С‚Р° РЅР°РІС‡Р°Р»СЊРЅРёР№ РґРѕСЃРІС–Рґ.', 550, 0, 1000, 1002), (1004, 'РџСѓРїСЃРёРє РћРєСЃР°РЅРєР°', 'pupsik_oksanka', 'Р¦СЏ С–РіСЂР°С€РєР° РѕР±С”РґРЅСѓС” С–РЅРЅРѕРІР°С†С–Р№РЅРёР№ РґРёР·Р°Р№РЅ С‚Р° СЂРѕР·РІРёРІР°СЋС‡РёР№ С„СѓРЅРєС†С–РѕРЅР°Р», С‰Рѕ СЃРїСЂРёСЏС” СЂРѕР·РІРёС‚РєСѓ РЅР°РІРёС‡РѕРє Сѓ РґС–С‚РµР№. Р’РѕРЅР° СЃС‚РІРѕСЂСЋС” Р·Р°С…РѕРїР»СЋСЋС‡РёР№ СЃРІС–С‚ СѓСЏРІРё, СЂРѕР·РІРёРІР°СЋС‡Рё Р»РѕРіС–С‡РЅРµ РјРёСЃР»РµРЅРЅСЏ С‚Р° С‚РІРѕСЂС‡С–СЃС‚СЊ. Р†РіСЂР°С€РєР° Р±РµР·РїРµС‡РЅР°, РµРЅРµСЂРіРѕРµС„РµРєС‚РёРІРЅР° С– СЃРїСЂРёСЏС” СЂРѕР·РІРёС‚РєСѓ СЃРїРѕСЃС‚РµСЂРµР¶Р»РёРІРѕСЃС‚С–, СѓРІР°РіРё С‚Р° РІРёРЅР°С…С–РґР»РёРІРѕСЃС‚С– Сѓ РґС–С‚РµР№, Р·Р°Р±РµР·РїРµС‡СѓСЋС‡Рё РЅРµР·Р°Р±СѓС‚РЅС– РІСЂР°Р¶РµРЅРЅСЏ С‚Р° РЅР°РІС‡Р°Р»СЊРЅРёР№ РґРѕСЃРІС–Рґ.', 500, 150, 1000, 1003)
Caused by: org.springframework.jdbc.datasource.init.ScriptStatementFailedException: Failed to execute SQL script statement #7 of class path resource [data.sql]: INSERT INTO product(id, name, slug, description, price, available_quantity, origin_id, brand_id) VALUES (1001, 'Р›СЏР»СЊРєР° РљР»Р°Р№РјР±РµСЂ', 'lyalka-klaymber', 'Р¦СЏ С–РіСЂР°С€РєР° РѕР±С”РґРЅСѓС” С–РЅРЅРѕРІР°С†С–Р№РЅРёР№ РґРёР·Р°Р№РЅ С‚Р° СЂРѕР·РІРёРІР°СЋС‡РёР№ С„СѓРЅРєС†С–РѕРЅР°Р», С‰Рѕ СЃРїСЂРёСЏС” СЂРѕР·РІРёС‚РєСѓ РЅР°РІРёС‡РѕРє Сѓ РґС–С‚РµР№. Р’РѕРЅР° СЃС‚РІРѕСЂСЋС” Р·Р°С…РѕРїР»СЋСЋС‡РёР№ СЃРІС–С‚ СѓСЏРІРё, СЂРѕР·РІРёРІР°СЋС‡Рё Р»РѕРіС–С‡РЅРµ РјРёСЃР»РµРЅРЅСЏ С‚Р° С‚РІРѕСЂС‡С–СЃС‚СЊ. Р†РіСЂР°С€РєР° Р±РµР·РїРµС‡РЅР°, РµРЅРµСЂРіРѕРµС„РµРєС‚РёРІРЅР° С– СЃРїСЂРёСЏС” СЂРѕР·РІРёС‚РєСѓ СЃРїРѕСЃС‚РµСЂРµР¶Р»РёРІРѕСЃС‚С–, СѓРІР°РіРё С‚Р° РІРёРЅР°С…С–РґР»РёРІРѕСЃС‚С– Сѓ РґС–С‚РµР№, Р·Р°Р±РµР·РїРµС‡СѓСЋС‡Рё РЅРµР·Р°Р±СѓС‚РЅС– РІСЂР°Р¶РµРЅРЅСЏ С‚Р° РЅР°РІС‡Р°Р»СЊРЅРёР№ РґРѕСЃРІС–Рґ.', 850, 1, 1000, 1000), (1002, 'Р›СЏР»СЊРєР° Р”Р°СЂРёРЅРєР°', 'lyalka-darynka', 'Р¦СЏ С–РіСЂР°С€РєР° РѕР±С”РґРЅСѓС” С–РЅРЅРѕРІР°С†С–Р№РЅРёР№ РґРёР·Р°Р№РЅ С‚Р° СЂРѕР·РІРёРІР°СЋС‡РёР№ С„СѓРЅРєС†С–РѕРЅР°Р», С‰Рѕ СЃРїСЂРёСЏС” СЂРѕР·РІРёС‚РєСѓ РЅР°РІРёС‡РѕРє Сѓ РґС–С‚РµР№. Р’РѕРЅР° СЃС‚РІРѕСЂСЋС” Р·Р°С…РѕРїР»СЋСЋС‡РёР№ СЃРІС–С‚ СѓСЏРІРё, СЂРѕР·РІРёРІР°СЋС‡Рё Р»РѕРіС–С‡РЅРµ РјРёСЃР»РµРЅРЅСЏ С‚Р° С‚РІРѕСЂС‡С–СЃС‚СЊ. Р†РіСЂР°С€РєР° Р±РµР·РїРµС‡РЅР°, РµРЅРµСЂРіРѕРµС„РµРєС‚РёРІРЅР° С– СЃРїСЂРёСЏС” СЂРѕР·РІРёС‚РєСѓ СЃРїРѕСЃС‚РµСЂРµР¶Р»РёРІРѕСЃС‚С–, СѓРІР°РіРё С‚Р° РІРёРЅР°С…С–РґР»РёРІРѕСЃС‚С– Сѓ РґС–С‚РµР№, Р·Р°Р±РµР·РїРµС‡СѓСЋС‡Рё РЅРµР·Р°Р±СѓС‚РЅС– РІСЂР°Р¶РµРЅРЅСЏ С‚Р° РЅР°РІС‡Р°Р»СЊРЅРёР№ РґРѕСЃРІС–Рґ.', 900, 200, 1001, 1001), (1003, 'Р›СЏР»СЊРєР° Р СѓСЃР°Р»РѕС‡РєР°', 'lyalka-rusalochka', 'Р¦СЏ С–РіСЂР°С€РєР° РѕР±С”РґРЅСѓС” С–РЅРЅРѕРІР°С†С–Р№РЅРёР№ РґРёР·Р°Р№РЅ С‚Р° СЂРѕР·РІРёРІР°СЋС‡РёР№ С„СѓРЅРєС†С–РѕРЅР°Р», С‰Рѕ СЃРїСЂРёСЏС” СЂРѕР·РІРёС‚РєСѓ РЅР°РІРёС‡РѕРє Сѓ РґС–С‚РµР№. Р’РѕРЅР° СЃС‚РІРѕСЂСЋС” Р·Р°С…РѕРїР»СЋСЋС‡РёР№ СЃРІС–С‚ СѓСЏРІРё, СЂРѕР·РІРёРІР°СЋС‡Рё Р»РѕРіС–С‡РЅРµ РјРёСЃР»РµРЅРЅСЏ С‚Р° С‚РІРѕСЂС‡С–СЃС‚СЊ. Р†РіСЂР°С€РєР° Р±РµР·РїРµС‡РЅР°, РµРЅРµСЂРіРѕРµС„РµРєС‚РёРІРЅР° С– СЃРїСЂРёСЏС” СЂРѕР·РІРёС‚РєСѓ СЃРїРѕСЃС‚РµСЂРµР¶Р»РёРІРѕСЃС‚С–, СѓРІР°РіРё С‚Р° РІРёРЅР°С…С–РґР»РёРІРѕСЃС‚С– Сѓ РґС–С‚РµР№, Р·Р°Р±РµР·РїРµС‡СѓСЋС‡Рё РЅРµР·Р°Р±СѓС‚РЅС– РІСЂР°Р¶РµРЅРЅСЏ С‚Р° РЅР°РІС‡Р°Р»СЊРЅРёР№ РґРѕСЃРІС–Рґ.', 550, 0, 1000, 1002), (1004, 'РџСѓРїСЃРёРє РћРєСЃР°РЅРєР°', 'pupsik_oksanka', 'Р¦СЏ С–РіСЂР°С€РєР° РѕР±С”РґРЅСѓС” С–РЅРЅРѕРІР°С†С–Р№РЅРёР№ РґРёР·Р°Р№РЅ С‚Р° СЂРѕР·РІРёРІР°СЋС‡РёР№ С„СѓРЅРєС†С–РѕРЅР°Р», С‰Рѕ СЃРїСЂРёСЏС” СЂРѕР·РІРёС‚РєСѓ РЅР°РІРёС‡РѕРє Сѓ РґС–С‚РµР№. Р’РѕРЅР° СЃС‚РІРѕСЂСЋС” Р·Р°С…РѕРїР»СЋСЋС‡РёР№ СЃРІС–С‚ СѓСЏРІРё, СЂРѕР·РІРёРІР°СЋС‡Рё Р»РѕРіС–С‡РЅРµ РјРёСЃР»РµРЅРЅСЏ С‚Р° С‚РІРѕСЂС‡С–СЃС‚СЊ. Р†РіСЂР°С€РєР° Р±РµР·РїРµС‡РЅР°, РµРЅРµСЂРіРѕРµС„РµРєС‚РёРІРЅР° С– СЃРїСЂРёСЏС” СЂРѕР·РІРёС‚РєСѓ СЃРїРѕСЃС‚РµСЂРµР¶Р»РёРІРѕСЃС‚С–, СѓРІР°РіРё С‚Р° РІРёРЅР°С…С–РґР»РёРІРѕСЃС‚С– Сѓ РґС–С‚РµР№, Р·Р°Р±РµР·РїРµС‡СѓСЋС‡Рё РЅРµР·Р°Р±СѓС‚РЅС– РІСЂР°Р¶РµРЅРЅСЏ С‚Р° РЅР°РІС‡Р°Р»СЊРЅРёР№ РґРѕСЃРІС–Рґ.', 500, 150, 1000, 1003)
Caused by: org.h2.jdbc.JdbcSQLDataException: 
Value too long for column "DESCRIPTION CHARACTER VARYING(500)": "U&'\\0420\\00a6\\0421\\040f \\0421\\2013\\0420\\0456\\0421\\0402\\0420\\00b0\\0421\\20ac\\0420\\... (623)"; SQL statement:
INSERT INTO product(id, name, slug, description, price, available_quantity, origin_id, brand_id) VALUES (1001, 'Р›СЏР»СЊРєР° РљР»Р°Р№РјР±РµСЂ', 'lyalka-klaymber', 'Р¦СЏ С–РіСЂР°С€РєР° РѕР±С”РґРЅСѓС” С–РЅРЅРѕРІР°С†С–Р№РЅРёР№ РґРёР·Р°Р№РЅ С‚Р° СЂРѕР·РІРёРІР°СЋС‡РёР№ С„СѓРЅРєС†С–РѕРЅР°Р», С‰Рѕ СЃРїСЂРёСЏС” СЂРѕР·РІРёС‚РєСѓ РЅР°РІРёС‡РѕРє Сѓ РґС–С‚РµР№. Р’РѕРЅР° СЃС‚РІРѕСЂСЋС” Р·Р°С…РѕРїР»СЋСЋС‡РёР№ СЃРІС–С‚ СѓСЏРІРё, СЂРѕР·РІРёРІР°СЋС‡Рё Р»РѕРіС–С‡РЅРµ РјРёСЃР»РµРЅРЅСЏ С‚Р° С‚РІРѕСЂС‡С–СЃС‚СЊ. Р†РіСЂР°С€РєР° Р±РµР·РїРµС‡РЅР°, РµРЅРµСЂРіРѕРµС„РµРєС‚РёРІРЅР° С– СЃРїСЂРёСЏС” СЂРѕР·РІРёС‚РєСѓ СЃРїРѕСЃС‚РµСЂРµР¶Р»РёРІРѕСЃС‚С–, СѓРІР°РіРё С‚Р° РІРёРЅР°С…С–РґР»РёРІРѕСЃС‚С– Сѓ РґС–С‚РµР№, Р·Р°Р±РµР·РїРµС‡СѓСЋС‡Рё РЅРµР·Р°Р±СѓС‚РЅС– РІСЂР°Р¶РµРЅРЅСЏ С‚Р° РЅР°РІС‡Р°Р»СЊРЅРёР№ РґРѕСЃРІС–Рґ.', 850, 1, 1000, 1000), (1002, 'Р›СЏР»СЊРєР° Р”Р°СЂРёРЅРєР°', 'lyalka-darynka', 'Р¦СЏ С–РіСЂР°С€РєР° РѕР±С”РґРЅСѓС” С–РЅРЅРѕРІР°С†С–Р№РЅРёР№ РґРёР·Р°Р№РЅ С‚Р° СЂРѕР·РІРёРІР°СЋС‡РёР№ С„СѓРЅРєС†С–РѕРЅР°Р», С‰Рѕ СЃРїСЂРёСЏС” СЂРѕР·РІРёС‚РєСѓ РЅР°РІРёС‡РѕРє Сѓ РґС–С‚РµР№. Р’РѕРЅР° СЃС‚РІРѕСЂСЋС” Р·Р°С…РѕРїР»СЋСЋС‡РёР№ СЃРІС–С‚ СѓСЏРІРё, СЂРѕР·РІРёРІР°СЋС‡Рё Р»РѕРіС–С‡РЅРµ РјРёСЃР»РµРЅРЅСЏ С‚Р° С‚РІРѕСЂС‡С–СЃС‚СЊ. Р†РіСЂР°С€РєР° Р±РµР·РїРµС‡РЅР°, РµРЅРµСЂРіРѕРµС„РµРєС‚РёРІРЅР° С– СЃРїСЂРёСЏС” СЂРѕР·РІРёС‚РєСѓ СЃРїРѕСЃС‚РµСЂРµР¶Р»РёРІРѕСЃС‚С–, СѓРІР°РіРё С‚Р° РІРёРЅР°С…С–РґР»РёРІРѕСЃС‚С– Сѓ РґС–С‚РµР№, Р·Р°Р±РµР·РїРµС‡СѓСЋС‡Рё РЅРµР·Р°Р±СѓС‚РЅС– РІСЂР°Р¶РµРЅРЅСЏ С‚Р° РЅР°РІС‡Р°Р»СЊРЅРёР№ РґРѕСЃРІС–Рґ.', 900, 200, 1001, 1001), (1003, 'Р›СЏР»СЊРєР° Р СѓСЃР°Р»РѕС‡РєР°', 'lyalka-rusalochka', 'Р¦СЏ С–РіСЂР°С€РєР° РѕР±С”РґРЅСѓС” С–РЅРЅРѕРІР°С†С–Р№РЅРёР№ РґРёР·Р°Р№РЅ С‚Р° СЂРѕР·РІРёРІР°СЋС‡РёР№ С„СѓРЅРєС†С–РѕРЅР°Р», С‰Рѕ СЃРїСЂРёСЏС” СЂРѕР·РІРёС‚РєСѓ РЅР°РІРёС‡РѕРє Сѓ РґС–С‚РµР№. Р’РѕРЅР° СЃС‚РІРѕСЂСЋС” Р·Р°С…РѕРїР»СЋСЋС‡РёР№ СЃРІС–С‚ СѓСЏРІРё, СЂРѕР·РІРёРІР°СЋС‡Рё Р»РѕРіС–С‡РЅРµ РјРёСЃР»РµРЅРЅСЏ С‚Р° С‚РІРѕСЂС‡С–СЃС‚СЊ. Р†РіСЂР°С€РєР° Р±РµР·РїРµС‡РЅР°, РµРЅРµСЂРіРѕРµС„РµРєС‚РёРІРЅР° С– СЃРїСЂРёСЏС” СЂРѕР·РІРёС‚РєСѓ СЃРїРѕСЃС‚РµСЂРµР¶Р»РёРІРѕСЃС‚С–, СѓРІР°РіРё С‚Р° РІРёРЅР°С…С–РґР»РёРІРѕСЃС‚С– Сѓ РґС–С‚РµР№, Р·Р°Р±РµР·РїРµС‡СѓСЋС‡Рё РЅРµР·Р°Р±СѓС‚РЅС– РІСЂР°Р¶РµРЅРЅСЏ С‚Р° РЅР°РІС‡Р°Р»СЊРЅРёР№ РґРѕСЃРІС–Рґ.', 550, 0, 1000, 1002), (1004, 'РџСѓРїСЃРёРє РћРєСЃР°РЅРєР°', 'pupsik_oksanka', 'Р¦СЏ С–РіСЂР°С€РєР° РѕР±С”РґРЅСѓС” С–РЅРЅРѕРІР°С†С–Р№РЅРёР№ РґРёР·Р°Р№РЅ С‚Р° СЂРѕР·РІРёРІР°СЋС‡РёР№ С„СѓРЅРєС†С–РѕРЅР°Р», С‰Рѕ СЃРїСЂРёСЏС” СЂРѕР·РІРёС‚РєСѓ РЅР°РІРёС‡РѕРє Сѓ РґС–С‚РµР№. Р’РѕРЅР° СЃС‚РІРѕСЂСЋС” Р·Р°С…РѕРїР»СЋСЋС‡РёР№ СЃРІС–С‚ СѓСЏРІРё, СЂРѕР·РІРёРІР°СЋС‡Рё Р»РѕРіС–С‡РЅРµ РјРёСЃР»РµРЅРЅСЏ С‚Р° С‚РІРѕСЂС‡С–СЃС‚СЊ. Р†РіСЂР°С€РєР° Р±РµР·РїРµС‡РЅР°, РµРЅРµСЂРіРѕРµС„РµРєС‚РёРІРЅР° С– СЃРїСЂРёСЏС” СЂРѕР·РІРёС‚РєСѓ СЃРїРѕСЃС‚РµСЂРµР¶Р»РёРІРѕСЃС‚С–, СѓРІР°РіРё С‚Р° РІРёРЅР°С…С–РґР»РёРІРѕСЃС‚С– Сѓ РґС–С‚РµР№, Р·Р°Р±РµР·РїРµС‡СѓСЋС‡Рё РЅРµР·Р°Р±СѓС‚РЅС– РІСЂР°Р¶РµРЅРЅСЏ С‚Р° РЅР°РІС‡Р°Р»СЊРЅРёР№ РґРѕСЃРІС–Рґ.', 500, 150, 1000, 1003) [22001-220]

