<?xml version="1.0" encoding="UTF-8"?>
<testsuite xmlns:xsi="http://www.w3.org/2001/XMLSchema-instance" xsi:noNamespaceSchemaLocation="https://maven.apache.org/surefire/maven-surefire-plugin/xsd/surefire-test-report.xsd" name="com.kopchak.worldoftoys.repository.user.UserRepositoryTest" time="1.868" tests="2" errors="2" skipped="0" failures="0">
  <properties>
[...]
</properties>
  <testcase name="findByEmail_NonExistentUserEmail_ReturnsEmptyOptional" classname="com.kopchak.worldoftoys.repository.user.UserRepositoryTest" time="0.002">
    <error message="Failed to load ApplicationContext for [MergedContextConfiguration@129fe67c testClass = com.kopchak.worldoftoys.repository.user.UserRepositoryTest, locations = [], classes = [com.kopchak.worldoftoys.WorldOfToysApplication], contextInitializerClasses = [], activeProfiles = [&quot;integrationtest&quot;], propertySourceLocations = [], propertySourceProperties = [&quot;org.springframework.boot.test.autoconfigure.orm.jpa.DataJpaTestContextBootstrapper=true&quot;], contextCustomizers = [[ImportsContextCustomizer@3c4071db key = [org.springframework.boot.autoconfigure.cache.CacheAutoConfiguration, org.springframework.boot.autoconfigure.data.jpa.JpaRepositoriesAutoConfiguration, org.springframework.boot.autoconfigure.flyway.FlywayAutoConfiguration, org.springframework.boot.autoconfigure.jdbc.DataSourceAutoConfiguration, org.springframework.boot.autoconfigure.jdbc.DataSourceTransactionManagerAutoConfiguration, org.springframework.boot.autoconfigure.jdbc.JdbcTemplateAutoConfiguration, org.springframework.boot.autoconfigure.liquibase.LiquibaseAutoConfiguration, org.springframework.boot.autoconfigure.orm.jpa.HibernateJpaAutoConfiguration, org.springframework.boot.autoconfigure.sql.init.SqlInitializationAutoConfiguration, org.springframework.boot.autoconfigure.transaction.TransactionAutoConfiguration, org.springframework.boot.test.autoconfigure.jdbc.TestDatabaseAutoConfiguration, org.springframework.boot.test.autoconfigure.orm.jpa.TestEntityManagerAutoConfiguration]], org.springframework.boot.test.context.filter.ExcludeFilterContextCustomizer@531f4093, org.springframework.boot.test.json.DuplicateJsonObjectContextCustomizerFactory$DuplicateJsonObjectContextCustomizer@460ebd80, org.springframework.boot.test.mock.mockito.MockitoContextCustomizer@0, org.springframework.boot.test.autoconfigure.OverrideAutoConfigurationContextCustomizerFactory$DisableAutoConfigurationContextCustomizer@134d26af, org.springframework.boot.test.autoconfigure.actuate.observability.ObservabilityContextCustomizerFactory$DisableObservabilityContextCustomizer@9da1, org.springframework.boot.test.autoconfigure.filter.TypeExcludeFiltersContextCustomizer@351584c0, org.springframework.boot.test.autoconfigure.properties.PropertyMappingContextCustomizer@c0b01970, org.springframework.boot.test.autoconfigure.web.servlet.WebDriverContextCustomizerFactory$Customizer@49c6c24f, org.springframework.boot.test.context.SpringBootTestAnnotation@29760cb0], contextLoader = org.springframework.boot.test.context.SpringBootContextLoader, parent = null]" type="java.lang.IllegalStateException"><![CDATA[java.lang.IllegalStateException: Failed to load ApplicationContext for [MergedContextConfiguration@129fe67c testClass = com.kopchak.worldoftoys.repository.user.UserRepositoryTest, locations = [], classes = [com.kopchak.worldoftoys.WorldOfToysApplication], contextInitializerClasses = [], activeProfiles = ["integrationtest"], propertySourceLocations = [], propertySourceProperties = ["org.springframework.boot.test.autoconfigure.orm.jpa.DataJpaTestContextBootstrapper=true"], contextCustomizers = [[ImportsContextCustomizer@3c4071db key = [org.springframework.boot.autoconfigure.cache.CacheAutoConfiguration, org.springframework.boot.autoconfigure.data.jpa.JpaRepositoriesAutoConfiguration, org.springframework.boot.autoconfigure.flyway.FlywayAutoConfiguration, org.springframework.boot.autoconfigure.jdbc.DataSourceAutoConfiguration, org.springframework.boot.autoconfigure.jdbc.DataSourceTransactionManagerAutoConfiguration, org.springframework.boot.autoconfigure.jdbc.JdbcTemplateAutoConfiguration, org.springframework.boot.autoconfigure.liquibase.LiquibaseAutoConfiguration, org.springframework.boot.autoconfigure.orm.jpa.HibernateJpaAutoConfiguration, org.springframework.boot.autoconfigure.sql.init.SqlInitializationAutoConfiguration, org.springframework.boot.autoconfigure.transaction.TransactionAutoConfiguration, org.springframework.boot.test.autoconfigure.jdbc.TestDatabaseAutoConfiguration, org.springframework.boot.test.autoconfigure.orm.jpa.TestEntityManagerAutoConfiguration]], org.springframework.boot.test.context.filter.ExcludeFilterContextCustomizer@531f4093, org.springframework.boot.test.json.DuplicateJsonObjectContextCustomizerFactory$DuplicateJsonObjectContextCustomizer@460ebd80, org.springframework.boot.test.mock.mockito.MockitoContextCustomizer@0, org.springframework.boot.test.autoconfigure.OverrideAutoConfigurationContextCustomizerFactory$DisableAutoConfigurationContextCustomizer@134d26af, org.springframework.boot.test.autoconfigure.actuate.observability.ObservabilityContextCustomizerFactory$DisableObservabilityContextCustomizer@9da1, org.springframework.boot.test.autoconfigure.filter.TypeExcludeFiltersContextCustomizer@351584c0, org.springframework.boot.test.autoconfigure.properties.PropertyMappingContextCustomizer@c0b01970, org.springframework.boot.test.autoconfigure.web.servlet.WebDriverContextCustomizerFactory$Customizer@49c6c24f, org.springframework.boot.test.context.SpringBootTestAnnotation@29760cb0], contextLoader = org.springframework.boot.test.context.SpringBootContextLoader, parent = null]
Caused by: org.springframework.beans.factory.BeanCreationException: Error creating bean with name 'dataSourceScriptDatabaseInitializer' defined in class path resource [org/springframework/boot/autoconfigure/sql/init/DataSourceInitializationConfiguration.class]: Failed to execute SQL script statement #7 of class path resource [data.sql]: INSERT INTO product(id, name, slug, description, price, available_quantity, origin_id, brand_id) VALUES (1001, 'Р›СЏР»СЊРєР° РљР»Р°Р№РјР±РµСЂ', 'lyalka-klaymber', 'Р¦СЏ С–РіСЂР°С€РєР° РѕР±С”РґРЅСѓС” С–РЅРЅРѕРІР°С†С–Р№РЅРёР№ РґРёР·Р°Р№РЅ С‚Р° СЂРѕР·РІРёРІР°СЋС‡РёР№ С„СѓРЅРєС†С–РѕРЅР°Р», С‰Рѕ СЃРїСЂРёСЏС” СЂРѕР·РІРёС‚РєСѓ РЅР°РІРёС‡РѕРє Сѓ РґС–С‚РµР№. Р’РѕРЅР° СЃС‚РІРѕСЂСЋС” Р·Р°С…РѕРїР»СЋСЋС‡РёР№ СЃРІС–С‚ СѓСЏРІРё, СЂРѕР·РІРёРІР°СЋС‡Рё Р»РѕРіС–С‡РЅРµ РјРёСЃР»РµРЅРЅСЏ С‚Р° С‚РІРѕСЂС‡С–СЃС‚СЊ. Р†РіСЂР°С€РєР° Р±РµР·РїРµС‡РЅР°, РµРЅРµСЂРіРѕРµС„РµРєС‚РёРІРЅР° С– СЃРїСЂРёСЏС” СЂРѕР·РІРёС‚РєСѓ СЃРїРѕСЃС‚РµСЂРµР¶Р»РёРІРѕСЃС‚С–, СѓРІР°РіРё С‚Р° РІРёРЅР°С…С–РґР»РёРІРѕСЃС‚С– Сѓ РґС–С‚РµР№, Р·Р°Р±РµР·РїРµС‡СѓСЋС‡Рё РЅРµР·Р°Р±СѓС‚РЅС– РІСЂР°Р¶РµРЅРЅСЏ С‚Р° РЅР°РІС‡Р°Р»СЊРЅРёР№ РґРѕСЃРІС–Рґ.', 850, 1, 1000, 1000), (1002, 'Р›СЏР»СЊРєР° Р”Р°СЂРёРЅРєР°', 'lyalka-darynka', 'Р¦СЏ С–РіСЂР°С€РєР° РѕР±С”РґРЅСѓС” С–РЅРЅРѕРІР°С†С–Р№РЅРёР№ РґРёР·Р°Р№РЅ С‚Р° СЂРѕР·РІРёРІР°СЋС‡РёР№ С„СѓРЅРєС†С–РѕРЅР°Р», С‰Рѕ СЃРїСЂРёСЏС” СЂРѕР·РІРёС‚РєСѓ РЅР°РІРёС‡РѕРє Сѓ РґС–С‚РµР№. Р’РѕРЅР° СЃС‚РІРѕСЂСЋС” Р·Р°С…РѕРїР»СЋСЋС‡РёР№ СЃРІС–С‚ СѓСЏРІРё, СЂРѕР·РІРёРІР°СЋС‡Рё Р»РѕРіС–С‡РЅРµ РјРёСЃР»РµРЅРЅСЏ С‚Р° С‚РІРѕСЂС‡С–СЃС‚СЊ. Р†РіСЂР°С€РєР° Р±РµР·РїРµС‡РЅР°, РµРЅРµСЂРіРѕРµС„РµРєС‚РёРІРЅР° С– СЃРїСЂРёСЏС” СЂРѕР·РІРёС‚РєСѓ СЃРїРѕСЃС‚РµСЂРµР¶Р»РёРІРѕСЃС‚С–, СѓРІР°РіРё С‚Р° РІРёРЅР°С…С–РґР»РёРІРѕСЃС‚С– Сѓ РґС–С‚РµР№, Р·Р°Р±РµР·РїРµС‡СѓСЋС‡Рё РЅРµР·Р°Р±СѓС‚РЅС– РІСЂР°Р¶РµРЅРЅСЏ С‚Р° РЅР°РІС‡Р°Р»СЊРЅРёР№ РґРѕСЃРІС–Рґ.', 900, 200, 1001, 1001), (1003, 'Р›СЏР»СЊРєР° Р СѓСЃР°Р»РѕС‡РєР°', 'lyalka-rusalochka', 'Р¦СЏ С–РіСЂР°С€РєР° РѕР±С”РґРЅСѓС” С–РЅРЅРѕРІР°С†С–Р№РЅРёР№ РґРёР·Р°Р№РЅ С‚Р° СЂРѕР·РІРёРІР°СЋС‡РёР№ С„СѓРЅРєС†С–РѕРЅР°Р», С‰Рѕ СЃРїСЂРёСЏС” СЂРѕР·РІРёС‚РєСѓ РЅР°РІРёС‡РѕРє Сѓ РґС–С‚РµР№. Р’РѕРЅР° СЃС‚РІРѕСЂСЋС” Р·Р°С…РѕРїР»СЋСЋС‡РёР№ СЃРІС–С‚ СѓСЏРІРё, СЂРѕР·РІРёРІР°СЋС‡Рё Р»РѕРіС–С‡РЅРµ РјРёСЃР»РµРЅРЅСЏ С‚Р° С‚РІРѕСЂС‡С–СЃС‚СЊ. Р†РіСЂР°С€РєР° Р±РµР·РїРµС‡РЅР°, РµРЅРµСЂРіРѕРµС„РµРєС‚РёРІРЅР° С– СЃРїСЂРёСЏС” СЂРѕР·РІРёС‚РєСѓ СЃРїРѕСЃС‚РµСЂРµР¶Р»РёРІРѕСЃС‚С–, СѓРІР°РіРё С‚Р° РІРёРЅР°С…С–РґР»РёРІРѕСЃС‚С– Сѓ РґС–С‚РµР№, Р·Р°Р±РµР·РїРµС‡СѓСЋС‡Рё РЅРµР·Р°Р±СѓС‚РЅС– РІСЂР°Р¶РµРЅРЅСЏ С‚Р° РЅР°РІС‡Р°Р»СЊРЅРёР№ РґРѕСЃРІС–Рґ.', 550, 0, 1000, 1002), (1004, 'РџСѓРїСЃРёРє РћРєСЃР°РЅРєР°', 'pupsik_oksanka', 'Р¦СЏ С–РіСЂР°С€РєР° РѕР±С”РґРЅСѓС” С–РЅРЅРѕРІР°С†С–Р№РЅРёР№ РґРёР·Р°Р№РЅ С‚Р° СЂРѕР·РІРёРІР°СЋС‡РёР№ С„СѓРЅРєС†С–РѕРЅР°Р», С‰Рѕ СЃРїСЂРёСЏС” СЂРѕР·РІРёС‚РєСѓ РЅР°РІРёС‡РѕРє Сѓ РґС–С‚РµР№. Р’РѕРЅР° СЃС‚РІРѕСЂСЋС” Р·Р°С…РѕРїР»СЋСЋС‡РёР№ СЃРІС–С‚ СѓСЏРІРё, СЂРѕР·РІРёРІР°СЋС‡Рё Р»РѕРіС–С‡РЅРµ РјРёСЃР»РµРЅРЅСЏ С‚Р° С‚РІРѕСЂС‡С–СЃС‚СЊ. Р†РіСЂР°С€РєР° Р±РµР·РїРµС‡РЅР°, РµРЅРµСЂРіРѕРµС„РµРєС‚РёРІРЅР° С– СЃРїСЂРёСЏС” СЂРѕР·РІРёС‚РєСѓ СЃРїРѕСЃС‚РµСЂРµР¶Р»РёРІРѕСЃС‚С–, СѓРІР°РіРё С‚Р° РІРёРЅР°С…С–РґР»РёРІРѕСЃС‚С– Сѓ РґС–С‚РµР№, Р·Р°Р±РµР·РїРµС‡СѓСЋС‡Рё РЅРµР·Р°Р±СѓС‚РЅС– РІСЂР°Р¶РµРЅРЅСЏ С‚Р° РЅР°РІС‡Р°Р»СЊРЅРёР№ РґРѕСЃРІС–Рґ.', 500, 150, 1000, 1003)
Caused by: org.springframework.jdbc.datasource.init.ScriptStatementFailedException: Failed to execute SQL script statement #7 of class path resource [data.sql]: INSERT INTO product(id, name, slug, description, price, available_quantity, origin_id, brand_id) VALUES (1001, 'Р›СЏР»СЊРєР° РљР»Р°Р№РјР±РµСЂ', 'lyalka-klaymber', 'Р¦СЏ С–РіСЂР°С€РєР° РѕР±С”РґРЅСѓС” С–РЅРЅРѕРІР°С†С–Р№РЅРёР№ РґРёР·Р°Р№РЅ С‚Р° СЂРѕР·РІРёРІР°СЋС‡РёР№ С„СѓРЅРєС†С–РѕРЅР°Р», С‰Рѕ СЃРїСЂРёСЏС” СЂРѕР·РІРёС‚РєСѓ РЅР°РІРёС‡РѕРє Сѓ РґС–С‚РµР№. Р’РѕРЅР° СЃС‚РІРѕСЂСЋС” Р·Р°С…РѕРїР»СЋСЋС‡РёР№ СЃРІС–С‚ СѓСЏРІРё, СЂРѕР·РІРёРІР°СЋС‡Рё Р»РѕРіС–С‡РЅРµ РјРёСЃР»РµРЅРЅСЏ С‚Р° С‚РІРѕСЂС‡С–СЃС‚СЊ. Р†РіСЂР°С€РєР° Р±РµР·РїРµС‡РЅР°, РµРЅРµСЂРіРѕРµС„РµРєС‚РёРІРЅР° С– СЃРїСЂРёСЏС” СЂРѕР·РІРёС‚РєСѓ СЃРїРѕСЃС‚РµСЂРµР¶Р»РёРІРѕСЃС‚С–, СѓРІР°РіРё С‚Р° РІРёРЅР°С…С–РґР»РёРІРѕСЃС‚С– Сѓ РґС–С‚РµР№, Р·Р°Р±РµР·РїРµС‡СѓСЋС‡Рё РЅРµР·Р°Р±СѓС‚РЅС– РІСЂР°Р¶РµРЅРЅСЏ С‚Р° РЅР°РІС‡Р°Р»СЊРЅРёР№ РґРѕСЃРІС–Рґ.', 850, 1, 1000, 1000), (1002, 'Р›СЏР»СЊРєР° Р”Р°СЂРёРЅРєР°', 'lyalka-darynka', 'Р¦СЏ С–РіСЂР°С€РєР° РѕР±С”РґРЅСѓС” С–РЅРЅРѕРІР°С†С–Р№РЅРёР№ РґРёР·Р°Р№РЅ С‚Р° СЂРѕР·РІРёРІР°СЋС‡РёР№ С„СѓРЅРєС†С–РѕРЅР°Р», С‰Рѕ СЃРїСЂРёСЏС” СЂРѕР·РІРёС‚РєСѓ РЅР°РІРёС‡РѕРє Сѓ РґС–С‚РµР№. Р’РѕРЅР° СЃС‚РІРѕСЂСЋС” Р·Р°С…РѕРїР»СЋСЋС‡РёР№ СЃРІС–С‚ СѓСЏРІРё, СЂРѕР·РІРёРІР°СЋС‡Рё Р»РѕРіС–С‡РЅРµ РјРёСЃР»РµРЅРЅСЏ С‚Р° С‚РІРѕСЂС‡С–СЃС‚СЊ. Р†РіСЂР°С€РєР° Р±РµР·РїРµС‡РЅР°, РµРЅРµСЂРіРѕРµС„РµРєС‚РёРІРЅР° С– СЃРїСЂРёСЏС” СЂРѕР·РІРёС‚РєСѓ СЃРїРѕСЃС‚РµСЂРµР¶Р»РёРІРѕСЃС‚С–, СѓРІР°РіРё С‚Р° РІРёРЅР°С…С–РґР»РёРІРѕСЃС‚С– Сѓ РґС–С‚РµР№, Р·Р°Р±РµР·РїРµС‡СѓСЋС‡Рё РЅРµР·Р°Р±СѓС‚РЅС– РІСЂР°Р¶РµРЅРЅСЏ С‚Р° РЅР°РІС‡Р°Р»СЊРЅРёР№ РґРѕСЃРІС–Рґ.', 900, 200, 1001, 1001), (1003, 'Р›СЏР»СЊРєР° Р СѓСЃР°Р»РѕС‡РєР°', 'lyalka-rusalochka', 'Р¦СЏ С–РіСЂР°С€РєР° РѕР±С”РґРЅСѓС” С–РЅРЅРѕРІР°С†С–Р№РЅРёР№ РґРёР·Р°Р№РЅ С‚Р° СЂРѕР·РІРёРІР°СЋС‡РёР№ С„СѓРЅРєС†С–РѕРЅР°Р», С‰Рѕ СЃРїСЂРёСЏС” СЂРѕР·РІРёС‚РєСѓ РЅР°РІРёС‡РѕРє Сѓ РґС–С‚РµР№. Р’РѕРЅР° СЃС‚РІРѕСЂСЋС” Р·Р°С…РѕРїР»СЋСЋС‡РёР№ СЃРІС–С‚ СѓСЏРІРё, СЂРѕР·РІРёРІР°СЋС‡Рё Р»РѕРіС–С‡РЅРµ РјРёСЃР»РµРЅРЅСЏ С‚Р° С‚РІРѕСЂС‡С–СЃС‚СЊ. Р†РіСЂР°С€РєР° Р±РµР·РїРµС‡РЅР°, РµРЅРµСЂРіРѕРµС„РµРєС‚РёРІРЅР° С– СЃРїСЂРёСЏС” СЂРѕР·РІРёС‚РєСѓ СЃРїРѕСЃС‚РµСЂРµР¶Р»РёРІРѕСЃС‚С–, СѓРІР°РіРё С‚Р° РІРёРЅР°С…С–РґР»РёРІРѕСЃС‚С– Сѓ РґС–С‚РµР№, Р·Р°Р±РµР·РїРµС‡СѓСЋС‡Рё РЅРµР·Р°Р±СѓС‚РЅС– РІСЂР°Р¶РµРЅРЅСЏ С‚Р° РЅР°РІС‡Р°Р»СЊРЅРёР№ РґРѕСЃРІС–Рґ.', 550, 0, 1000, 1002), (1004, 'РџСѓРїСЃРёРє РћРєСЃР°РЅРєР°', 'pupsik_oksanka', 'Р¦СЏ С–РіСЂР°С€РєР° РѕР±С”РґРЅСѓС” С–РЅРЅРѕРІР°С†С–Р№РЅРёР№ РґРёР·Р°Р№РЅ С‚Р° СЂРѕР·РІРёРІР°СЋС‡РёР№ С„СѓРЅРєС†С–РѕРЅР°Р», С‰Рѕ СЃРїСЂРёСЏС” СЂРѕР·РІРёС‚РєСѓ РЅР°РІРёС‡РѕРє Сѓ РґС–С‚РµР№. Р’РѕРЅР° СЃС‚РІРѕСЂСЋС” Р·Р°С…РѕРїР»СЋСЋС‡РёР№ СЃРІС–С‚ СѓСЏРІРё, СЂРѕР·РІРёРІР°СЋС‡Рё Р»РѕРіС–С‡РЅРµ РјРёСЃР»РµРЅРЅСЏ С‚Р° С‚РІРѕСЂС‡С–СЃС‚СЊ. Р†РіСЂР°С€РєР° Р±РµР·РїРµС‡РЅР°, РµРЅРµСЂРіРѕРµС„РµРєС‚РёРІРЅР° С– СЃРїСЂРёСЏС” СЂРѕР·РІРёС‚РєСѓ СЃРїРѕСЃС‚РµСЂРµР¶Р»РёРІРѕСЃС‚С–, СѓРІР°РіРё С‚Р° РІРёРЅР°С…С–РґР»РёРІРѕСЃС‚С– Сѓ РґС–С‚РµР№, Р·Р°Р±РµР·РїРµС‡СѓСЋС‡Рё РЅРµР·Р°Р±СѓС‚РЅС– РІСЂР°Р¶РµРЅРЅСЏ С‚Р° РЅР°РІС‡Р°Р»СЊРЅРёР№ РґРѕСЃРІС–Рґ.', 500, 150, 1000, 1003)
Caused by: org.h2.jdbc.JdbcSQLDataException: 
Value too long for column "DESCRIPTION CHARACTER VARYING(500)": "U&'\\0420\\00a6\\0421\\040f \\0421\\2013\\0420\\0456\\0421\\0402\\0420\\00b0\\0421\\20ac\\0420\\... (623)"; SQL statement:
INSERT INTO product(id, name, slug, description, price, available_quantity, origin_id, brand_id) VALUES (1001, 'Р›СЏР»СЊРєР° РљР»Р°Р№РјР±РµСЂ', 'lyalka-klaymber', 'Р¦СЏ С–РіСЂР°С€РєР° РѕР±С”РґРЅСѓС” С–РЅРЅРѕРІР°С†С–Р№РЅРёР№ РґРёР·Р°Р№РЅ С‚Р° СЂРѕР·РІРёРІР°СЋС‡РёР№ С„СѓРЅРєС†С–РѕРЅР°Р», С‰Рѕ СЃРїСЂРёСЏС” СЂРѕР·РІРёС‚РєСѓ РЅР°РІРёС‡РѕРє Сѓ РґС–С‚РµР№. Р’РѕРЅР° СЃС‚РІРѕСЂСЋС” Р·Р°С…РѕРїР»СЋСЋС‡РёР№ СЃРІС–С‚ СѓСЏРІРё, СЂРѕР·РІРёРІР°СЋС‡Рё Р»РѕРіС–С‡РЅРµ РјРёСЃР»РµРЅРЅСЏ С‚Р° С‚РІРѕСЂС‡С–СЃС‚СЊ. Р†РіСЂР°С€РєР° Р±РµР·РїРµС‡РЅР°, РµРЅРµСЂРіРѕРµС„РµРєС‚РёРІРЅР° С– СЃРїСЂРёСЏС” СЂРѕР·РІРёС‚РєСѓ СЃРїРѕСЃС‚РµСЂРµР¶Р»РёРІРѕСЃС‚С–, СѓРІР°РіРё С‚Р° РІРёРЅР°С…С–РґР»РёРІРѕСЃС‚С– Сѓ РґС–С‚РµР№, Р·Р°Р±РµР·РїРµС‡СѓСЋС‡Рё РЅРµР·Р°Р±СѓС‚РЅС– РІСЂР°Р¶РµРЅРЅСЏ С‚Р° РЅР°РІС‡Р°Р»СЊРЅРёР№ РґРѕСЃРІС–Рґ.', 850, 1, 1000, 1000), (1002, 'Р›СЏР»СЊРєР° Р”Р°СЂРёРЅРєР°', 'lyalka-darynka', 'Р¦СЏ С–РіСЂР°С€РєР° РѕР±С”РґРЅСѓС” С–РЅРЅРѕРІР°С†С–Р№РЅРёР№ РґРёР·Р°Р№РЅ С‚Р° СЂРѕР·РІРёРІР°СЋС‡РёР№ С„СѓРЅРєС†С–РѕРЅР°Р», С‰Рѕ СЃРїСЂРёСЏС” СЂРѕР·РІРёС‚РєСѓ РЅР°РІРёС‡РѕРє Сѓ РґС–С‚РµР№. Р’РѕРЅР° СЃС‚РІРѕСЂСЋС” Р·Р°С…РѕРїР»СЋСЋС‡РёР№ СЃРІС–С‚ СѓСЏРІРё, СЂРѕР·РІРёРІР°СЋС‡Рё Р»РѕРіС–С‡РЅРµ РјРёСЃР»РµРЅРЅСЏ С‚Р° С‚РІРѕСЂС‡С–СЃС‚СЊ. Р†РіСЂР°С€РєР° Р±РµР·РїРµС‡РЅР°, РµРЅРµСЂРіРѕРµС„РµРєС‚РёРІРЅР° С– СЃРїСЂРёСЏС” СЂРѕР·РІРёС‚РєСѓ СЃРїРѕСЃС‚РµСЂРµР¶Р»РёРІРѕСЃС‚С–, СѓРІР°РіРё С‚Р° РІРёРЅР°С…С–РґР»РёРІРѕСЃС‚С– Сѓ РґС–С‚РµР№, Р·Р°Р±РµР·РїРµС‡СѓСЋС‡Рё РЅРµР·Р°Р±СѓС‚РЅС– РІСЂР°Р¶РµРЅРЅСЏ С‚Р° РЅР°РІС‡Р°Р»СЊРЅРёР№ РґРѕСЃРІС–Рґ.', 900, 200, 1001, 1001), (1003, 'Р›СЏР»СЊРєР° Р СѓСЃР°Р»РѕС‡РєР°', 'lyalka-rusalochka', 'Р¦СЏ С–РіСЂР°С€РєР° РѕР±С”РґРЅСѓС” С–РЅРЅРѕРІР°С†С–Р№РЅРёР№ РґРёР·Р°Р№РЅ С‚Р° СЂРѕР·РІРёРІР°СЋС‡РёР№ С„СѓРЅРєС†С–РѕРЅР°Р», С‰Рѕ СЃРїСЂРёСЏС” СЂРѕР·РІРёС‚РєСѓ РЅР°РІРёС‡РѕРє Сѓ РґС–С‚РµР№. Р’РѕРЅР° СЃС‚РІРѕСЂСЋС” Р·Р°С…РѕРїР»СЋСЋС‡РёР№ СЃРІС–С‚ СѓСЏРІРё, СЂРѕР·РІРёРІР°СЋС‡Рё Р»РѕРіС–С‡РЅРµ РјРёСЃР»РµРЅРЅСЏ С‚Р° С‚РІРѕСЂС‡С–СЃС‚СЊ. Р†РіСЂР°С€РєР° Р±РµР·РїРµС‡РЅР°, РµРЅРµСЂРіРѕРµС„РµРєС‚РёРІРЅР° С– СЃРїСЂРёСЏС” СЂРѕР·РІРёС‚РєСѓ СЃРїРѕСЃС‚РµСЂРµР¶Р»РёРІРѕСЃС‚С–, СѓРІР°РіРё С‚Р° РІРёРЅР°С…С–РґР»РёРІРѕСЃС‚С– Сѓ РґС–С‚РµР№, Р·Р°Р±РµР·РїРµС‡СѓСЋС‡Рё РЅРµР·Р°Р±СѓС‚РЅС– РІСЂР°Р¶РµРЅРЅСЏ С‚Р° РЅР°РІС‡Р°Р»СЊРЅРёР№ РґРѕСЃРІС–Рґ.', 550, 0, 1000, 1002), (1004, 'РџСѓРїСЃРёРє РћРєСЃР°РЅРєР°', 'pupsik_oksanka', 'Р¦СЏ С–РіСЂР°С€РєР° РѕР±С”РґРЅСѓС” С–РЅРЅРѕРІР°С†С–Р№РЅРёР№ РґРёР·Р°Р№РЅ С‚Р° СЂРѕР·РІРёРІР°СЋС‡РёР№ С„СѓРЅРєС†С–РѕРЅР°Р», С‰Рѕ СЃРїСЂРёСЏС” СЂРѕР·РІРёС‚РєСѓ РЅР°РІРёС‡РѕРє Сѓ РґС–С‚РµР№. Р’РѕРЅР° СЃС‚РІРѕСЂСЋС” Р·Р°С…РѕРїР»СЋСЋС‡РёР№ СЃРІС–С‚ СѓСЏРІРё, СЂРѕР·РІРёРІР°СЋС‡Рё Р»РѕРіС–С‡РЅРµ РјРёСЃР»РµРЅРЅСЏ С‚Р° С‚РІРѕСЂС‡С–СЃС‚СЊ. Р†РіСЂР°С€РєР° Р±РµР·РїРµС‡РЅР°, РµРЅРµСЂРіРѕРµС„РµРєС‚РёРІРЅР° С– СЃРїСЂРёСЏС” СЂРѕР·РІРёС‚РєСѓ СЃРїРѕСЃС‚РµСЂРµР¶Р»РёРІРѕСЃС‚С–, СѓРІР°РіРё С‚Р° РІРёРЅР°С…С–РґР»РёРІРѕСЃС‚С– Сѓ РґС–С‚РµР№, Р·Р°Р±РµР·РїРµС‡СѓСЋС‡Рё РЅРµР·Р°Р±СѓС‚РЅС– РІСЂР°Р¶РµРЅРЅСЏ С‚Р° РЅР°РІС‡Р°Р»СЊРЅРёР№ РґРѕСЃРІС–Рґ.', 500, 150, 1000, 1003) [22001-220]
]]></error>
    <system-out><![CDATA[2024-01-31T22:56:37.844+02:00  INFO 12448 --- [           main] t.c.s.AnnotationConfigContextLoaderUtils : Could not detect default configuration classes for test class [com.kopchak.worldoftoys.repository.user.UserRepositoryTest]: UserRepositoryTest does not declare any static, non-private, non-final, nested classes annotated with @Configuration.
2024-01-31T22:56:37.869+02:00  INFO 12448 --- [           main] .b.t.c.SpringBootTestContextBootstrapper : Found @SpringBootConfiguration com.kopchak.worldoftoys.WorldOfToysApplication for test class com.kopchak.worldoftoys.repository.user.UserRepositoryTest

  .   ____          _            __ _ _
 /\\ / ___'_ __ _ _(_)_ __  __ _ \ \ \ \
( ( )\___ | '_ | '_| | '_ \/ _` | \ \ \ \
 \\/  ___)| |_)| | | | | || (_| |  ) ) ) )
  '  |____| .__|_| |_|_| |_\__, | / / / /
 =========|_|==============|___/=/_/_/_/
 :: Spring Boot ::                (v3.0.4)

2024-01-31T22:56:37.902+02:00  INFO 12448 --- [           main] c.k.w.r.user.UserRepositoryTest          : Starting UserRepositoryTest using Java 17.0.7 with PID 12448 (started by kopch in C:\Users\kopch\OneDrive\Робочий стіл\pet\pet\world-of-toys)
2024-01-31T22:56:37.902+02:00  INFO 12448 --- [           main] c.k.w.r.user.UserRepositoryTest          : The following 1 profile is active: "integrationtest"
2024-01-31T22:56:38.339+02:00  INFO 12448 --- [           main] .s.d.r.c.RepositoryConfigurationDelegate : Bootstrapping Spring Data JPA repositories in DEFAULT mode.
2024-01-31T22:56:38.463+02:00  INFO 12448 --- [           main] .s.d.r.c.RepositoryConfigurationDelegate : Finished Spring Data repository scanning in 123 ms. Found 7 JPA repository interfaces.
2024-01-31T22:56:38.472+02:00  INFO 12448 --- [           main] beddedDataSourceBeanFactoryPostProcessor : Replacing 'dataSource' DataSource bean with embedded version
2024-01-31T22:56:38.480+02:00  INFO 12448 --- [           main] o.s.j.d.e.EmbeddedDatabaseFactory        : Starting embedded database: url='jdbc:h2:mem:1abb3ef4-dc77-4d37-b993-b7f5b4f64732;DB_CLOSE_DELAY=-1;DB_CLOSE_ON_EXIT=false', username='sa'
2024-01-31T22:56:38.509+02:00  INFO 12448 --- [           main] o.hibernate.jpa.internal.util.LogHelper  : HHH000204: Processing PersistenceUnitInfo [name: default]
2024-01-31T22:56:38.523+02:00  INFO 12448 --- [           main] SQL dialect                              : HHH000400: Using dialect: org.hibernate.dialect.H2Dialect
Hibernate: 
    
    drop table if exists address cascade 
Hibernate: 
    
    drop table if exists age_category cascade 
Hibernate: 
    
    drop table if exists app_order cascade 
Hibernate: 
    
    drop table if exists app_user cascade 
Hibernate: 
    
    drop table if exists authentication_token cascade 
Hibernate: 
    
    drop table if exists brand_category cascade 
Hibernate: 
    
    drop table if exists cart_item cascade 
Hibernate: 
    
    drop table if exists confirmation_token cascade 
Hibernate: 
    
    drop table if exists image cascade 
Hibernate: 
    
    drop table if exists order_details cascade 
Hibernate: 
    
    drop table if exists order_recipient cascade 
Hibernate: 
    
    drop table if exists origin_category cascade 
Hibernate: 
    
    drop table if exists payment cascade 
Hibernate: 
    
    drop table if exists phone_number cascade 
Hibernate: 
    
    drop table if exists product cascade 
Hibernate: 
    
    drop table if exists product_age_category cascade 
Hibernate: 
    
    create table address (
       id integer generated by default as identity,
        apartment integer check (apartment>=1),
        house integer not null check (house>=1),
        region varchar(16) not null,
        settlement varchar(60) not null,
        street varchar(80) not null,
        primary key (id)
    )
Hibernate: 
    
    create table age_category (
       id integer generated by default as identity,
        name varchar(60) not null,
        slug varchar(80) not null,
        primary key (id)
    )
Hibernate: 
    
    create table app_order (
       id varchar(255) not null,
        date_time timestamp(6) not null,
        order_status varchar(255) not null,
        total_price numeric(38,2) not null,
        recipient_id integer not null,
        user_id integer not null,
        primary key (id)
    )
Hibernate: 
    
    create table app_user (
       id integer generated by default as identity,
        email varchar(320) not null,
        enabled boolean not null,
        firstname varchar(60) not null,
        lastname varchar(60) not null,
        locked boolean not null,
        password varchar(60) not null,
        role varchar(255) not null,
        primary key (id)
    )
Hibernate: 
    
    create table authentication_token (
       id integer generated by default as identity,
        expired boolean not null,
        revoked boolean not null,
        token varchar(255) not null,
        token_type varchar(255) not null,
        user_id integer not null,
        primary key (id)
    )
Hibernate: 
    
    create table brand_category (
       id integer generated by default as identity,
        name varchar(60) not null,
        slug varchar(80) not null,
        primary key (id)
    )
Hibernate: 
    
    create table cart_item (
       quantity integer default 1 not null check (quantity>=1),
        user_id integer not null,
        product_id integer not null,
        primary key (product_id, user_id)
    )
Hibernate: 
    
    create table confirmation_token (
       id integer generated by default as identity,
        confirmed_at timestamp(6),
        created_at timestamp(6) not null,
        expires_at timestamp(6) not null,
        token varchar(255) not null,
        token_type varchar(255) not null,
        user_id integer not null,
        primary key (id)
    )
Hibernate: 
    
    create table image (
       id integer generated by default as identity,
        image BLOB not null,
        name varchar(50) not null,
        type varchar(10) not null,
        product_id integer not null,
        primary key (id)
    )
Hibernate: 
    
    create table order_details (
       quantity integer default 1 not null check (quantity>=1),
        order_id varchar(255) not null,
        product_id integer not null,
        primary key (order_id, product_id)
    )
Hibernate: 
    
    create table order_recipient (
       id integer generated by default as identity,
        firstname varchar(60) not null,
        lastname varchar(60) not null,
        patronymic varchar(60) not null,
        address_id integer not null,
        phone_id integer not null,
        primary key (id)
    )
Hibernate: 
    
    create table origin_category (
       id integer generated by default as identity,
        name varchar(60) not null,
        slug varchar(80) not null,
        primary key (id)
    )
Hibernate: 
    
    create table payment (
       id varchar(255) not null,
        date_time timestamp(6) not null,
        price numeric(38,2) not null,
        status varchar(255) not null,
        order_id varchar(255) not null,
        primary key (id)
    )
Hibernate: 
    
    create table phone_number (
       id integer generated by default as identity,
        country_code varchar(255) not null,
        number varchar(7) not null,
        operator_code varchar(2) not null,
        primary key (id)
    )
Hibernate: 
    
    create table product (
       id integer generated by default as identity,
        available_quantity numeric(38,0) not null check (available_quantity>=0),
        description varchar(500) not null,
        is_available boolean default true not null,
        name varchar(60) not null,
        price numeric(38,2) not null,
        slug varchar(80) not null,
        brand_id integer not null,
        image_id integer,
        origin_id integer not null,
        primary key (id)
    )
Hibernate: 
    
    create table product_age_category (
       product_id integer not null,
        age_category_id integer not null,
        primary key (product_id, age_category_id)
    )
Hibernate: 
    
    alter table if exists age_category 
       add constraint UK_nat404t6yiqh1w6fjedg7r1ou unique (name)
Hibernate: 
    
    alter table if exists age_category 
       add constraint UK_7oj1ehcgq3edt8axfqykxk42t unique (slug)
Hibernate: 
    
    alter table if exists authentication_token 
       add constraint UK_313pxbtcmtspm4y8rh9qgp2sy unique (token)
Hibernate: 
    
    alter table if exists brand_category 
       add constraint UK_5xdgqammn6mqxo5q7mxap8onq unique (name)
Hibernate: 
    
    alter table if exists brand_category 
       add constraint UK_shegpqnqpg8t2bvevxqvpoeda unique (slug)
Hibernate: 
    
    alter table if exists confirmation_token 
       add constraint UK_54wolcn5ryqshiq8gq0epvr3v unique (token)
Hibernate: 
    
    alter table if exists origin_category 
       add constraint UK_2xprbh8wj2ddrwpg9innfm2oo unique (name)
Hibernate: 
    
    alter table if exists origin_category 
       add constraint UK_6h92cd8chbad4l228bdec012w unique (slug)
Hibernate: 
    
    alter table if exists product 
       add constraint UK_jmivyxk9rmgysrmsqw15lqr5b unique (name)
Hibernate: 
    
    alter table if exists product 
       add constraint UK_88yb4l9100epddqsrdvxerhq9 unique (slug)
Hibernate: 
    
    alter table if exists app_order 
       add constraint FKdfcy12m9r67cjobemk0d6d7fs 
       foreign key (recipient_id) 
       references order_recipient
Hibernate: 
    
    alter table if exists app_order 
       add constraint FKesrwi8i75102xo4k9ykicpp7v 
       foreign key (user_id) 
       references app_user
Hibernate: 
    
    alter table if exists authentication_token 
       add constraint FKmmbqogrl04hp13rcqe0vv7k5c 
       foreign key (user_id) 
       references app_user
Hibernate: 
    
    alter table if exists cart_item 
       add constraint FKn1boxy63txpdcfv6ahrw2wdui 
       foreign key (user_id) 
       references app_user
Hibernate: 
    
    alter table if exists cart_item 
       add constraint FKjcyd5wv4igqnw413rgxbfu4nv 
       foreign key (product_id) 
       references product
Hibernate: 
    
    alter table if exists confirmation_token 
       add constraint FKe0flsojr3yhckm24wh4e4xyj4 
       foreign key (user_id) 
       references app_user
Hibernate: 
    
    alter table if exists image 
       add constraint FKgpextbyee3uk9u6o2381m7ft1 
       foreign key (product_id) 
       references product
Hibernate: 
    
    alter table if exists order_details 
       add constraint FKipeq3eo8h6mug923s58h3jfhr 
       foreign key (order_id) 
       references app_order
Hibernate: 
    
    alter table if exists order_details 
       add constraint FKinivj2k1370kw224lavkm3rqm 
       foreign key (product_id) 
       references product
Hibernate: 
    
    alter table if exists order_recipient 
       add constraint FK4n1v9ot4afe1s89bhm97dolm8 
       foreign key (address_id) 
       references address
Hibernate: 
    
    alter table if exists order_recipient 
       add constraint FKqr9uge01ncqkxhgr6l022emel 
       foreign key (phone_id) 
       references phone_number
Hibernate: 
    
    alter table if exists payment 
       add constraint FKf6ckj6mqpayew9l1dkg48j5of 
       foreign key (order_id) 
       references app_order
Hibernate: 
    
    alter table if exists product 
       add constraint FKb7glh0nyao0u12gp4lbomxtfr 
       foreign key (brand_id) 
       references brand_category
Hibernate: 
    
    alter table if exists product 
       add constraint FKsouy49035ik9r5ojgslbv3i3u 
       foreign key (image_id) 
       references image
Hibernate: 
    
    alter table if exists product 
       add constraint FK6u19ihfehgj3xcxmepf689hd1 
       foreign key (origin_id) 
       references origin_category
Hibernate: 
    
    alter table if exists product_age_category 
       add constraint FKb683vamh9y5ivn3avshd9yn0 
       foreign key (age_category_id) 
       references age_category
Hibernate: 
    
    alter table if exists product_age_category 
       add constraint FKm7lvlpblr7kqdk8139ntjln12 
       foreign key (product_id) 
       references product
2024-01-31T22:56:38.691+02:00  INFO 12448 --- [           main] o.h.e.t.j.p.i.JtaPlatformInitiator       : HHH000490: Using JtaPlatform implementation: [org.hibernate.engine.transaction.jta.platform.internal.NoJtaPlatform]
2024-01-31T22:56:38.692+02:00  INFO 12448 --- [           main] j.LocalContainerEntityManagerFactoryBean : Initialized JPA EntityManagerFactory for persistence unit 'default'
2024-01-31T22:56:38.811+02:00  WARN 12448 --- [           main] s.c.a.AnnotationConfigApplicationContext : Exception encountered during context initialization - cancelling refresh attempt: org.springframework.beans.factory.BeanCreationException: Error creating bean with name 'dataSourceScriptDatabaseInitializer' defined in class path resource [org/springframework/boot/autoconfigure/sql/init/DataSourceInitializationConfiguration.class]: Failed to execute SQL script statement #7 of class path resource [data.sql]: INSERT INTO product(id, name, slug, description, price, available_quantity, origin_id, brand_id) VALUES (1001, 'Р›СЏР»СЊРєР° РљР»Р°Р№РјР±РµСЂ', 'lyalka-klaymber', 'Р¦СЏ С–РіСЂР°С€РєР° РѕР±С”РґРЅСѓС” С–РЅРЅРѕРІР°С†С–Р№РЅРёР№ РґРёР·Р°Р№РЅ С‚Р° СЂРѕР·РІРёРІР°СЋС‡РёР№ С„СѓРЅРєС†С–РѕРЅР°Р», С‰Рѕ СЃРїСЂРёСЏС” СЂРѕР·РІРёС‚РєСѓ РЅР°РІРёС‡РѕРє Сѓ РґС–С‚РµР№. Р’РѕРЅР° СЃС‚РІРѕСЂСЋС” Р·Р°С…РѕРїР»СЋСЋС‡РёР№ СЃРІС–С‚ СѓСЏРІРё, СЂРѕР·РІРёРІР°СЋС‡Рё Р»РѕРіС–С‡РЅРµ РјРёСЃР»РµРЅРЅСЏ С‚Р° С‚РІРѕСЂС‡С–СЃС‚СЊ. Р†РіСЂР°С€РєР° Р±РµР·РїРµС‡РЅР°, РµРЅРµСЂРіРѕРµС„РµРєС‚РёРІРЅР° С– СЃРїСЂРёСЏС” СЂРѕР·РІРёС‚РєСѓ СЃРїРѕСЃС‚РµСЂРµР¶Р»РёРІРѕСЃС‚С–, СѓРІР°РіРё С‚Р° РІРёРЅР°С…С–РґР»РёРІРѕСЃС‚С– Сѓ РґС–С‚РµР№, Р·Р°Р±РµР·РїРµС‡СѓСЋС‡Рё РЅРµР·Р°Р±СѓС‚РЅС– РІСЂР°Р¶РµРЅРЅСЏ С‚Р° РЅР°РІС‡Р°Р»СЊРЅРёР№ РґРѕСЃРІС–Рґ.', 850, 1, 1000, 1000), (1002, 'Р›СЏР»СЊРєР° Р”Р°СЂРёРЅРєР°', 'lyalka-darynka', 'Р¦СЏ С–РіСЂР°С€РєР° РѕР±С”РґРЅСѓС” С–РЅРЅРѕРІР°С†С–Р№РЅРёР№ РґРёР·Р°Р№РЅ С‚Р° СЂРѕР·РІРёРІР°СЋС‡РёР№ С„СѓРЅРєС†С–РѕРЅР°Р», С‰Рѕ СЃРїСЂРёСЏС” СЂРѕР·РІРёС‚РєСѓ РЅР°РІРёС‡РѕРє Сѓ РґС–С‚РµР№. Р’РѕРЅР° СЃС‚РІРѕСЂСЋС” Р·Р°С…РѕРїР»СЋСЋС‡РёР№ СЃРІС–С‚ СѓСЏРІРё, СЂРѕР·РІРёРІР°СЋС‡Рё Р»РѕРіС–С‡РЅРµ РјРёСЃР»РµРЅРЅСЏ С‚Р° С‚РІРѕСЂС‡С–СЃС‚СЊ. Р†РіСЂР°С€РєР° Р±РµР·РїРµС‡РЅР°, РµРЅРµСЂРіРѕРµС„РµРєС‚РёРІРЅР° С– СЃРїСЂРёСЏС” СЂРѕР·РІРёС‚РєСѓ СЃРїРѕСЃС‚РµСЂРµР¶Р»РёРІРѕСЃС‚С–, СѓРІР°РіРё С‚Р° РІРёРЅР°С…С–РґР»РёРІРѕСЃС‚С– Сѓ РґС–С‚РµР№, Р·Р°Р±РµР·РїРµС‡СѓСЋС‡Рё РЅРµР·Р°Р±СѓС‚РЅС– РІСЂР°Р¶РµРЅРЅСЏ С‚Р° РЅР°РІС‡Р°Р»СЊРЅРёР№ РґРѕСЃРІС–Рґ.', 900, 200, 1001, 1001), (1003, 'Р›СЏР»СЊРєР° Р СѓСЃР°Р»РѕС‡РєР°', 'lyalka-rusalochka', 'Р¦СЏ С–РіСЂР°С€РєР° РѕР±С”РґРЅСѓС” С–РЅРЅРѕРІР°С†С–Р№РЅРёР№ РґРёР·Р°Р№РЅ С‚Р° СЂРѕР·РІРёРІР°СЋС‡РёР№ С„СѓРЅРєС†С–РѕРЅР°Р», С‰Рѕ СЃРїСЂРёСЏС” СЂРѕР·РІРёС‚РєСѓ РЅР°РІРёС‡РѕРє Сѓ РґС–С‚РµР№. Р’РѕРЅР° СЃС‚РІРѕСЂСЋС” Р·Р°С…РѕРїР»СЋСЋС‡РёР№ СЃРІС–С‚ СѓСЏРІРё, СЂРѕР·РІРёРІР°СЋС‡Рё Р»РѕРіС–С‡РЅРµ РјРёСЃР»РµРЅРЅСЏ С‚Р° С‚РІРѕСЂС‡С–СЃС‚СЊ. Р†РіСЂР°С€РєР° Р±РµР·РїРµС‡РЅР°, РµРЅРµСЂРіРѕРµС„РµРєС‚РёРІРЅР° С– СЃРїСЂРёСЏС” СЂРѕР·РІРёС‚РєСѓ СЃРїРѕСЃС‚РµСЂРµР¶Р»РёРІРѕСЃС‚С–, СѓРІР°РіРё С‚Р° РІРёРЅР°С…С–РґР»РёРІРѕСЃС‚С– Сѓ РґС–С‚РµР№, Р·Р°Р±РµР·РїРµС‡СѓСЋС‡Рё РЅРµР·Р°Р±СѓС‚РЅС– РІСЂР°Р¶РµРЅРЅСЏ С‚Р° РЅР°РІС‡Р°Р»СЊРЅРёР№ РґРѕСЃРІС–Рґ.', 550, 0, 1000, 1002), (1004, 'РџСѓРїСЃРёРє РћРєСЃР°РЅРєР°', 'pupsik_oksanka', 'Р¦СЏ С–РіСЂР°С€РєР° РѕР±С”РґРЅСѓС” С–РЅРЅРѕРІР°С†С–Р№РЅРёР№ РґРёР·Р°Р№РЅ С‚Р° СЂРѕР·РІРёРІР°СЋС‡РёР№ С„СѓРЅРєС†С–РѕРЅР°Р», С‰Рѕ СЃРїСЂРёСЏС” СЂРѕР·РІРёС‚РєСѓ РЅР°РІРёС‡РѕРє Сѓ РґС–С‚РµР№. Р’РѕРЅР° СЃС‚РІРѕСЂСЋС” Р·Р°С…РѕРїР»СЋСЋС‡РёР№ СЃРІС–С‚ СѓСЏРІРё, СЂРѕР·РІРёРІР°СЋС‡Рё Р»РѕРіС–С‡РЅРµ РјРёСЃР»РµРЅРЅСЏ С‚Р° С‚РІРѕСЂС‡С–СЃС‚СЊ. Р†РіСЂР°С€РєР° Р±РµР·РїРµС‡РЅР°, РµРЅРµСЂРіРѕРµС„РµРєС‚РёРІРЅР° С– СЃРїСЂРёСЏС” СЂРѕР·РІРёС‚РєСѓ СЃРїРѕСЃС‚РµСЂРµР¶Р»РёРІРѕСЃС‚С–, СѓРІР°РіРё С‚Р° РІРёРЅР°С…С–РґР»РёРІРѕСЃС‚С– Сѓ РґС–С‚РµР№, Р·Р°Р±РµР·РїРµС‡СѓСЋС‡Рё РЅРµР·Р°Р±СѓС‚РЅС– РІСЂР°Р¶РµРЅРЅСЏ С‚Р° РЅР°РІС‡Р°Р»СЊРЅРёР№ РґРѕСЃРІС–Рґ.', 500, 150, 1000, 1003)
2024-01-31T22:56:38.812+02:00  INFO 12448 --- [           main] j.LocalContainerEntityManagerFactoryBean : Closing JPA EntityManagerFactory for persistence unit 'default'
2024-01-31T22:56:38.812+02:00  INFO 12448 --- [           main] .SchemaDropperImpl$DelayedDropActionImpl : HHH000477: Starting delayed evictData of schema as part of SessionFactory shut-down'
Hibernate: 
    
    drop table if exists address cascade 
Hibernate: 
    
    drop table if exists age_category cascade 
Hibernate: 
    
    drop table if exists app_order cascade 
Hibernate: 
    
    drop table if exists app_user cascade 
Hibernate: 
    
    drop table if exists authentication_token cascade 
Hibernate: 
    
    drop table if exists brand_category cascade 
Hibernate: 
    
    drop table if exists cart_item cascade 
Hibernate: 
    
    drop table if exists confirmation_token cascade 
Hibernate: 
    
    drop table if exists image cascade 
Hibernate: 
    
    drop table if exists order_details cascade 
Hibernate: 
    
    drop table if exists order_recipient cascade 
Hibernate: 
    
    drop table if exists origin_category cascade 
Hibernate: 
    
    drop table if exists payment cascade 
Hibernate: 
    
    drop table if exists phone_number cascade 
Hibernate: 
    
    drop table if exists product cascade 
Hibernate: 
    
    drop table if exists product_age_category cascade 
2024-01-31T22:56:38.814+02:00  INFO 12448 --- [           main] .s.b.a.l.ConditionEvaluationReportLogger : 

Error starting ApplicationContext. To display the condition evaluation report re-run your application with 'debug' enabled.
2024-01-31T22:56:38.816+02:00 ERROR 12448 --- [           main] o.s.boot.SpringApplication               : Application run failed

org.springframework.beans.factory.BeanCreationException: Error creating bean with name 'dataSourceScriptDatabaseInitializer' defined in class path resource [org/springframework/boot/autoconfigure/sql/init/DataSourceInitializationConfiguration.class]: Failed to execute SQL script statement #7 of class path resource [data.sql]: INSERT INTO product(id, name, slug, description, price, available_quantity, origin_id, brand_id) VALUES (1001, 'Р›СЏР»СЊРєР° РљР»Р°Р№РјР±РµСЂ', 'lyalka-klaymber', 'Р¦СЏ С–РіСЂР°С€РєР° РѕР±С”РґРЅСѓС” С–РЅРЅРѕРІР°С†С–Р№РЅРёР№ РґРёР·Р°Р№РЅ С‚Р° СЂРѕР·РІРёРІР°СЋС‡РёР№ С„СѓРЅРєС†С–РѕРЅР°Р», С‰Рѕ СЃРїСЂРёСЏС” СЂРѕР·РІРёС‚РєСѓ РЅР°РІРёС‡РѕРє Сѓ РґС–С‚РµР№. Р’РѕРЅР° СЃС‚РІРѕСЂСЋС” Р·Р°С…РѕРїР»СЋСЋС‡РёР№ СЃРІС–С‚ СѓСЏРІРё, СЂРѕР·РІРёРІР°СЋС‡Рё Р»РѕРіС–С‡РЅРµ РјРёСЃР»РµРЅРЅСЏ С‚Р° С‚РІРѕСЂС‡С–СЃС‚СЊ. Р†РіСЂР°С€РєР° Р±РµР·РїРµС‡РЅР°, РµРЅРµСЂРіРѕРµС„РµРєС‚РёРІРЅР° С– СЃРїСЂРёСЏС” СЂРѕР·РІРёС‚РєСѓ СЃРїРѕСЃС‚РµСЂРµР¶Р»РёРІРѕСЃС‚С–, СѓРІР°РіРё С‚Р° РІРёРЅР°С…С–РґР»РёРІРѕСЃС‚С– Сѓ РґС–С‚РµР№, Р·Р°Р±РµР·РїРµС‡СѓСЋС‡Рё РЅРµР·Р°Р±СѓС‚РЅС– РІСЂР°Р¶РµРЅРЅСЏ С‚Р° РЅР°РІС‡Р°Р»СЊРЅРёР№ РґРѕСЃРІС–Рґ.', 850, 1, 1000, 1000), (1002, 'Р›СЏР»СЊРєР° Р”Р°СЂРёРЅРєР°', 'lyalka-darynka', 'Р¦СЏ С–РіСЂР°С€РєР° РѕР±С”РґРЅСѓС” С–РЅРЅРѕРІР°С†С–Р№РЅРёР№ РґРёР·Р°Р№РЅ С‚Р° СЂРѕР·РІРёРІР°СЋС‡РёР№ С„СѓРЅРєС†С–РѕРЅР°Р», С‰Рѕ СЃРїСЂРёСЏС” СЂРѕР·РІРёС‚РєСѓ РЅР°РІРёС‡РѕРє Сѓ РґС–С‚РµР№. Р’РѕРЅР° СЃС‚РІРѕСЂСЋС” Р·Р°С…РѕРїР»СЋСЋС‡РёР№ СЃРІС–С‚ СѓСЏРІРё, СЂРѕР·РІРёРІР°СЋС‡Рё Р»РѕРіС–С‡РЅРµ РјРёСЃР»РµРЅРЅСЏ С‚Р° С‚РІРѕСЂС‡С–СЃС‚СЊ. Р†РіСЂР°С€РєР° Р±РµР·РїРµС‡РЅР°, РµРЅРµСЂРіРѕРµС„РµРєС‚РёРІРЅР° С– СЃРїСЂРёСЏС” СЂРѕР·РІРёС‚РєСѓ СЃРїРѕСЃС‚РµСЂРµР¶Р»РёРІРѕСЃС‚С–, СѓРІР°РіРё С‚Р° РІРёРЅР°С…С–РґР»РёРІРѕСЃС‚С– Сѓ РґС–С‚РµР№, Р·Р°Р±РµР·РїРµС‡СѓСЋС‡Рё РЅРµР·Р°Р±СѓС‚РЅС– РІСЂР°Р¶РµРЅРЅСЏ С‚Р° РЅР°РІС‡Р°Р»СЊРЅРёР№ РґРѕСЃРІС–Рґ.', 900, 200, 1001, 1001), (1003, 'Р›СЏР»СЊРєР° Р СѓСЃР°Р»РѕС‡РєР°', 'lyalka-rusalochka', 'Р¦СЏ С–РіСЂР°С€РєР° РѕР±С”РґРЅСѓС” С–РЅРЅРѕРІР°С†С–Р№РЅРёР№ РґРёР·Р°Р№РЅ С‚Р° СЂРѕР·РІРёРІР°СЋС‡РёР№ С„СѓРЅРєС†С–РѕРЅР°Р», С‰Рѕ СЃРїСЂРёСЏС” СЂРѕР·РІРёС‚РєСѓ РЅР°РІРёС‡РѕРє Сѓ РґС–С‚РµР№. Р’РѕРЅР° СЃС‚РІРѕСЂСЋС” Р·Р°С…РѕРїР»СЋСЋС‡РёР№ СЃРІС–С‚ СѓСЏРІРё, СЂРѕР·РІРёРІР°СЋС‡Рё Р»РѕРіС–С‡РЅРµ РјРёСЃР»РµРЅРЅСЏ С‚Р° С‚РІРѕСЂС‡С–СЃС‚СЊ. Р†РіСЂР°С€РєР° Р±РµР·РїРµС‡РЅР°, РµРЅРµСЂРіРѕРµС„РµРєС‚РёРІРЅР° С– СЃРїСЂРёСЏС” СЂРѕР·РІРёС‚РєСѓ СЃРїРѕСЃС‚РµСЂРµР¶Р»РёРІРѕСЃС‚С–, СѓРІР°РіРё С‚Р° РІРёРЅР°С…С–РґР»РёРІРѕСЃС‚С– Сѓ РґС–С‚РµР№, Р·Р°Р±РµР·РїРµС‡СѓСЋС‡Рё РЅРµР·Р°Р±СѓС‚РЅС– РІСЂР°Р¶РµРЅРЅСЏ С‚Р° РЅР°РІС‡Р°Р»СЊРЅРёР№ РґРѕСЃРІС–Рґ.', 550, 0, 1000, 1002), (1004, 'РџСѓРїСЃРёРє РћРєСЃР°РЅРєР°', 'pupsik_oksanka', 'Р¦СЏ С–РіСЂР°С€РєР° РѕР±С”РґРЅСѓС” С–РЅРЅРѕРІР°С†С–Р№РЅРёР№ РґРёР·Р°Р№РЅ С‚Р° СЂРѕР·РІРёРІР°СЋС‡РёР№ С„СѓРЅРєС†С–РѕРЅР°Р», С‰Рѕ СЃРїСЂРёСЏС” СЂРѕР·РІРёС‚РєСѓ РЅР°РІРёС‡РѕРє Сѓ РґС–С‚РµР№. Р’РѕРЅР° СЃС‚РІРѕСЂСЋС” Р·Р°С…РѕРїР»СЋСЋС‡РёР№ СЃРІС–С‚ СѓСЏРІРё, СЂРѕР·РІРёРІР°СЋС‡Рё Р»РѕРіС–С‡РЅРµ РјРёСЃР»РµРЅРЅСЏ С‚Р° С‚РІРѕСЂС‡С–СЃС‚СЊ. Р†РіСЂР°С€РєР° Р±РµР·РїРµС‡РЅР°, РµРЅРµСЂРіРѕРµС„РµРєС‚РёРІРЅР° С– СЃРїСЂРёСЏС” СЂРѕР·РІРёС‚РєСѓ СЃРїРѕСЃС‚РµСЂРµР¶Р»РёРІРѕСЃС‚С–, СѓРІР°РіРё С‚Р° РІРёРЅР°С…С–РґР»РёРІРѕСЃС‚С– Сѓ РґС–С‚РµР№, Р·Р°Р±РµР·РїРµС‡СѓСЋС‡Рё РЅРµР·Р°Р±СѓС‚РЅС– РІСЂР°Р¶РµРЅРЅСЏ С‚Р° РЅР°РІС‡Р°Р»СЊРЅРёР№ РґРѕСЃРІС–Рґ.', 500, 150, 1000, 1003)
	at org.springframework.beans.factory.support.AbstractAutowireCapableBeanFactory.initializeBean(AbstractAutowireCapableBeanFactory.java:1762) ~[spring-beans-6.0.6.jar:6.0.6]
	at org.springframework.beans.factory.support.AbstractAutowireCapableBeanFactory.doCreateBean(AbstractAutowireCapableBeanFactory.java:599) ~[spring-beans-6.0.6.jar:6.0.6]
	at org.springframework.beans.factory.support.AbstractAutowireCapableBeanFactory.createBean(AbstractAutowireCapableBeanFactory.java:521) ~[spring-beans-6.0.6.jar:6.0.6]
	at org.springframework.beans.factory.support.AbstractBeanFactory.lambda$doGetBean$0(AbstractBeanFactory.java:326) ~[spring-beans-6.0.6.jar:6.0.6]
	at org.springframework.beans.factory.support.DefaultSingletonBeanRegistry.getSingleton(DefaultSingletonBeanRegistry.java:234) ~[spring-beans-6.0.6.jar:6.0.6]
	at org.springframework.beans.factory.support.AbstractBeanFactory.doGetBean(AbstractBeanFactory.java:324) ~[spring-beans-6.0.6.jar:6.0.6]
	at org.springframework.beans.factory.support.AbstractBeanFactory.getBean(AbstractBeanFactory.java:200) ~[spring-beans-6.0.6.jar:6.0.6]
	at org.springframework.beans.factory.support.AbstractBeanFactory.doGetBean(AbstractBeanFactory.java:313) ~[spring-beans-6.0.6.jar:6.0.6]
	at org.springframework.beans.factory.support.AbstractBeanFactory.getBean(AbstractBeanFactory.java:200) ~[spring-beans-6.0.6.jar:6.0.6]
	at org.springframework.beans.factory.support.DefaultListableBeanFactory.preInstantiateSingletons(DefaultListableBeanFactory.java:961) ~[spring-beans-6.0.6.jar:6.0.6]
	at org.springframework.context.support.AbstractApplicationContext.finishBeanFactoryInitialization(AbstractApplicationContext.java:917) ~[spring-context-6.0.6.jar:6.0.6]
	at org.springframework.context.support.AbstractApplicationContext.refresh(AbstractApplicationContext.java:584) ~[spring-context-6.0.6.jar:6.0.6]
	at org.springframework.boot.SpringApplication.refresh(SpringApplication.java:732) ~[spring-boot-3.0.4.jar:3.0.4]
	at org.springframework.boot.SpringApplication.refreshContext(SpringApplication.java:434) ~[spring-boot-3.0.4.jar:3.0.4]
	at org.springframework.boot.SpringApplication.run(SpringApplication.java:310) ~[spring-boot-3.0.4.jar:3.0.4]
	at org.springframework.boot.test.context.SpringBootContextLoader.lambda$loadContext$3(SpringBootContextLoader.java:137) ~[spring-boot-test-3.0.4.jar:3.0.4]
	at org.springframework.util.function.ThrowingSupplier.get(ThrowingSupplier.java:59) ~[spring-core-6.0.6.jar:6.0.6]
	at org.springframework.util.function.ThrowingSupplier.get(ThrowingSupplier.java:47) ~[spring-core-6.0.6.jar:6.0.6]
	at org.springframework.boot.SpringApplication.withHook(SpringApplication.java:1388) ~[spring-boot-3.0.4.jar:3.0.4]
	at org.springframework.boot.test.context.SpringBootContextLoader$ContextLoaderHook.run(SpringBootContextLoader.java:545) ~[spring-boot-test-3.0.4.jar:3.0.4]
	at org.springframework.boot.test.context.SpringBootContextLoader.loadContext(SpringBootContextLoader.java:137) ~[spring-boot-test-3.0.4.jar:3.0.4]
	at org.springframework.boot.test.context.SpringBootContextLoader.loadContext(SpringBootContextLoader.java:108) ~[spring-boot-test-3.0.4.jar:3.0.4]
	at org.springframework.test.context.cache.DefaultCacheAwareContextLoaderDelegate.loadContextInternal(DefaultCacheAwareContextLoaderDelegate.java:184) ~[spring-test-6.0.6.jar:6.0.6]
	at org.springframework.test.context.cache.DefaultCacheAwareContextLoaderDelegate.loadContext(DefaultCacheAwareContextLoaderDelegate.java:118) ~[spring-test-6.0.6.jar:6.0.6]
	at org.springframework.test.context.support.DefaultTestContext.getApplicationContext(DefaultTestContext.java:127) ~[spring-test-6.0.6.jar:6.0.6]
	at org.springframework.test.context.support.DependencyInjectionTestExecutionListener.injectDependencies(DependencyInjectionTestExecutionListener.java:141) ~[spring-test-6.0.6.jar:6.0.6]
	at org.springframework.test.context.support.DependencyInjectionTestExecutionListener.prepareTestInstance(DependencyInjectionTestExecutionListener.java:97) ~[spring-test-6.0.6.jar:6.0.6]
	at org.springframework.test.context.TestContextManager.prepareTestInstance(TestContextManager.java:241) ~[spring-test-6.0.6.jar:6.0.6]
	at org.springframework.test.context.junit.jupiter.SpringExtension.postProcessTestInstance(SpringExtension.java:138) ~[spring-test-6.0.6.jar:6.0.6]
	at org.junit.jupiter.engine.descriptor.ClassBasedTestDescriptor.lambda$invokeTestInstancePostProcessors$10(ClassBasedTestDescriptor.java:377) ~[junit-jupiter-engine-5.9.2.jar:5.9.2]
	at org.junit.jupiter.engine.descriptor.ClassBasedTestDescriptor.executeAndMaskThrowable(ClassBasedTestDescriptor.java:382) ~[junit-jupiter-engine-5.9.2.jar:5.9.2]
	at org.junit.jupiter.engine.descriptor.ClassBasedTestDescriptor.lambda$invokeTestInstancePostProcessors$11(ClassBasedTestDescriptor.java:377) ~[junit-jupiter-engine-5.9.2.jar:5.9.2]
	at java.base/java.util.stream.ReferencePipeline$3$1.accept(ReferencePipeline.java:197) ~[na:na]
	at java.base/java.util.stream.ReferencePipeline$2$1.accept(ReferencePipeline.java:179) ~[na:na]
	at java.base/java.util.ArrayList$ArrayListSpliterator.forEachRemaining(ArrayList.java:1625) ~[na:na]
	at java.base/java.util.stream.AbstractPipeline.copyInto(AbstractPipeline.java:509) ~[na:na]
	at java.base/java.util.stream.AbstractPipeline.wrapAndCopyInto(AbstractPipeline.java:499) ~[na:na]
	at java.base/java.util.stream.StreamSpliterators$WrappingSpliterator.forEachRemaining(StreamSpliterators.java:310) ~[na:na]
	at java.base/java.util.stream.Streams$ConcatSpliterator.forEachRemaining(Streams.java:735) ~[na:na]
	at java.base/java.util.stream.Streams$ConcatSpliterator.forEachRemaining(Streams.java:734) ~[na:na]
	at java.base/java.util.stream.ReferencePipeline$Head.forEach(ReferencePipeline.java:762) ~[na:na]
	at org.junit.jupiter.engine.descriptor.ClassBasedTestDescriptor.invokeTestInstancePostProcessors(ClassBasedTestDescriptor.java:376) ~[junit-jupiter-engine-5.9.2.jar:5.9.2]
	at org.junit.jupiter.engine.descriptor.ClassBasedTestDescriptor.lambda$instantiateAndPostProcessTestInstance$6(ClassBasedTestDescriptor.java:289) ~[junit-jupiter-engine-5.9.2.jar:5.9.2]
	at org.junit.platform.engine.support.hierarchical.ThrowableCollector.execute(ThrowableCollector.java:73) ~[junit-platform-engine-1.9.2.jar:1.9.2]
	at org.junit.jupiter.engine.descriptor.ClassBasedTestDescriptor.instantiateAndPostProcessTestInstance(ClassBasedTestDescriptor.java:288) ~[junit-jupiter-engine-5.9.2.jar:5.9.2]
	at org.junit.jupiter.engine.descriptor.ClassBasedTestDescriptor.lambda$testInstancesProvider$4(ClassBasedTestDescriptor.java:278) ~[junit-jupiter-engine-5.9.2.jar:5.9.2]
	at java.base/java.util.Optional.orElseGet(Optional.java:364) ~[na:na]
	at org.junit.jupiter.engine.descriptor.ClassBasedTestDescriptor.lambda$testInstancesProvider$5(ClassBasedTestDescriptor.java:277) ~[junit-jupiter-engine-5.9.2.jar:5.9.2]
	at org.junit.jupiter.engine.execution.TestInstancesProvider.getTestInstances(TestInstancesProvider.java:31) ~[junit-jupiter-engine-5.9.2.jar:5.9.2]
	at org.junit.jupiter.engine.descriptor.TestMethodTestDescriptor.lambda$prepare$0(TestMethodTestDescriptor.java:105) ~[junit-jupiter-engine-5.9.2.jar:5.9.2]
	at org.junit.platform.engine.support.hierarchical.ThrowableCollector.execute(ThrowableCollector.java:73) ~[junit-platform-engine-1.9.2.jar:1.9.2]
	at org.junit.jupiter.engine.descriptor.TestMethodTestDescriptor.prepare(TestMethodTestDescriptor.java:104) ~[junit-jupiter-engine-5.9.2.jar:5.9.2]
	at org.junit.jupiter.engine.descriptor.TestMethodTestDescriptor.prepare(TestMethodTestDescriptor.java:68) ~[junit-jupiter-engine-5.9.2.jar:5.9.2]
	at org.junit.platform.engine.support.hierarchical.NodeTestTask.lambda$prepare$2(NodeTestTask.java:123) ~[junit-platform-engine-1.9.2.jar:1.9.2]
	at org.junit.platform.engine.support.hierarchical.ThrowableCollector.execute(ThrowableCollector.java:73) ~[junit-platform-engine-1.9.2.jar:1.9.2]
	at org.junit.platform.engine.support.hierarchical.NodeTestTask.prepare(NodeTestTask.java:123) ~[junit-platform-engine-1.9.2.jar:1.9.2]
	at org.junit.platform.engine.support.hierarchical.NodeTestTask.execute(NodeTestTask.java:90) ~[junit-platform-engine-1.9.2.jar:1.9.2]
	at java.base/java.util.ArrayList.forEach(ArrayList.java:1511) ~[na:na]
	at org.junit.platform.engine.support.hierarchical.SameThreadHierarchicalTestExecutorService.invokeAll(SameThreadHierarchicalTestExecutorService.java:41) ~[junit-platform-engine-1.9.2.jar:1.9.2]
	at org.junit.platform.engine.support.hierarchical.NodeTestTask.lambda$executeRecursively$6(NodeTestTask.java:155) ~[junit-platform-engine-1.9.2.jar:1.9.2]
	at org.junit.platform.engine.support.hierarchical.ThrowableCollector.execute(ThrowableCollector.java:73) ~[junit-platform-engine-1.9.2.jar:1.9.2]
	at org.junit.platform.engine.support.hierarchical.NodeTestTask.lambda$executeRecursively$8(NodeTestTask.java:141) ~[junit-platform-engine-1.9.2.jar:1.9.2]
	at org.junit.platform.engine.support.hierarchical.Node.around(Node.java:137) ~[junit-platform-engine-1.9.2.jar:1.9.2]
	at org.junit.platform.engine.support.hierarchical.NodeTestTask.lambda$executeRecursively$9(NodeTestTask.java:139) ~[junit-platform-engine-1.9.2.jar:1.9.2]
	at org.junit.platform.engine.support.hierarchical.ThrowableCollector.execute(ThrowableCollector.java:73) ~[junit-platform-engine-1.9.2.jar:1.9.2]
	at org.junit.platform.engine.support.hierarchical.NodeTestTask.executeRecursively(NodeTestTask.java:138) ~[junit-platform-engine-1.9.2.jar:1.9.2]
	at org.junit.platform.engine.support.hierarchical.NodeTestTask.execute(NodeTestTask.java:95) ~[junit-platform-engine-1.9.2.jar:1.9.2]
	at java.base/java.util.ArrayList.forEach(ArrayList.java:1511) ~[na:na]
	at org.junit.platform.engine.support.hierarchical.SameThreadHierarchicalTestExecutorService.invokeAll(SameThreadHierarchicalTestExecutorService.java:41) ~[junit-platform-engine-1.9.2.jar:1.9.2]
	at org.junit.platform.engine.support.hierarchical.NodeTestTask.lambda$executeRecursively$6(NodeTestTask.java:155) ~[junit-platform-engine-1.9.2.jar:1.9.2]
	at org.junit.platform.engine.support.hierarchical.ThrowableCollector.execute(ThrowableCollector.java:73) ~[junit-platform-engine-1.9.2.jar:1.9.2]
	at org.junit.platform.engine.support.hierarchical.NodeTestTask.lambda$executeRecursively$8(NodeTestTask.java:141) ~[junit-platform-engine-1.9.2.jar:1.9.2]
	at org.junit.platform.engine.support.hierarchical.Node.around(Node.java:137) ~[junit-platform-engine-1.9.2.jar:1.9.2]
	at org.junit.platform.engine.support.hierarchical.NodeTestTask.lambda$executeRecursively$9(NodeTestTask.java:139) ~[junit-platform-engine-1.9.2.jar:1.9.2]
	at org.junit.platform.engine.support.hierarchical.ThrowableCollector.execute(ThrowableCollector.java:73) ~[junit-platform-engine-1.9.2.jar:1.9.2]
	at org.junit.platform.engine.support.hierarchical.NodeTestTask.executeRecursively(NodeTestTask.java:138) ~[junit-platform-engine-1.9.2.jar:1.9.2]
	at org.junit.platform.engine.support.hierarchical.NodeTestTask.execute(NodeTestTask.java:95) ~[junit-platform-engine-1.9.2.jar:1.9.2]
	at org.junit.platform.engine.support.hierarchical.SameThreadHierarchicalTestExecutorService.submit(SameThreadHierarchicalTestExecutorService.java:35) ~[junit-platform-engine-1.9.2.jar:1.9.2]
	at org.junit.platform.engine.support.hierarchical.HierarchicalTestExecutor.execute(HierarchicalTestExecutor.java:57) ~[junit-platform-engine-1.9.2.jar:1.9.2]
	at org.junit.platform.engine.support.hierarchical.HierarchicalTestEngine.execute(HierarchicalTestEngine.java:54) ~[junit-platform-engine-1.9.2.jar:1.9.2]
	at org.junit.platform.launcher.core.DefaultLauncher.execute(DefaultLauncher.java:220) ~[junit-platform-launcher-1.3.1.jar:1.3.1]
	at org.junit.platform.launcher.core.DefaultLauncher.lambda$execute$6(DefaultLauncher.java:188) ~[junit-platform-launcher-1.3.1.jar:1.3.1]
	at org.junit.platform.launcher.core.DefaultLauncher.withInterceptedStreams(DefaultLauncher.java:202) ~[junit-platform-launcher-1.3.1.jar:1.3.1]
	at org.junit.platform.launcher.core.DefaultLauncher.execute(DefaultLauncher.java:181) ~[junit-platform-launcher-1.3.1.jar:1.3.1]
	at org.junit.platform.launcher.core.DefaultLauncher.execute(DefaultLauncher.java:128) ~[junit-platform-launcher-1.3.1.jar:1.3.1]
	at org.apache.maven.surefire.junitplatform.JUnitPlatformProvider.invokeAllTests(JUnitPlatformProvider.java:150) ~[surefire-junit-platform-2.22.2.jar:2.22.2]
	at org.apache.maven.surefire.junitplatform.JUnitPlatformProvider.invoke(JUnitPlatformProvider.java:124) ~[surefire-junit-platform-2.22.2.jar:2.22.2]
	at org.apache.maven.surefire.booter.ForkedBooter.invokeProviderInSameClassLoader(ForkedBooter.java:384) ~[surefire-booter-2.22.2.jar:2.22.2]
	at org.apache.maven.surefire.booter.ForkedBooter.runSuitesInProcess(ForkedBooter.java:345) ~[surefire-booter-2.22.2.jar:2.22.2]
	at org.apache.maven.surefire.booter.ForkedBooter.execute(ForkedBooter.java:126) ~[surefire-booter-2.22.2.jar:2.22.2]
	at org.apache.maven.surefire.booter.ForkedBooter.main(ForkedBooter.java:418) ~[surefire-booter-2.22.2.jar:2.22.2]
Caused by: org.springframework.jdbc.datasource.init.ScriptStatementFailedException: Failed to execute SQL script statement #7 of class path resource [data.sql]: INSERT INTO product(id, name, slug, description, price, available_quantity, origin_id, brand_id) VALUES (1001, 'Р›СЏР»СЊРєР° РљР»Р°Р№РјР±РµСЂ', 'lyalka-klaymber', 'Р¦СЏ С–РіСЂР°С€РєР° РѕР±С”РґРЅСѓС” С–РЅРЅРѕРІР°С†С–Р№РЅРёР№ РґРёР·Р°Р№РЅ С‚Р° СЂРѕР·РІРёРІР°СЋС‡РёР№ С„СѓРЅРєС†С–РѕРЅР°Р», С‰Рѕ СЃРїСЂРёСЏС” СЂРѕР·РІРёС‚РєСѓ РЅР°РІРёС‡РѕРє Сѓ РґС–С‚РµР№. Р’РѕРЅР° СЃС‚РІРѕСЂСЋС” Р·Р°С…РѕРїР»СЋСЋС‡РёР№ СЃРІС–С‚ СѓСЏРІРё, СЂРѕР·РІРёРІР°СЋС‡Рё Р»РѕРіС–С‡РЅРµ РјРёСЃР»РµРЅРЅСЏ С‚Р° С‚РІРѕСЂС‡С–СЃС‚СЊ. Р†РіСЂР°С€РєР° Р±РµР·РїРµС‡РЅР°, РµРЅРµСЂРіРѕРµС„РµРєС‚РёРІРЅР° С– СЃРїСЂРёСЏС” СЂРѕР·РІРёС‚РєСѓ СЃРїРѕСЃС‚РµСЂРµР¶Р»РёРІРѕСЃС‚С–, СѓРІР°РіРё С‚Р° РІРёРЅР°С…С–РґР»РёРІРѕСЃС‚С– Сѓ РґС–С‚РµР№, Р·Р°Р±РµР·РїРµС‡СѓСЋС‡Рё РЅРµР·Р°Р±СѓС‚РЅС– РІСЂР°Р¶РµРЅРЅСЏ С‚Р° РЅР°РІС‡Р°Р»СЊРЅРёР№ РґРѕСЃРІС–Рґ.', 850, 1, 1000, 1000), (1002, 'Р›СЏР»СЊРєР° Р”Р°СЂРёРЅРєР°', 'lyalka-darynka', 'Р¦СЏ С–РіСЂР°С€РєР° РѕР±С”РґРЅСѓС” С–РЅРЅРѕРІР°С†С–Р№РЅРёР№ РґРёР·Р°Р№РЅ С‚Р° СЂРѕР·РІРёРІР°СЋС‡РёР№ С„СѓРЅРєС†С–РѕРЅР°Р», С‰Рѕ СЃРїСЂРёСЏС” СЂРѕР·РІРёС‚РєСѓ РЅР°РІРёС‡РѕРє Сѓ РґС–С‚РµР№. Р’РѕРЅР° СЃС‚РІРѕСЂСЋС” Р·Р°С…РѕРїР»СЋСЋС‡РёР№ СЃРІС–С‚ СѓСЏРІРё, СЂРѕР·РІРёРІР°СЋС‡Рё Р»РѕРіС–С‡РЅРµ РјРёСЃР»РµРЅРЅСЏ С‚Р° С‚РІРѕСЂС‡С–СЃС‚СЊ. Р†РіСЂР°С€РєР° Р±РµР·РїРµС‡РЅР°, РµРЅРµСЂРіРѕРµС„РµРєС‚РёРІРЅР° С– СЃРїСЂРёСЏС” СЂРѕР·РІРёС‚РєСѓ СЃРїРѕСЃС‚РµСЂРµР¶Р»РёРІРѕСЃС‚С–, СѓРІР°РіРё С‚Р° РІРёРЅР°С…С–РґР»РёРІРѕСЃС‚С– Сѓ РґС–С‚РµР№, Р·Р°Р±РµР·РїРµС‡СѓСЋС‡Рё РЅРµР·Р°Р±СѓС‚РЅС– РІСЂР°Р¶РµРЅРЅСЏ С‚Р° РЅР°РІС‡Р°Р»СЊРЅРёР№ РґРѕСЃРІС–Рґ.', 900, 200, 1001, 1001), (1003, 'Р›СЏР»СЊРєР° Р СѓСЃР°Р»РѕС‡РєР°', 'lyalka-rusalochka', 'Р¦СЏ С–РіСЂР°С€РєР° РѕР±С”РґРЅСѓС” С–РЅРЅРѕРІР°С†С–Р№РЅРёР№ РґРёР·Р°Р№РЅ С‚Р° СЂРѕР·РІРёРІР°СЋС‡РёР№ С„СѓРЅРєС†С–РѕРЅР°Р», С‰Рѕ СЃРїСЂРёСЏС” СЂРѕР·РІРёС‚РєСѓ РЅР°РІРёС‡РѕРє Сѓ РґС–С‚РµР№. Р’РѕРЅР° СЃС‚РІРѕСЂСЋС” Р·Р°С…РѕРїР»СЋСЋС‡РёР№ СЃРІС–С‚ СѓСЏРІРё, СЂРѕР·РІРёРІР°СЋС‡Рё Р»РѕРіС–С‡РЅРµ РјРёСЃР»РµРЅРЅСЏ С‚Р° С‚РІРѕСЂС‡С–СЃС‚СЊ. Р†РіСЂР°С€РєР° Р±РµР·РїРµС‡РЅР°, РµРЅРµСЂРіРѕРµС„РµРєС‚РёРІРЅР° С– СЃРїСЂРёСЏС” СЂРѕР·РІРёС‚РєСѓ СЃРїРѕСЃС‚РµСЂРµР¶Р»РёРІРѕСЃС‚С–, СѓРІР°РіРё С‚Р° РІРёРЅР°С…С–РґР»РёРІРѕСЃС‚С– Сѓ РґС–С‚РµР№, Р·Р°Р±РµР·РїРµС‡СѓСЋС‡Рё РЅРµР·Р°Р±СѓС‚РЅС– РІСЂР°Р¶РµРЅРЅСЏ С‚Р° РЅР°РІС‡Р°Р»СЊРЅРёР№ РґРѕСЃРІС–Рґ.', 550, 0, 1000, 1002), (1004, 'РџСѓРїСЃРёРє РћРєСЃР°РЅРєР°', 'pupsik_oksanka', 'Р¦СЏ С–РіСЂР°С€РєР° РѕР±С”РґРЅСѓС” С–РЅРЅРѕРІР°С†С–Р№РЅРёР№ РґРёР·Р°Р№РЅ С‚Р° СЂРѕР·РІРёРІР°СЋС‡РёР№ С„СѓРЅРєС†С–РѕРЅР°Р», С‰Рѕ СЃРїСЂРёСЏС” СЂРѕР·РІРёС‚РєСѓ РЅР°РІРёС‡РѕРє Сѓ РґС–С‚РµР№. Р’РѕРЅР° СЃС‚РІРѕСЂСЋС” Р·Р°С…РѕРїР»СЋСЋС‡РёР№ СЃРІС–С‚ СѓСЏРІРё, СЂРѕР·РІРёРІР°СЋС‡Рё Р»РѕРіС–С‡РЅРµ РјРёСЃР»РµРЅРЅСЏ С‚Р° С‚РІРѕСЂС‡С–СЃС‚СЊ. Р†РіСЂР°С€РєР° Р±РµР·РїРµС‡РЅР°, РµРЅРµСЂРіРѕРµС„РµРєС‚РёРІРЅР° С– СЃРїСЂРёСЏС” СЂРѕР·РІРёС‚РєСѓ СЃРїРѕСЃС‚РµСЂРµР¶Р»РёРІРѕСЃС‚С–, СѓРІР°РіРё С‚Р° РІРёРЅР°С…С–РґР»РёРІРѕСЃС‚С– Сѓ РґС–С‚РµР№, Р·Р°Р±РµР·РїРµС‡СѓСЋС‡Рё РЅРµР·Р°Р±СѓС‚РЅС– РІСЂР°Р¶РµРЅРЅСЏ С‚Р° РЅР°РІС‡Р°Р»СЊРЅРёР№ РґРѕСЃРІС–Рґ.', 500, 150, 1000, 1003)
	at org.springframework.jdbc.datasource.init.ScriptUtils.executeSqlScript(ScriptUtils.java:282) ~[spring-jdbc-6.0.6.jar:6.0.6]
	at org.springframework.jdbc.datasource.init.ResourceDatabasePopulator.populate(ResourceDatabasePopulator.java:254) ~[spring-jdbc-6.0.6.jar:6.0.6]
	at org.springframework.jdbc.datasource.init.DatabasePopulatorUtils.execute(DatabasePopulatorUtils.java:54) ~[spring-jdbc-6.0.6.jar:6.0.6]
	at org.springframework.boot.jdbc.init.DataSourceScriptDatabaseInitializer.runScripts(DataSourceScriptDatabaseInitializer.java:87) ~[spring-boot-3.0.4.jar:3.0.4]
	at org.springframework.boot.sql.init.AbstractScriptDatabaseInitializer.runScripts(AbstractScriptDatabaseInitializer.java:146) ~[spring-boot-3.0.4.jar:3.0.4]
	at org.springframework.boot.sql.init.AbstractScriptDatabaseInitializer.applyScripts(AbstractScriptDatabaseInitializer.java:108) ~[spring-boot-3.0.4.jar:3.0.4]
	at org.springframework.boot.sql.init.AbstractScriptDatabaseInitializer.applyDataScripts(AbstractScriptDatabaseInitializer.java:102) ~[spring-boot-3.0.4.jar:3.0.4]
	at org.springframework.boot.sql.init.AbstractScriptDatabaseInitializer.initializeDatabase(AbstractScriptDatabaseInitializer.java:77) ~[spring-boot-3.0.4.jar:3.0.4]
	at org.springframework.boot.sql.init.AbstractScriptDatabaseInitializer.afterPropertiesSet(AbstractScriptDatabaseInitializer.java:66) ~[spring-boot-3.0.4.jar:3.0.4]
	at org.springframework.beans.factory.support.AbstractAutowireCapableBeanFactory.invokeInitMethods(AbstractAutowireCapableBeanFactory.java:1808) ~[spring-beans-6.0.6.jar:6.0.6]
	at org.springframework.beans.factory.support.AbstractAutowireCapableBeanFactory.initializeBean(AbstractAutowireCapableBeanFactory.java:1758) ~[spring-beans-6.0.6.jar:6.0.6]
	... 90 common frames omitted
Caused by: org.h2.jdbc.JdbcSQLDataException: Value too long for column "DESCRIPTION CHARACTER VARYING(500)": "U&'\\0420\\00a6\\0421\\040f \\0421\\2013\\0420\\0456\\0421\\0402\\0420\\00b0\\0421\\20ac\\0420\\... (623)"; SQL statement:
INSERT INTO product(id, name, slug, description, price, available_quantity, origin_id, brand_id) VALUES (1001, 'Р›СЏР»СЊРєР° РљР»Р°Р№РјР±РµСЂ', 'lyalka-klaymber', 'Р¦СЏ С–РіСЂР°С€РєР° РѕР±С”РґРЅСѓС” С–РЅРЅРѕРІР°С†С–Р№РЅРёР№ РґРёР·Р°Р№РЅ С‚Р° СЂРѕР·РІРёРІР°СЋС‡РёР№ С„СѓРЅРєС†С–РѕРЅР°Р», С‰Рѕ СЃРїСЂРёСЏС” СЂРѕР·РІРёС‚РєСѓ РЅР°РІРёС‡РѕРє Сѓ РґС–С‚РµР№. Р’РѕРЅР° СЃС‚РІРѕСЂСЋС” Р·Р°С…РѕРїР»СЋСЋС‡РёР№ СЃРІС–С‚ СѓСЏРІРё, СЂРѕР·РІРёРІР°СЋС‡Рё Р»РѕРіС–С‡РЅРµ РјРёСЃР»РµРЅРЅСЏ С‚Р° С‚РІРѕСЂС‡С–СЃС‚СЊ. Р†РіСЂР°С€РєР° Р±РµР·РїРµС‡РЅР°, РµРЅРµСЂРіРѕРµС„РµРєС‚РёРІРЅР° С– СЃРїСЂРёСЏС” СЂРѕР·РІРёС‚РєСѓ СЃРїРѕСЃС‚РµСЂРµР¶Р»РёРІРѕСЃС‚С–, СѓРІР°РіРё С‚Р° РІРёРЅР°С…С–РґР»РёРІРѕСЃС‚С– Сѓ РґС–С‚РµР№, Р·Р°Р±РµР·РїРµС‡СѓСЋС‡Рё РЅРµР·Р°Р±СѓС‚РЅС– РІСЂР°Р¶РµРЅРЅСЏ С‚Р° РЅР°РІС‡Р°Р»СЊРЅРёР№ РґРѕСЃРІС–Рґ.', 850, 1, 1000, 1000), (1002, 'Р›СЏР»СЊРєР° Р”Р°СЂРёРЅРєР°', 'lyalka-darynka', 'Р¦СЏ С–РіСЂР°С€РєР° РѕР±С”РґРЅСѓС” С–РЅРЅРѕРІР°С†С–Р№РЅРёР№ РґРёР·Р°Р№РЅ С‚Р° СЂРѕР·РІРёРІР°СЋС‡РёР№ С„СѓРЅРєС†С–РѕРЅР°Р», С‰Рѕ СЃРїСЂРёСЏС” СЂРѕР·РІРёС‚РєСѓ РЅР°РІРёС‡РѕРє Сѓ РґС–С‚РµР№. Р’РѕРЅР° СЃС‚РІРѕСЂСЋС” Р·Р°С…РѕРїР»СЋСЋС‡РёР№ СЃРІС–С‚ СѓСЏРІРё, СЂРѕР·РІРёРІР°СЋС‡Рё Р»РѕРіС–С‡РЅРµ РјРёСЃР»РµРЅРЅСЏ С‚Р° С‚РІРѕСЂС‡С–СЃС‚СЊ. Р†РіСЂР°С€РєР° Р±РµР·РїРµС‡РЅР°, РµРЅРµСЂРіРѕРµС„РµРєС‚РёРІРЅР° С– СЃРїСЂРёСЏС” СЂРѕР·РІРёС‚РєСѓ СЃРїРѕСЃС‚РµСЂРµР¶Р»РёРІРѕСЃС‚С–, СѓРІР°РіРё С‚Р° РІРёРЅР°С…С–РґР»РёРІРѕСЃС‚С– Сѓ РґС–С‚РµР№, Р·Р°Р±РµР·РїРµС‡СѓСЋС‡Рё РЅРµР·Р°Р±СѓС‚РЅС– РІСЂР°Р¶РµРЅРЅСЏ С‚Р° РЅР°РІС‡Р°Р»СЊРЅРёР№ РґРѕСЃРІС–Рґ.', 900, 200, 1001, 1001), (1003, 'Р›СЏР»СЊРєР° Р СѓСЃР°Р»РѕС‡РєР°', 'lyalka-rusalochka', 'Р¦СЏ С–РіСЂР°С€РєР° РѕР±С”РґРЅСѓС” С–РЅРЅРѕРІР°С†С–Р№РЅРёР№ РґРёР·Р°Р№РЅ С‚Р° СЂРѕР·РІРёРІР°СЋС‡РёР№ С„СѓРЅРєС†С–РѕРЅР°Р», С‰Рѕ СЃРїСЂРёСЏС” СЂРѕР·РІРёС‚РєСѓ РЅР°РІРёС‡РѕРє Сѓ РґС–С‚РµР№. Р’РѕРЅР° СЃС‚РІРѕСЂСЋС” Р·Р°С…РѕРїР»СЋСЋС‡РёР№ СЃРІС–С‚ СѓСЏРІРё, СЂРѕР·РІРёРІР°СЋС‡Рё Р»РѕРіС–С‡РЅРµ РјРёСЃР»РµРЅРЅСЏ С‚Р° С‚РІРѕСЂС‡С–СЃС‚СЊ. Р†РіСЂР°С€РєР° Р±РµР·РїРµС‡РЅР°, РµРЅРµСЂРіРѕРµС„РµРєС‚РёРІРЅР° С– СЃРїСЂРёСЏС” СЂРѕР·РІРёС‚РєСѓ СЃРїРѕСЃС‚РµСЂРµР¶Р»РёРІРѕСЃС‚С–, СѓРІР°РіРё С‚Р° РІРёРЅР°С…С–РґР»РёРІРѕСЃС‚С– Сѓ РґС–С‚РµР№, Р·Р°Р±РµР·РїРµС‡СѓСЋС‡Рё РЅРµР·Р°Р±СѓС‚РЅС– РІСЂР°Р¶РµРЅРЅСЏ С‚Р° РЅР°РІС‡Р°Р»СЊРЅРёР№ РґРѕСЃРІС–Рґ.', 550, 0, 1000, 1002), (1004, 'РџСѓРїСЃРёРє РћРєСЃР°РЅРєР°', 'pupsik_oksanka', 'Р¦СЏ С–РіСЂР°С€РєР° РѕР±С”РґРЅСѓС” С–РЅРЅРѕРІР°С†С–Р№РЅРёР№ РґРёР·Р°Р№РЅ С‚Р° СЂРѕР·РІРёРІР°СЋС‡РёР№ С„СѓРЅРєС†С–РѕРЅР°Р», С‰Рѕ СЃРїСЂРёСЏС” СЂРѕР·РІРёС‚РєСѓ РЅР°РІРёС‡РѕРє Сѓ РґС–С‚РµР№. Р’РѕРЅР° СЃС‚РІРѕСЂСЋС” Р·Р°С…РѕРїР»СЋСЋС‡РёР№ СЃРІС–С‚ СѓСЏРІРё, СЂРѕР·РІРёРІР°СЋС‡Рё Р»РѕРіС–С‡РЅРµ РјРёСЃР»РµРЅРЅСЏ С‚Р° С‚РІРѕСЂС‡С–СЃС‚СЊ. Р†РіСЂР°С€РєР° Р±РµР·РїРµС‡РЅР°, РµРЅРµСЂРіРѕРµС„РµРєС‚РёРІРЅР° С– СЃРїСЂРёСЏС” СЂРѕР·РІРёС‚РєСѓ СЃРїРѕСЃС‚РµСЂРµР¶Р»РёРІРѕСЃС‚С–, СѓРІР°РіРё С‚Р° РІРёРЅР°С…С–РґР»РёРІРѕСЃС‚С– Сѓ РґС–С‚РµР№, Р·Р°Р±РµР·РїРµС‡СѓСЋС‡Рё РЅРµР·Р°Р±СѓС‚РЅС– РІСЂР°Р¶РµРЅРЅСЏ С‚Р° РЅР°РІС‡Р°Р»СЊРЅРёР№ РґРѕСЃРІС–Рґ.', 500, 150, 1000, 1003) [22001-220]
	at org.h2.message.DbException.getJdbcSQLException(DbException.java:518) ~[h2-2.2.220.jar:2.2.220]
	at org.h2.message.DbException.getJdbcSQLException(DbException.java:489) ~[h2-2.2.220.jar:2.2.220]
	at org.h2.message.DbException.get(DbException.java:223) ~[h2-2.2.220.jar:2.2.220]
	at org.h2.message.DbException.getValueTooLongException(DbException.java:334) ~[h2-2.2.220.jar:2.2.220]
	at org.h2.value.Value.getValueTooLongException(Value.java:2594) ~[h2-2.2.220.jar:2.2.220]
	at org.h2.value.Value.convertToVarchar(Value.java:1282) ~[h2-2.2.220.jar:2.2.220]
	at org.h2.value.Value.convertTo(Value.java:1138) ~[h2-2.2.220.jar:2.2.220]
	at org.h2.value.Value.convertForAssignTo(Value.java:1113) ~[h2-2.2.220.jar:2.2.220]
	at org.h2.table.Column.validateConvertUpdateSequence(Column.java:369) ~[h2-2.2.220.jar:2.2.220]
	at org.h2.table.Table.convertInsertRow(Table.java:936) ~[h2-2.2.220.jar:2.2.220]
	at org.h2.command.dml.Insert.insertRows(Insert.java:167) ~[h2-2.2.220.jar:2.2.220]
	at org.h2.command.dml.Insert.update(Insert.java:135) ~[h2-2.2.220.jar:2.2.220]
	at org.h2.command.dml.DataChangeStatement.update(DataChangeStatement.java:74) ~[h2-2.2.220.jar:2.2.220]
	at org.h2.command.CommandContainer.update(CommandContainer.java:169) ~[h2-2.2.220.jar:2.2.220]
	at org.h2.command.Command.executeUpdate(Command.java:252) ~[h2-2.2.220.jar:2.2.220]
	at org.h2.jdbc.JdbcStatement.executeInternal(JdbcStatement.java:252) ~[h2-2.2.220.jar:2.2.220]
	at org.h2.jdbc.JdbcStatement.execute(JdbcStatement.java:223) ~[h2-2.2.220.jar:2.2.220]
	at org.springframework.jdbc.datasource.init.ScriptUtils.executeSqlScript(ScriptUtils.java:261) ~[spring-jdbc-6.0.6.jar:6.0.6]
	... 100 common frames omitted

2024-01-31T22:56:38.819+02:00 ERROR 12448 --- [           main] o.s.test.context.TestContextManager      : Caught exception while allowing TestExecutionListener [org.springframework.test.context.support.DependencyInjectionTestExecutionListener] to prepare test instance [com.kopchak.worldoftoys.repository.user.UserRepositoryTest@4a5476a3]

java.lang.IllegalStateException: Failed to load ApplicationContext for [MergedContextConfiguration@129fe67c testClass = com.kopchak.worldoftoys.repository.user.UserRepositoryTest, locations = [], classes = [com.kopchak.worldoftoys.WorldOfToysApplication], contextInitializerClasses = [], activeProfiles = ["integrationtest"], propertySourceLocations = [], propertySourceProperties = ["org.springframework.boot.test.autoconfigure.orm.jpa.DataJpaTestContextBootstrapper=true"], contextCustomizers = [[ImportsContextCustomizer@3c4071db key = [org.springframework.boot.autoconfigure.cache.CacheAutoConfiguration, org.springframework.boot.autoconfigure.data.jpa.JpaRepositoriesAutoConfiguration, org.springframework.boot.autoconfigure.flyway.FlywayAutoConfiguration, org.springframework.boot.autoconfigure.jdbc.DataSourceAutoConfiguration, org.springframework.boot.autoconfigure.jdbc.DataSourceTransactionManagerAutoConfiguration, org.springframework.boot.autoconfigure.jdbc.JdbcTemplateAutoConfiguration, org.springframework.boot.autoconfigure.liquibase.LiquibaseAutoConfiguration, org.springframework.boot.autoconfigure.orm.jpa.HibernateJpaAutoConfiguration, org.springframework.boot.autoconfigure.sql.init.SqlInitializationAutoConfiguration, org.springframework.boot.autoconfigure.transaction.TransactionAutoConfiguration, org.springframework.boot.test.autoconfigure.jdbc.TestDatabaseAutoConfiguration, org.springframework.boot.test.autoconfigure.orm.jpa.TestEntityManagerAutoConfiguration]], org.springframework.boot.test.context.filter.ExcludeFilterContextCustomizer@531f4093, org.springframework.boot.test.json.DuplicateJsonObjectContextCustomizerFactory$DuplicateJsonObjectContextCustomizer@460ebd80, org.springframework.boot.test.mock.mockito.MockitoContextCustomizer@0, org.springframework.boot.test.autoconfigure.OverrideAutoConfigurationContextCustomizerFactory$DisableAutoConfigurationContextCustomizer@134d26af, org.springframework.boot.test.autoconfigure.actuate.observability.ObservabilityContextCustomizerFactory$DisableObservabilityContextCustomizer@9da1, org.springframework.boot.test.autoconfigure.filter.TypeExcludeFiltersContextCustomizer@351584c0, org.springframework.boot.test.autoconfigure.properties.PropertyMappingContextCustomizer@c0b01970, org.springframework.boot.test.autoconfigure.web.servlet.WebDriverContextCustomizerFactory$Customizer@49c6c24f, org.springframework.boot.test.context.SpringBootTestAnnotation@29760cb0], contextLoader = org.springframework.boot.test.context.SpringBootContextLoader, parent = null]
	at org.springframework.test.context.cache.DefaultCacheAwareContextLoaderDelegate.loadContext(DefaultCacheAwareContextLoaderDelegate.java:142) ~[spring-test-6.0.6.jar:6.0.6]
	at org.springframework.test.context.support.DefaultTestContext.getApplicationContext(DefaultTestContext.java:127) ~[spring-test-6.0.6.jar:6.0.6]
	at org.springframework.test.context.support.DependencyInjectionTestExecutionListener.injectDependencies(DependencyInjectionTestExecutionListener.java:141) ~[spring-test-6.0.6.jar:6.0.6]
	at org.springframework.test.context.support.DependencyInjectionTestExecutionListener.prepareTestInstance(DependencyInjectionTestExecutionListener.java:97) ~[spring-test-6.0.6.jar:6.0.6]
	at org.springframework.test.context.TestContextManager.prepareTestInstance(TestContextManager.java:241) ~[spring-test-6.0.6.jar:6.0.6]
	at org.springframework.test.context.junit.jupiter.SpringExtension.postProcessTestInstance(SpringExtension.java:138) ~[spring-test-6.0.6.jar:6.0.6]
	at org.junit.jupiter.engine.descriptor.ClassBasedTestDescriptor.lambda$invokeTestInstancePostProcessors$10(ClassBasedTestDescriptor.java:377) ~[junit-jupiter-engine-5.9.2.jar:5.9.2]
	at org.junit.jupiter.engine.descriptor.ClassBasedTestDescriptor.executeAndMaskThrowable(ClassBasedTestDescriptor.java:382) ~[junit-jupiter-engine-5.9.2.jar:5.9.2]
	at org.junit.jupiter.engine.descriptor.ClassBasedTestDescriptor.lambda$invokeTestInstancePostProcessors$11(ClassBasedTestDescriptor.java:377) ~[junit-jupiter-engine-5.9.2.jar:5.9.2]
	at java.base/java.util.stream.ReferencePipeline$3$1.accept(ReferencePipeline.java:197) ~[na:na]
	at java.base/java.util.stream.ReferencePipeline$2$1.accept(ReferencePipeline.java:179) ~[na:na]
	at java.base/java.util.ArrayList$ArrayListSpliterator.forEachRemaining(ArrayList.java:1625) ~[na:na]
	at java.base/java.util.stream.AbstractPipeline.copyInto(AbstractPipeline.java:509) ~[na:na]
	at java.base/java.util.stream.AbstractPipeline.wrapAndCopyInto(AbstractPipeline.java:499) ~[na:na]
	at java.base/java.util.stream.StreamSpliterators$WrappingSpliterator.forEachRemaining(StreamSpliterators.java:310) ~[na:na]
	at java.base/java.util.stream.Streams$ConcatSpliterator.forEachRemaining(Streams.java:735) ~[na:na]
	at java.base/java.util.stream.Streams$ConcatSpliterator.forEachRemaining(Streams.java:734) ~[na:na]
	at java.base/java.util.stream.ReferencePipeline$Head.forEach(ReferencePipeline.java:762) ~[na:na]
	at org.junit.jupiter.engine.descriptor.ClassBasedTestDescriptor.invokeTestInstancePostProcessors(ClassBasedTestDescriptor.java:376) ~[junit-jupiter-engine-5.9.2.jar:5.9.2]
	at org.junit.jupiter.engine.descriptor.ClassBasedTestDescriptor.lambda$instantiateAndPostProcessTestInstance$6(ClassBasedTestDescriptor.java:289) ~[junit-jupiter-engine-5.9.2.jar:5.9.2]
	at org.junit.platform.engine.support.hierarchical.ThrowableCollector.execute(ThrowableCollector.java:73) ~[junit-platform-engine-1.9.2.jar:1.9.2]
	at org.junit.jupiter.engine.descriptor.ClassBasedTestDescriptor.instantiateAndPostProcessTestInstance(ClassBasedTestDescriptor.java:288) ~[junit-jupiter-engine-5.9.2.jar:5.9.2]
	at org.junit.jupiter.engine.descriptor.ClassBasedTestDescriptor.lambda$testInstancesProvider$4(ClassBasedTestDescriptor.java:278) ~[junit-jupiter-engine-5.9.2.jar:5.9.2]
	at java.base/java.util.Optional.orElseGet(Optional.java:364) ~[na:na]
	at org.junit.jupiter.engine.descriptor.ClassBasedTestDescriptor.lambda$testInstancesProvider$5(ClassBasedTestDescriptor.java:277) ~[junit-jupiter-engine-5.9.2.jar:5.9.2]
	at org.junit.jupiter.engine.execution.TestInstancesProvider.getTestInstances(TestInstancesProvider.java:31) ~[junit-jupiter-engine-5.9.2.jar:5.9.2]
	at org.junit.jupiter.engine.descriptor.TestMethodTestDescriptor.lambda$prepare$0(TestMethodTestDescriptor.java:105) ~[junit-jupiter-engine-5.9.2.jar:5.9.2]
	at org.junit.platform.engine.support.hierarchical.ThrowableCollector.execute(ThrowableCollector.java:73) ~[junit-platform-engine-1.9.2.jar:1.9.2]
	at org.junit.jupiter.engine.descriptor.TestMethodTestDescriptor.prepare(TestMethodTestDescriptor.java:104) ~[junit-jupiter-engine-5.9.2.jar:5.9.2]
	at org.junit.jupiter.engine.descriptor.TestMethodTestDescriptor.prepare(TestMethodTestDescriptor.java:68) ~[junit-jupiter-engine-5.9.2.jar:5.9.2]
	at org.junit.platform.engine.support.hierarchical.NodeTestTask.lambda$prepare$2(NodeTestTask.java:123) ~[junit-platform-engine-1.9.2.jar:1.9.2]
	at org.junit.platform.engine.support.hierarchical.ThrowableCollector.execute(ThrowableCollector.java:73) ~[junit-platform-engine-1.9.2.jar:1.9.2]
	at org.junit.platform.engine.support.hierarchical.NodeTestTask.prepare(NodeTestTask.java:123) ~[junit-platform-engine-1.9.2.jar:1.9.2]
	at org.junit.platform.engine.support.hierarchical.NodeTestTask.execute(NodeTestTask.java:90) ~[junit-platform-engine-1.9.2.jar:1.9.2]
	at java.base/java.util.ArrayList.forEach(ArrayList.java:1511) ~[na:na]
	at org.junit.platform.engine.support.hierarchical.SameThreadHierarchicalTestExecutorService.invokeAll(SameThreadHierarchicalTestExecutorService.java:41) ~[junit-platform-engine-1.9.2.jar:1.9.2]
	at org.junit.platform.engine.support.hierarchical.NodeTestTask.lambda$executeRecursively$6(NodeTestTask.java:155) ~[junit-platform-engine-1.9.2.jar:1.9.2]
	at org.junit.platform.engine.support.hierarchical.ThrowableCollector.execute(ThrowableCollector.java:73) ~[junit-platform-engine-1.9.2.jar:1.9.2]
	at org.junit.platform.engine.support.hierarchical.NodeTestTask.lambda$executeRecursively$8(NodeTestTask.java:141) ~[junit-platform-engine-1.9.2.jar:1.9.2]
	at org.junit.platform.engine.support.hierarchical.Node.around(Node.java:137) ~[junit-platform-engine-1.9.2.jar:1.9.2]
	at org.junit.platform.engine.support.hierarchical.NodeTestTask.lambda$executeRecursively$9(NodeTestTask.java:139) ~[junit-platform-engine-1.9.2.jar:1.9.2]
	at org.junit.platform.engine.support.hierarchical.ThrowableCollector.execute(ThrowableCollector.java:73) ~[junit-platform-engine-1.9.2.jar:1.9.2]
	at org.junit.platform.engine.support.hierarchical.NodeTestTask.executeRecursively(NodeTestTask.java:138) ~[junit-platform-engine-1.9.2.jar:1.9.2]
	at org.junit.platform.engine.support.hierarchical.NodeTestTask.execute(NodeTestTask.java:95) ~[junit-platform-engine-1.9.2.jar:1.9.2]
	at java.base/java.util.ArrayList.forEach(ArrayList.java:1511) ~[na:na]
	at org.junit.platform.engine.support.hierarchical.SameThreadHierarchicalTestExecutorService.invokeAll(SameThreadHierarchicalTestExecutorService.java:41) ~[junit-platform-engine-1.9.2.jar:1.9.2]
	at org.junit.platform.engine.support.hierarchical.NodeTestTask.lambda$executeRecursively$6(NodeTestTask.java:155) ~[junit-platform-engine-1.9.2.jar:1.9.2]
	at org.junit.platform.engine.support.hierarchical.ThrowableCollector.execute(ThrowableCollector.java:73) ~[junit-platform-engine-1.9.2.jar:1.9.2]
	at org.junit.platform.engine.support.hierarchical.NodeTestTask.lambda$executeRecursively$8(NodeTestTask.java:141) ~[junit-platform-engine-1.9.2.jar:1.9.2]
	at org.junit.platform.engine.support.hierarchical.Node.around(Node.java:137) ~[junit-platform-engine-1.9.2.jar:1.9.2]
	at org.junit.platform.engine.support.hierarchical.NodeTestTask.lambda$executeRecursively$9(NodeTestTask.java:139) ~[junit-platform-engine-1.9.2.jar:1.9.2]
	at org.junit.platform.engine.support.hierarchical.ThrowableCollector.execute(ThrowableCollector.java:73) ~[junit-platform-engine-1.9.2.jar:1.9.2]
	at org.junit.platform.engine.support.hierarchical.NodeTestTask.executeRecursively(NodeTestTask.java:138) ~[junit-platform-engine-1.9.2.jar:1.9.2]
	at org.junit.platform.engine.support.hierarchical.NodeTestTask.execute(NodeTestTask.java:95) ~[junit-platform-engine-1.9.2.jar:1.9.2]
	at org.junit.platform.engine.support.hierarchical.SameThreadHierarchicalTestExecutorService.submit(SameThreadHierarchicalTestExecutorService.java:35) ~[junit-platform-engine-1.9.2.jar:1.9.2]
	at org.junit.platform.engine.support.hierarchical.HierarchicalTestExecutor.execute(HierarchicalTestExecutor.java:57) ~[junit-platform-engine-1.9.2.jar:1.9.2]
	at org.junit.platform.engine.support.hierarchical.HierarchicalTestEngine.execute(HierarchicalTestEngine.java:54) ~[junit-platform-engine-1.9.2.jar:1.9.2]
	at org.junit.platform.launcher.core.DefaultLauncher.execute(DefaultLauncher.java:220) ~[junit-platform-launcher-1.3.1.jar:1.3.1]
	at org.junit.platform.launcher.core.DefaultLauncher.lambda$execute$6(DefaultLauncher.java:188) ~[junit-platform-launcher-1.3.1.jar:1.3.1]
	at org.junit.platform.launcher.core.DefaultLauncher.withInterceptedStreams(DefaultLauncher.java:202) ~[junit-platform-launcher-1.3.1.jar:1.3.1]
	at org.junit.platform.launcher.core.DefaultLauncher.execute(DefaultLauncher.java:181) ~[junit-platform-launcher-1.3.1.jar:1.3.1]
	at org.junit.platform.launcher.core.DefaultLauncher.execute(DefaultLauncher.java:128) ~[junit-platform-launcher-1.3.1.jar:1.3.1]
	at org.apache.maven.surefire.junitplatform.JUnitPlatformProvider.invokeAllTests(JUnitPlatformProvider.java:150) ~[surefire-junit-platform-2.22.2.jar:2.22.2]
	at org.apache.maven.surefire.junitplatform.JUnitPlatformProvider.invoke(JUnitPlatformProvider.java:124) ~[surefire-junit-platform-2.22.2.jar:2.22.2]
	at org.apache.maven.surefire.booter.ForkedBooter.invokeProviderInSameClassLoader(ForkedBooter.java:384) ~[surefire-booter-2.22.2.jar:2.22.2]
	at org.apache.maven.surefire.booter.ForkedBooter.runSuitesInProcess(ForkedBooter.java:345) ~[surefire-booter-2.22.2.jar:2.22.2]
	at org.apache.maven.surefire.booter.ForkedBooter.execute(ForkedBooter.java:126) ~[surefire-booter-2.22.2.jar:2.22.2]
	at org.apache.maven.surefire.booter.ForkedBooter.main(ForkedBooter.java:418) ~[surefire-booter-2.22.2.jar:2.22.2]
Caused by: org.springframework.beans.factory.BeanCreationException: Error creating bean with name 'dataSourceScriptDatabaseInitializer' defined in class path resource [org/springframework/boot/autoconfigure/sql/init/DataSourceInitializationConfiguration.class]: Failed to execute SQL script statement #7 of class path resource [data.sql]: INSERT INTO product(id, name, slug, description, price, available_quantity, origin_id, brand_id) VALUES (1001, 'Р›СЏР»СЊРєР° РљР»Р°Р№РјР±РµСЂ', 'lyalka-klaymber', 'Р¦СЏ С–РіСЂР°С€РєР° РѕР±С”РґРЅСѓС” С–РЅРЅРѕРІР°С†С–Р№РЅРёР№ РґРёР·Р°Р№РЅ С‚Р° СЂРѕР·РІРёРІР°СЋС‡РёР№ С„СѓРЅРєС†С–РѕРЅР°Р», С‰Рѕ СЃРїСЂРёСЏС” СЂРѕР·РІРёС‚РєСѓ РЅР°РІРёС‡РѕРє Сѓ РґС–С‚РµР№. Р’РѕРЅР° СЃС‚РІРѕСЂСЋС” Р·Р°С…РѕРїР»СЋСЋС‡РёР№ СЃРІС–С‚ СѓСЏРІРё, СЂРѕР·РІРёРІР°СЋС‡Рё Р»РѕРіС–С‡РЅРµ РјРёСЃР»РµРЅРЅСЏ С‚Р° С‚РІРѕСЂС‡С–СЃС‚СЊ. Р†РіСЂР°С€РєР° Р±РµР·РїРµС‡РЅР°, РµРЅРµСЂРіРѕРµС„РµРєС‚РёРІРЅР° С– СЃРїСЂРёСЏС” СЂРѕР·РІРёС‚РєСѓ СЃРїРѕСЃС‚РµСЂРµР¶Р»РёРІРѕСЃС‚С–, СѓРІР°РіРё С‚Р° РІРёРЅР°С…С–РґР»РёРІРѕСЃС‚С– Сѓ РґС–С‚РµР№, Р·Р°Р±РµР·РїРµС‡СѓСЋС‡Рё РЅРµР·Р°Р±СѓС‚РЅС– РІСЂР°Р¶РµРЅРЅСЏ С‚Р° РЅР°РІС‡Р°Р»СЊРЅРёР№ РґРѕСЃРІС–Рґ.', 850, 1, 1000, 1000), (1002, 'Р›СЏР»СЊРєР° Р”Р°СЂРёРЅРєР°', 'lyalka-darynka', 'Р¦СЏ С–РіСЂР°С€РєР° РѕР±С”РґРЅСѓС” С–РЅРЅРѕРІР°С†С–Р№РЅРёР№ РґРёР·Р°Р№РЅ С‚Р° СЂРѕР·РІРёРІР°СЋС‡РёР№ С„СѓРЅРєС†С–РѕРЅР°Р», С‰Рѕ СЃРїСЂРёСЏС” СЂРѕР·РІРёС‚РєСѓ РЅР°РІРёС‡РѕРє Сѓ РґС–С‚РµР№. Р’РѕРЅР° СЃС‚РІРѕСЂСЋС” Р·Р°С…РѕРїР»СЋСЋС‡РёР№ СЃРІС–С‚ СѓСЏРІРё, СЂРѕР·РІРёРІР°СЋС‡Рё Р»РѕРіС–С‡РЅРµ РјРёСЃР»РµРЅРЅСЏ С‚Р° С‚РІРѕСЂС‡С–СЃС‚СЊ. Р†РіСЂР°С€РєР° Р±РµР·РїРµС‡РЅР°, РµРЅРµСЂРіРѕРµС„РµРєС‚РёРІРЅР° С– СЃРїСЂРёСЏС” СЂРѕР·РІРёС‚РєСѓ СЃРїРѕСЃС‚РµСЂРµР¶Р»РёРІРѕСЃС‚С–, СѓРІР°РіРё С‚Р° РІРёРЅР°С…С–РґР»РёРІРѕСЃС‚С– Сѓ РґС–С‚РµР№, Р·Р°Р±РµР·РїРµС‡СѓСЋС‡Рё РЅРµР·Р°Р±СѓС‚РЅС– РІСЂР°Р¶РµРЅРЅСЏ С‚Р° РЅР°РІС‡Р°Р»СЊРЅРёР№ РґРѕСЃРІС–Рґ.', 900, 200, 1001, 1001), (1003, 'Р›СЏР»СЊРєР° Р СѓСЃР°Р»РѕС‡РєР°', 'lyalka-rusalochka', 'Р¦СЏ С–РіСЂР°С€РєР° РѕР±С”РґРЅСѓС” С–РЅРЅРѕРІР°С†С–Р№РЅРёР№ РґРёР·Р°Р№РЅ С‚Р° СЂРѕР·РІРёРІР°СЋС‡РёР№ С„СѓРЅРєС†С–РѕРЅР°Р», С‰Рѕ СЃРїСЂРёСЏС” СЂРѕР·РІРёС‚РєСѓ РЅР°РІРёС‡РѕРє Сѓ РґС–С‚РµР№. Р’РѕРЅР° СЃС‚РІРѕСЂСЋС” Р·Р°С…РѕРїР»СЋСЋС‡РёР№ СЃРІС–С‚ СѓСЏРІРё, СЂРѕР·РІРёРІР°СЋС‡Рё Р»РѕРіС–С‡РЅРµ РјРёСЃР»РµРЅРЅСЏ С‚Р° С‚РІРѕСЂС‡С–СЃС‚СЊ. Р†РіСЂР°С€РєР° Р±РµР·РїРµС‡РЅР°, РµРЅРµСЂРіРѕРµС„РµРєС‚РёРІРЅР° С– СЃРїСЂРёСЏС” СЂРѕР·РІРёС‚РєСѓ СЃРїРѕСЃС‚РµСЂРµР¶Р»РёРІРѕСЃС‚С–, СѓРІР°РіРё С‚Р° РІРёРЅР°С…С–РґР»РёРІРѕСЃС‚С– Сѓ РґС–С‚РµР№, Р·Р°Р±РµР·РїРµС‡СѓСЋС‡Рё РЅРµР·Р°Р±СѓС‚РЅС– РІСЂР°Р¶РµРЅРЅСЏ С‚Р° РЅР°РІС‡Р°Р»СЊРЅРёР№ РґРѕСЃРІС–Рґ.', 550, 0, 1000, 1002), (1004, 'РџСѓРїСЃРёРє РћРєСЃР°РЅРєР°', 'pupsik_oksanka', 'Р¦СЏ С–РіСЂР°С€РєР° РѕР±С”РґРЅСѓС” С–РЅРЅРѕРІР°С†С–Р№РЅРёР№ РґРёР·Р°Р№РЅ С‚Р° СЂРѕР·РІРёРІР°СЋС‡РёР№ С„СѓРЅРєС†С–РѕРЅР°Р», С‰Рѕ СЃРїСЂРёСЏС” СЂРѕР·РІРёС‚РєСѓ РЅР°РІРёС‡РѕРє Сѓ РґС–С‚РµР№. Р’РѕРЅР° СЃС‚РІРѕСЂСЋС” Р·Р°С…РѕРїР»СЋСЋС‡РёР№ СЃРІС–С‚ СѓСЏРІРё, СЂРѕР·РІРёРІР°СЋС‡Рё Р»РѕРіС–С‡РЅРµ РјРёСЃР»РµРЅРЅСЏ С‚Р° С‚РІРѕСЂС‡С–СЃС‚СЊ. Р†РіСЂР°С€РєР° Р±РµР·РїРµС‡РЅР°, РµРЅРµСЂРіРѕРµС„РµРєС‚РёРІРЅР° С– СЃРїСЂРёСЏС” СЂРѕР·РІРёС‚РєСѓ СЃРїРѕСЃС‚РµСЂРµР¶Р»РёРІРѕСЃС‚С–, СѓРІР°РіРё С‚Р° РІРёРЅР°С…С–РґР»РёРІРѕСЃС‚С– Сѓ РґС–С‚РµР№, Р·Р°Р±РµР·РїРµС‡СѓСЋС‡Рё РЅРµР·Р°Р±СѓС‚РЅС– РІСЂР°Р¶РµРЅРЅСЏ С‚Р° РЅР°РІС‡Р°Р»СЊРЅРёР№ РґРѕСЃРІС–Рґ.', 500, 150, 1000, 1003)
	at org.springframework.beans.factory.support.AbstractAutowireCapableBeanFactory.initializeBean(AbstractAutowireCapableBeanFactory.java:1762) ~[spring-beans-6.0.6.jar:6.0.6]
	at org.springframework.beans.factory.support.AbstractAutowireCapableBeanFactory.doCreateBean(AbstractAutowireCapableBeanFactory.java:599) ~[spring-beans-6.0.6.jar:6.0.6]
	at org.springframework.beans.factory.support.AbstractAutowireCapableBeanFactory.createBean(AbstractAutowireCapableBeanFactory.java:521) ~[spring-beans-6.0.6.jar:6.0.6]
	at org.springframework.beans.factory.support.AbstractBeanFactory.lambda$doGetBean$0(AbstractBeanFactory.java:326) ~[spring-beans-6.0.6.jar:6.0.6]
	at org.springframework.beans.factory.support.DefaultSingletonBeanRegistry.getSingleton(DefaultSingletonBeanRegistry.java:234) ~[spring-beans-6.0.6.jar:6.0.6]
	at org.springframework.beans.factory.support.AbstractBeanFactory.doGetBean(AbstractBeanFactory.java:324) ~[spring-beans-6.0.6.jar:6.0.6]
	at org.springframework.beans.factory.support.AbstractBeanFactory.getBean(AbstractBeanFactory.java:200) ~[spring-beans-6.0.6.jar:6.0.6]
	at org.springframework.beans.factory.support.AbstractBeanFactory.doGetBean(AbstractBeanFactory.java:313) ~[spring-beans-6.0.6.jar:6.0.6]
	at org.springframework.beans.factory.support.AbstractBeanFactory.getBean(AbstractBeanFactory.java:200) ~[spring-beans-6.0.6.jar:6.0.6]
	at org.springframework.beans.factory.support.DefaultListableBeanFactory.preInstantiateSingletons(DefaultListableBeanFactory.java:961) ~[spring-beans-6.0.6.jar:6.0.6]
	at org.springframework.context.support.AbstractApplicationContext.finishBeanFactoryInitialization(AbstractApplicationContext.java:917) ~[spring-context-6.0.6.jar:6.0.6]
	at org.springframework.context.support.AbstractApplicationContext.refresh(AbstractApplicationContext.java:584) ~[spring-context-6.0.6.jar:6.0.6]
	at org.springframework.boot.SpringApplication.refresh(SpringApplication.java:732) ~[spring-boot-3.0.4.jar:3.0.4]
	at org.springframework.boot.SpringApplication.refreshContext(SpringApplication.java:434) ~[spring-boot-3.0.4.jar:3.0.4]
	at org.springframework.boot.SpringApplication.run(SpringApplication.java:310) ~[spring-boot-3.0.4.jar:3.0.4]
	at org.springframework.boot.test.context.SpringBootContextLoader.lambda$loadContext$3(SpringBootContextLoader.java:137) ~[spring-boot-test-3.0.4.jar:3.0.4]
	at org.springframework.util.function.ThrowingSupplier.get(ThrowingSupplier.java:59) ~[spring-core-6.0.6.jar:6.0.6]
	at org.springframework.util.function.ThrowingSupplier.get(ThrowingSupplier.java:47) ~[spring-core-6.0.6.jar:6.0.6]
	at org.springframework.boot.SpringApplication.withHook(SpringApplication.java:1388) ~[spring-boot-3.0.4.jar:3.0.4]
	at org.springframework.boot.test.context.SpringBootContextLoader$ContextLoaderHook.run(SpringBootContextLoader.java:545) ~[spring-boot-test-3.0.4.jar:3.0.4]
	at org.springframework.boot.test.context.SpringBootContextLoader.loadContext(SpringBootContextLoader.java:137) ~[spring-boot-test-3.0.4.jar:3.0.4]
	at org.springframework.boot.test.context.SpringBootContextLoader.loadContext(SpringBootContextLoader.java:108) ~[spring-boot-test-3.0.4.jar:3.0.4]
	at org.springframework.test.context.cache.DefaultCacheAwareContextLoaderDelegate.loadContextInternal(DefaultCacheAwareContextLoaderDelegate.java:184) ~[spring-test-6.0.6.jar:6.0.6]
	at org.springframework.test.context.cache.DefaultCacheAwareContextLoaderDelegate.loadContext(DefaultCacheAwareContextLoaderDelegate.java:118) ~[spring-test-6.0.6.jar:6.0.6]
	... 67 common frames omitted
[...]
	at org.junit.platform.engine.support.hierarchical.ThrowableCollector.execute(ThrowableCollector.java:73) ~[junit-platform-engine-1.9.2.jar:1.9.2]
	at org.junit.platform.engine.support.hierarchical.NodeTestTask.lambda$executeRecursively$8(NodeTestTask.java:141) ~[junit-platform-engine-1.9.2.jar:1.9.2]
	at org.junit.platform.engine.support.hierarchical.Node.around(Node.java:137) ~[junit-platform-engine-1.9.2.jar:1.9.2]
	at org.junit.platform.engine.support.hierarchical.NodeTestTask.lambda$executeRecursively$9(NodeTestTask.java:139) ~[junit-platform-engine-1.9.2.jar:1.9.2]
	at org.junit.platform.engine.support.hierarchical.ThrowableCollector.execute(ThrowableCollector.java:73) ~[junit-platform-engine-1.9.2.jar:1.9.2]
	at org.junit.platform.engine.support.hierarchical.NodeTestTask.executeRecursively(NodeTestTask.java:138) ~[junit-platform-engine-1.9.2.jar:1.9.2]
	at org.junit.platform.engine.support.hierarchical.NodeTestTask.execute(NodeTestTask.java:95) ~[junit-platform-engine-1.9.2.jar:1.9.2]
	at org.junit.platform.engine.support.hierarchical.SameThreadHierarchicalTestExecutorService.submit(SameThreadHierarchicalTestExecutorService.java:35) ~[junit-platform-engine-1.9.2.jar:1.9.2]
	at org.junit.platform.engine.support.hierarchical.HierarchicalTestExecutor.execute(HierarchicalTestExecutor.java:57) ~[junit-platform-engine-1.9.2.jar:1.9.2]
	at org.junit.platform.engine.support.hierarchical.HierarchicalTestEngine.execute(HierarchicalTestEngine.java:54) ~[junit-platform-engine-1.9.2.jar:1.9.2]
	at org.junit.platform.launcher.core.DefaultLauncher.execute(DefaultLauncher.java:220) ~[junit-platform-launcher-1.3.1.jar:1.3.1]
	at org.junit.platform.launcher.core.DefaultLauncher.lambda$execute$6(DefaultLauncher.java:188) ~[junit-platform-launcher-1.3.1.jar:1.3.1]
	at org.junit.platform.launcher.core.DefaultLauncher.withInterceptedStreams(DefaultLauncher.java:202) ~[junit-platform-launcher-1.3.1.jar:1.3.1]
	at org.junit.platform.launcher.core.DefaultLauncher.execute(DefaultLauncher.java:181) ~[junit-platform-launcher-1.3.1.jar:1.3.1]
	at org.junit.platform.launcher.core.DefaultLauncher.execute(DefaultLauncher.java:128) ~[junit-platform-launcher-1.3.1.jar:1.3.1]
	at org.apache.maven.surefire.junitplatform.JUnitPlatformProvider.invokeAllTests(JUnitPlatformProvider.java:150) ~[surefire-junit-platform-2.22.2.jar:2.22.2]
	at org.apache.maven.surefire.junitplatform.JUnitPlatformProvider.invoke(JUnitPlatformProvider.java:124) ~[surefire-junit-platform-2.22.2.jar:2.22.2]
	at org.apache.maven.surefire.booter.ForkedBooter.invokeProviderInSameClassLoader(ForkedBooter.java:384) ~[surefire-booter-2.22.2.jar:2.22.2]
	at org.apache.maven.surefire.booter.ForkedBooter.runSuitesInProcess(ForkedBooter.java:345) ~[surefire-booter-2.22.2.jar:2.22.2]
	at org.apache.maven.surefire.booter.ForkedBooter.execute(ForkedBooter.java:126) ~[surefire-booter-2.22.2.jar:2.22.2]
	at org.apache.maven.surefire.booter.ForkedBooter.main(ForkedBooter.java:418) ~[surefire-booter-2.22.2.jar:2.22.2]
Caused by: org.springframework.beans.factory.BeanCreationException: Error creating bean with name 'dataSourceScriptDatabaseInitializer' defined in class path resource [org/springframework/boot/autoconfigure/sql/init/DataSourceInitializationConfiguration.class]: Failed to execute SQL script statement #7 of class path resource [data.sql]: INSERT INTO product(id, name, slug, description, price, available_quantity, origin_id, brand_id) VALUES (1001, 'Р›СЏР»СЊРєР° РљР»Р°Р№РјР±РµСЂ', 'lyalka-klaymber', 'Р¦СЏ С–РіСЂР°С€РєР° РѕР±С”РґРЅСѓС” С–РЅРЅРѕРІР°С†С–Р№РЅРёР№ РґРёР·Р°Р№РЅ С‚Р° СЂРѕР·РІРёРІР°СЋС‡РёР№ С„СѓРЅРєС†С–РѕРЅР°Р», С‰Рѕ СЃРїСЂРёСЏС” СЂРѕР·РІРёС‚РєСѓ РЅР°РІРёС‡РѕРє Сѓ РґС–С‚РµР№. Р’РѕРЅР° СЃС‚РІРѕСЂСЋС” Р·Р°С…РѕРїР»СЋСЋС‡РёР№ СЃРІС–С‚ СѓСЏРІРё, СЂРѕР·РІРёРІР°СЋС‡Рё Р»РѕРіС–С‡РЅРµ РјРёСЃР»РµРЅРЅСЏ С‚Р° С‚РІРѕСЂС‡С–СЃС‚СЊ. Р†РіСЂР°С€РєР° Р±РµР·РїРµС‡РЅР°, РµРЅРµСЂРіРѕРµС„РµРєС‚РёРІРЅР° С– СЃРїСЂРёСЏС” СЂРѕР·РІРёС‚РєСѓ СЃРїРѕСЃС‚РµСЂРµР¶Р»РёРІРѕСЃС‚С–, СѓРІР°РіРё С‚Р° РІРёРЅР°С…С–РґР»РёРІРѕСЃС‚С– Сѓ РґС–С‚РµР№, Р·Р°Р±РµР·РїРµС‡СѓСЋС‡Рё РЅРµР·Р°Р±СѓС‚РЅС– РІСЂР°Р¶РµРЅРЅСЏ С‚Р° РЅР°РІС‡Р°Р»СЊРЅРёР№ РґРѕСЃРІС–Рґ.', 850, 1, 1000, 1000), (1002, 'Р›СЏР»СЊРєР° Р”Р°СЂРёРЅРєР°', 'lyalka-darynka', 'Р¦СЏ С–РіСЂР°С€РєР° РѕР±С”РґРЅСѓС” С–РЅРЅРѕРІР°С†С–Р№РЅРёР№ РґРёР·Р°Р№РЅ С‚Р° СЂРѕР·РІРёРІР°СЋС‡РёР№ С„СѓРЅРєС†С–РѕРЅР°Р», С‰Рѕ СЃРїСЂРёСЏС” СЂРѕР·РІРёС‚РєСѓ РЅР°РІРёС‡РѕРє Сѓ РґС–С‚РµР№. Р’РѕРЅР° СЃС‚РІРѕСЂСЋС” Р·Р°С…РѕРїР»СЋСЋС‡РёР№ СЃРІС–С‚ СѓСЏРІРё, СЂРѕР·РІРёРІР°СЋС‡Рё Р»РѕРіС–С‡РЅРµ РјРёСЃР»РµРЅРЅСЏ С‚Р° С‚РІРѕСЂС‡С–СЃС‚СЊ. Р†РіСЂР°С€РєР° Р±РµР·РїРµС‡РЅР°, РµРЅРµСЂРіРѕРµС„РµРєС‚РёРІРЅР° С– СЃРїСЂРёСЏС” СЂРѕР·РІРёС‚РєСѓ СЃРїРѕСЃС‚РµСЂРµР¶Р»РёРІРѕСЃС‚С–, СѓРІР°РіРё С‚Р° РІРёРЅР°С…С–РґР»РёРІРѕСЃС‚С– Сѓ РґС–С‚РµР№, Р·Р°Р±РµР·РїРµС‡СѓСЋС‡Рё РЅРµР·Р°Р±СѓС‚РЅС– РІСЂР°Р¶РµРЅРЅСЏ С‚Р° РЅР°РІС‡Р°Р»СЊРЅРёР№ РґРѕСЃРІС–Рґ.', 900, 200, 1001, 1001), (1003, 'Р›СЏР»СЊРєР° Р СѓСЃР°Р»РѕС‡РєР°', 'lyalka-rusalochka', 'Р¦СЏ С–РіСЂР°С€РєР° РѕР±С”РґРЅСѓС” С–РЅРЅРѕРІР°С†С–Р№РЅРёР№ РґРёР·Р°Р№РЅ С‚Р° СЂРѕР·РІРёРІР°СЋС‡РёР№ С„СѓРЅРєС†С–РѕРЅР°Р», С‰Рѕ СЃРїСЂРёСЏС” СЂРѕР·РІРёС‚РєСѓ РЅР°РІРёС‡РѕРє Сѓ РґС–С‚РµР№. Р’РѕРЅР° СЃС‚РІРѕСЂСЋС” Р·Р°С…РѕРїР»СЋСЋС‡РёР№ СЃРІС–С‚ СѓСЏРІРё, СЂРѕР·РІРёРІР°СЋС‡Рё Р»РѕРіС–С‡РЅРµ РјРёСЃР»РµРЅРЅСЏ С‚Р° С‚РІРѕСЂС‡С–СЃС‚СЊ. Р†РіСЂР°С€РєР° Р±РµР·РїРµС‡РЅР°, РµРЅРµСЂРіРѕРµС„РµРєС‚РёРІРЅР° С– СЃРїСЂРёСЏС” СЂРѕР·РІРёС‚РєСѓ СЃРїРѕСЃС‚РµСЂРµР¶Р»РёРІРѕСЃС‚С–, СѓРІР°РіРё С‚Р° РІРёРЅР°С…С–РґР»РёРІРѕСЃС‚С– Сѓ РґС–С‚РµР№, Р·Р°Р±РµР·РїРµС‡СѓСЋС‡Рё РЅРµР·Р°Р±СѓС‚РЅС– РІСЂР°Р¶РµРЅРЅСЏ С‚Р° РЅР°РІС‡Р°Р»СЊРЅРёР№ РґРѕСЃРІС–Рґ.', 550, 0, 1000, 1002), (1004, 'РџСѓРїСЃРёРє РћРєСЃР°РЅРєР°', 'pupsik_oksanka', 'Р¦СЏ С–РіСЂР°С€РєР° РѕР±С”РґРЅСѓС” С–РЅРЅРѕРІР°С†С–Р№РЅРёР№ РґРёР·Р°Р№РЅ С‚Р° СЂРѕР·РІРёРІР°СЋС‡РёР№ С„СѓРЅРєС†С–РѕРЅР°Р», С‰Рѕ СЃРїСЂРёСЏС” СЂРѕР·РІРёС‚РєСѓ РЅР°РІРёС‡РѕРє Сѓ РґС–С‚РµР№. Р’РѕРЅР° СЃС‚РІРѕСЂСЋС” Р·Р°С…РѕРїР»СЋСЋС‡РёР№ СЃРІС–С‚ СѓСЏРІРё, СЂРѕР·РІРёРІР°СЋС‡Рё Р»РѕРіС–С‡РЅРµ РјРёСЃР»РµРЅРЅСЏ С‚Р° С‚РІРѕСЂС‡С–СЃС‚СЊ. Р†РіСЂР°С€РєР° Р±РµР·РїРµС‡РЅР°, РµРЅРµСЂРіРѕРµС„РµРєС‚РёРІРЅР° С– СЃРїСЂРёСЏС” СЂРѕР·РІРёС‚РєСѓ СЃРїРѕСЃС‚РµСЂРµР¶Р»РёРІРѕСЃС‚С–, СѓРІР°РіРё С‚Р° РІРёРЅР°С…С–РґР»РёРІРѕСЃС‚С– Сѓ РґС–С‚РµР№, Р·Р°Р±РµР·РїРµС‡СѓСЋС‡Рё РЅРµР·Р°Р±СѓС‚РЅС– РІСЂР°Р¶РµРЅРЅСЏ С‚Р° РЅР°РІС‡Р°Р»СЊРЅРёР№ РґРѕСЃРІС–Рґ.', 500, 150, 1000, 1003)
	at org.springframework.beans.factory.support.AbstractAutowireCapableBeanFactory.initializeBean(AbstractAutowireCapableBeanFactory.java:1762) ~[spring-beans-6.0.6.jar:6.0.6]
	at org.springframework.beans.factory.support.AbstractAutowireCapableBeanFactory.doCreateBean(AbstractAutowireCapableBeanFactory.java:599) ~[spring-beans-6.0.6.jar:6.0.6]
	at org.springframework.beans.factory.support.AbstractAutowireCapableBeanFactory.createBean(AbstractAutowireCapableBeanFactory.java:521) ~[spring-beans-6.0.6.jar:6.0.6]
	at org.springframework.beans.factory.support.AbstractBeanFactory.lambda$doGetBean$0(AbstractBeanFactory.java:326) ~[spring-beans-6.0.6.jar:6.0.6]
	at org.springframework.beans.factory.support.DefaultSingletonBeanRegistry.getSingleton(DefaultSingletonBeanRegistry.java:234) ~[spring-beans-6.0.6.jar:6.0.6]
	at org.springframework.beans.factory.support.AbstractBeanFactory.doGetBean(AbstractBeanFactory.java:324) ~[spring-beans-6.0.6.jar:6.0.6]
	at org.springframework.beans.factory.support.AbstractBeanFactory.getBean(AbstractBeanFactory.java:200) ~[spring-beans-6.0.6.jar:6.0.6]
	at org.springframework.beans.factory.support.AbstractBeanFactory.doGetBean(AbstractBeanFactory.java:313) ~[spring-beans-6.0.6.jar:6.0.6]
	at org.springframework.beans.factory.support.AbstractBeanFactory.getBean(AbstractBeanFactory.java:200) ~[spring-beans-6.0.6.jar:6.0.6]
	at org.springframework.beans.factory.support.DefaultListableBeanFactory.preInstantiateSingletons(DefaultListableBeanFactory.java:961) ~[spring-beans-6.0.6.jar:6.0.6]
	at org.springframework.context.support.AbstractApplicationContext.finishBeanFactoryInitialization(AbstractApplicationContext.java:917) ~[spring-context-6.0.6.jar:6.0.6]
	at org.springframework.context.support.AbstractApplicationContext.refresh(AbstractApplicationContext.java:584) ~[spring-context-6.0.6.jar:6.0.6]
	at org.springframework.boot.SpringApplication.refresh(SpringApplication.java:732) ~[spring-boot-3.0.4.jar:3.0.4]
	at org.springframework.boot.SpringApplication.refreshContext(SpringApplication.java:434) ~[spring-boot-3.0.4.jar:3.0.4]
	at org.springframework.boot.SpringApplication.run(SpringApplication.java:310) ~[spring-boot-3.0.4.jar:3.0.4]
	at org.springframework.boot.test.context.SpringBootContextLoader.lambda$loadContext$3(SpringBootContextLoader.java:137) ~[spring-boot-test-3.0.4.jar:3.0.4]
	at org.springframework.util.function.ThrowingSupplier.get(ThrowingSupplier.java:59) ~[spring-core-6.0.6.jar:6.0.6]
	at org.springframework.util.function.ThrowingSupplier.get(ThrowingSupplier.java:47) ~[spring-core-6.0.6.jar:6.0.6]
	at org.springframework.boot.SpringApplication.withHook(SpringApplication.java:1388) ~[spring-boot-3.0.4.jar:3.0.4]
	at org.springframework.boot.test.context.SpringBootContextLoader$ContextLoaderHook.run(SpringBootContextLoader.java:545) ~[spring-boot-test-3.0.4.jar:3.0.4]
	at org.springframework.boot.test.context.SpringBootContextLoader.loadContext(SpringBootContextLoader.java:137) ~[spring-boot-test-3.0.4.jar:3.0.4]
	at org.springframework.boot.test.context.SpringBootContextLoader.loadContext(SpringBootContextLoader.java:108) ~[spring-boot-test-3.0.4.jar:3.0.4]
	at org.springframework.test.context.cache.DefaultCacheAwareContextLoaderDelegate.loadContextInternal(DefaultCacheAwareContextLoaderDelegate.java:184) ~[spring-test-6.0.6.jar:6.0.6]
	at org.springframework.test.context.cache.DefaultCacheAwareContextLoaderDelegate.loadContext(DefaultCacheAwareContextLoaderDelegate.java:118) ~[spring-test-6.0.6.jar:6.0.6]
	... 67 common frames omitted
Caused by: org.springframework.jdbc.datasource.init.ScriptStatementFailedException: Failed to execute SQL script statement #7 of class path resource [data.sql]: INSERT INTO product(id, name, slug, description, price, available_quantity, origin_id, brand_id) VALUES (1001, 'Р›СЏР»СЊРєР° РљР»Р°Р№РјР±РµСЂ', 'lyalka-klaymber', 'Р¦СЏ С–РіСЂР°С€РєР° РѕР±С”РґРЅСѓС” С–РЅРЅРѕРІР°С†С–Р№РЅРёР№ РґРёР·Р°Р№РЅ С‚Р° СЂРѕР·РІРёРІР°СЋС‡РёР№ С„СѓРЅРєС†С–РѕРЅР°Р», С‰Рѕ СЃРїСЂРёСЏС” СЂРѕР·РІРёС‚РєСѓ РЅР°РІРёС‡РѕРє Сѓ РґС–С‚РµР№. Р’РѕРЅР° СЃС‚РІРѕСЂСЋС” Р·Р°С…РѕРїР»СЋСЋС‡РёР№ СЃРІС–С‚ СѓСЏРІРё, СЂРѕР·РІРёРІР°СЋС‡Рё Р»РѕРіС–С‡РЅРµ РјРёСЃР»РµРЅРЅСЏ С‚Р° С‚РІРѕСЂС‡С–СЃС‚СЊ. Р†РіСЂР°С€РєР° Р±РµР·РїРµС‡РЅР°, РµРЅРµСЂРіРѕРµС„РµРєС‚РёРІРЅР° С– СЃРїСЂРёСЏС” СЂРѕР·РІРёС‚РєСѓ СЃРїРѕСЃС‚РµСЂРµР¶Р»РёРІРѕСЃС‚С–, СѓРІР°РіРё С‚Р° РІРёРЅР°С…С–РґР»РёРІРѕСЃС‚С– Сѓ РґС–С‚РµР№, Р·Р°Р±РµР·РїРµС‡СѓСЋС‡Рё РЅРµР·Р°Р±СѓС‚РЅС– РІСЂР°Р¶РµРЅРЅСЏ С‚Р° РЅР°РІС‡Р°Р»СЊРЅРёР№ РґРѕСЃРІС–Рґ.', 850, 1, 1000, 1000), (1002, 'Р›СЏР»СЊРєР° Р”Р°СЂРёРЅРєР°', 'lyalka-darynka', 'Р¦СЏ С–РіСЂР°С€РєР° РѕР±С”РґРЅСѓС” С–РЅРЅРѕРІР°С†С–Р№РЅРёР№ РґРёР·Р°Р№РЅ С‚Р° СЂРѕР·РІРёРІР°СЋС‡РёР№ С„СѓРЅРєС†С–РѕРЅР°Р», С‰Рѕ СЃРїСЂРёСЏС” СЂРѕР·РІРёС‚РєСѓ РЅР°РІРёС‡РѕРє Сѓ РґС–С‚РµР№. Р’РѕРЅР° СЃС‚РІРѕСЂСЋС” Р·Р°С…РѕРїР»СЋСЋС‡РёР№ СЃРІС–С‚ СѓСЏРІРё, СЂРѕР·РІРёРІР°СЋС‡Рё Р»РѕРіС–С‡РЅРµ РјРёСЃР»РµРЅРЅСЏ С‚Р° С‚РІРѕСЂС‡С–СЃС‚СЊ. Р†РіСЂР°С€РєР° Р±РµР·РїРµС‡РЅР°, РµРЅРµСЂРіРѕРµС„РµРєС‚РёРІРЅР° С– СЃРїСЂРёСЏС” СЂРѕР·РІРёС‚РєСѓ СЃРїРѕСЃС‚РµСЂРµР¶Р»РёРІРѕСЃС‚С–, СѓРІР°РіРё С‚Р° РІРёРЅР°С…С–РґР»РёРІРѕСЃС‚С– Сѓ РґС–С‚РµР№, Р·Р°Р±РµР·РїРµС‡СѓСЋС‡Рё РЅРµР·Р°Р±СѓС‚РЅС– РІСЂР°Р¶РµРЅРЅСЏ С‚Р° РЅР°РІС‡Р°Р»СЊРЅРёР№ РґРѕСЃРІС–Рґ.', 900, 200, 1001, 1001), (1003, 'Р›СЏР»СЊРєР° Р СѓСЃР°Р»РѕС‡РєР°', 'lyalka-rusalochka', 'Р¦СЏ С–РіСЂР°С€РєР° РѕР±С”РґРЅСѓС” С–РЅРЅРѕРІР°С†С–Р№РЅРёР№ РґРёР·Р°Р№РЅ С‚Р° СЂРѕР·РІРёРІР°СЋС‡РёР№ С„СѓРЅРєС†С–РѕРЅР°Р», С‰Рѕ СЃРїСЂРёСЏС” СЂРѕР·РІРёС‚РєСѓ РЅР°РІРёС‡РѕРє Сѓ РґС–С‚РµР№. Р’РѕРЅР° СЃС‚РІРѕСЂСЋС” Р·Р°С…РѕРїР»СЋСЋС‡РёР№ СЃРІС–С‚ СѓСЏРІРё, СЂРѕР·РІРёРІР°СЋС‡Рё Р»РѕРіС–С‡РЅРµ РјРёСЃР»РµРЅРЅСЏ С‚Р° С‚РІРѕСЂС‡С–СЃС‚СЊ. Р†РіСЂР°С€РєР° Р±РµР·РїРµС‡РЅР°, РµРЅРµСЂРіРѕРµС„РµРєС‚РёРІРЅР° С– СЃРїСЂРёСЏС” СЂРѕР·РІРёС‚РєСѓ СЃРїРѕСЃС‚РµСЂРµР¶Р»РёРІРѕСЃС‚С–, СѓРІР°РіРё С‚Р° РІРёРЅР°С…С–РґР»РёРІРѕСЃС‚С– Сѓ РґС–С‚РµР№, Р·Р°Р±РµР·РїРµС‡СѓСЋС‡Рё РЅРµР·Р°Р±СѓС‚РЅС– РІСЂР°Р¶РµРЅРЅСЏ С‚Р° РЅР°РІС‡Р°Р»СЊРЅРёР№ РґРѕСЃРІС–Рґ.', 550, 0, 1000, 1002), (1004, 'РџСѓРїСЃРёРє РћРєСЃР°РЅРєР°', 'pupsik_oksanka', 'Р¦СЏ С–РіСЂР°С€РєР° РѕР±С”РґРЅСѓС” С–РЅРЅРѕРІР°С†С–Р№РЅРёР№ РґРёР·Р°Р№РЅ С‚Р° СЂРѕР·РІРёРІР°СЋС‡РёР№ С„СѓРЅРєС†С–РѕРЅР°Р», С‰Рѕ СЃРїСЂРёСЏС” СЂРѕР·РІРёС‚РєСѓ РЅР°РІРёС‡РѕРє Сѓ РґС–С‚РµР№. Р’РѕРЅР° СЃС‚РІРѕСЂСЋС” Р·Р°С…РѕРїР»СЋСЋС‡РёР№ СЃРІС–С‚ СѓСЏРІРё, СЂРѕР·РІРёРІР°СЋС‡Рё Р»РѕРіС–С‡РЅРµ РјРёСЃР»РµРЅРЅСЏ С‚Р° С‚РІРѕСЂС‡С–СЃС‚СЊ. Р†РіСЂР°С€РєР° Р±РµР·РїРµС‡РЅР°, РµРЅРµСЂРіРѕРµС„РµРєС‚РёРІРЅР° С– СЃРїСЂРёСЏС” СЂРѕР·РІРёС‚РєСѓ СЃРїРѕСЃС‚РµСЂРµР¶Р»РёРІРѕСЃС‚С–, СѓРІР°РіРё С‚Р° РІРёРЅР°С…С–РґР»РёРІРѕСЃС‚С– Сѓ РґС–С‚РµР№, Р·Р°Р±РµР·РїРµС‡СѓСЋС‡Рё РЅРµР·Р°Р±СѓС‚РЅС– РІСЂР°Р¶РµРЅРЅСЏ С‚Р° РЅР°РІС‡Р°Р»СЊРЅРёР№ РґРѕСЃРІС–Рґ.', 500, 150, 1000, 1003)
	at org.springframework.jdbc.datasource.init.ScriptUtils.executeSqlScript(ScriptUtils.java:282) ~[spring-jdbc-6.0.6.jar:6.0.6]
	at org.springframework.jdbc.datasource.init.ResourceDatabasePopulator.populate(ResourceDatabasePopulator.java:254) ~[spring-jdbc-6.0.6.jar:6.0.6]
	at org.springframework.jdbc.datasource.init.DatabasePopulatorUtils.execute(DatabasePopulatorUtils.java:54) ~[spring-jdbc-6.0.6.jar:6.0.6]
	at org.springframework.boot.jdbc.init.DataSourceScriptDatabaseInitializer.runScripts(DataSourceScriptDatabaseInitializer.java:87) ~[spring-boot-3.0.4.jar:3.0.4]
	at org.springframework.boot.sql.init.AbstractScriptDatabaseInitializer.runScripts(AbstractScriptDatabaseInitializer.java:146) ~[spring-boot-3.0.4.jar:3.0.4]
	at org.springframework.boot.sql.init.AbstractScriptDatabaseInitializer.applyScripts(AbstractScriptDatabaseInitializer.java:108) ~[spring-boot-3.0.4.jar:3.0.4]
	at org.springframework.boot.sql.init.AbstractScriptDatabaseInitializer.applyDataScripts(AbstractScriptDatabaseInitializer.java:102) ~[spring-boot-3.0.4.jar:3.0.4]
	at org.springframework.boot.sql.init.AbstractScriptDatabaseInitializer.initializeDatabase(AbstractScriptDatabaseInitializer.java:77) ~[spring-boot-3.0.4.jar:3.0.4]
	at org.springframework.boot.sql.init.AbstractScriptDatabaseInitializer.afterPropertiesSet(AbstractScriptDatabaseInitializer.java:66) ~[spring-boot-3.0.4.jar:3.0.4]
	at org.springframework.beans.factory.support.AbstractAutowireCapableBeanFactory.invokeInitMethods(AbstractAutowireCapableBeanFactory.java:1808) ~[spring-beans-6.0.6.jar:6.0.6]
	at org.springframework.beans.factory.support.AbstractAutowireCapableBeanFactory.initializeBean(AbstractAutowireCapableBeanFactory.java:1758) ~[spring-beans-6.0.6.jar:6.0.6]
	... 90 common frames omitted
Caused by: org.h2.jdbc.JdbcSQLDataException: Value too long for column "DESCRIPTION CHARACTER VARYING(500)": "U&'\\0420\\00a6\\0421\\040f \\0421\\2013\\0420\\0456\\0421\\0402\\0420\\00b0\\0421\\20ac\\0420\\... (623)"; SQL statement:
INSERT INTO product(id, name, slug, description, price, available_quantity, origin_id, brand_id) VALUES (1001, 'Р›СЏР»СЊРєР° РљР»Р°Р№РјР±РµСЂ', 'lyalka-klaymber', 'Р¦СЏ С–РіСЂР°С€РєР° РѕР±С”РґРЅСѓС” С–РЅРЅРѕРІР°С†С–Р№РЅРёР№ РґРёР·Р°Р№РЅ С‚Р° СЂРѕР·РІРёРІР°СЋС‡РёР№ С„СѓРЅРєС†С–РѕРЅР°Р», С‰Рѕ СЃРїСЂРёСЏС” СЂРѕР·РІРёС‚РєСѓ РЅР°РІРёС‡РѕРє Сѓ РґС–С‚РµР№. Р’РѕРЅР° СЃС‚РІРѕСЂСЋС” Р·Р°С…РѕРїР»СЋСЋС‡РёР№ СЃРІС–С‚ СѓСЏРІРё, СЂРѕР·РІРёРІР°СЋС‡Рё Р»РѕРіС–С‡РЅРµ РјРёСЃР»РµРЅРЅСЏ С‚Р° С‚РІРѕСЂС‡С–СЃС‚СЊ. Р†РіСЂР°С€РєР° Р±РµР·РїРµС‡РЅР°, РµРЅРµСЂРіРѕРµС„РµРєС‚РёРІРЅР° С– СЃРїСЂРёСЏС” СЂРѕР·РІРёС‚РєСѓ СЃРїРѕСЃС‚РµСЂРµР¶Р»РёРІРѕСЃС‚С–, СѓРІР°РіРё С‚Р° РІРёРЅР°С…С–РґР»РёРІРѕСЃС‚С– Сѓ РґС–С‚РµР№, Р·Р°Р±РµР·РїРµС‡СѓСЋС‡Рё РЅРµР·Р°Р±СѓС‚РЅС– РІСЂР°Р¶РµРЅРЅСЏ С‚Р° РЅР°РІС‡Р°Р»СЊРЅРёР№ РґРѕСЃРІС–Рґ.', 850, 1, 1000, 1000), (1002, 'Р›СЏР»СЊРєР° Р”Р°СЂРёРЅРєР°', 'lyalka-darynka', 'Р¦СЏ С–РіСЂР°С€РєР° РѕР±С”РґРЅСѓС” С–РЅРЅРѕРІР°С†С–Р№РЅРёР№ РґРёР·Р°Р№РЅ С‚Р° СЂРѕР·РІРёРІР°СЋС‡РёР№ С„СѓРЅРєС†С–РѕРЅР°Р», С‰Рѕ СЃРїСЂРёСЏС” СЂРѕР·РІРёС‚РєСѓ РЅР°РІРёС‡РѕРє Сѓ РґС–С‚РµР№. Р’РѕРЅР° СЃС‚РІРѕСЂСЋС” Р·Р°С…РѕРїР»СЋСЋС‡РёР№ СЃРІС–С‚ СѓСЏРІРё, СЂРѕР·РІРёРІР°СЋС‡Рё Р»РѕРіС–С‡РЅРµ РјРёСЃР»РµРЅРЅСЏ С‚Р° С‚РІРѕСЂС‡С–СЃС‚СЊ. Р†РіСЂР°С€РєР° Р±РµР·РїРµС‡РЅР°, РµРЅРµСЂРіРѕРµС„РµРєС‚РёРІРЅР° С– СЃРїСЂРёСЏС” СЂРѕР·РІРёС‚РєСѓ СЃРїРѕСЃС‚РµСЂРµР¶Р»РёРІРѕСЃС‚С–, СѓРІР°РіРё С‚Р° РІРёРЅР°С…С–РґР»РёРІРѕСЃС‚С– Сѓ РґС–С‚РµР№, Р·Р°Р±РµР·РїРµС‡СѓСЋС‡Рё РЅРµР·Р°Р±СѓС‚РЅС– РІСЂР°Р¶РµРЅРЅСЏ С‚Р° РЅР°РІС‡Р°Р»СЊРЅРёР№ РґРѕСЃРІС–Рґ.', 900, 200, 1001, 1001), (1003, 'Р›СЏР»СЊРєР° Р СѓСЃР°Р»РѕС‡РєР°', 'lyalka-rusalochka', 'Р¦СЏ С–РіСЂР°С€РєР° РѕР±С”РґРЅСѓС” С–РЅРЅРѕРІР°С†С–Р№РЅРёР№ РґРёР·Р°Р№РЅ С‚Р° СЂРѕР·РІРёРІР°СЋС‡РёР№ С„СѓРЅРєС†С–РѕРЅР°Р», С‰Рѕ СЃРїСЂРёСЏС” СЂРѕР·РІРёС‚РєСѓ РЅР°РІРёС‡РѕРє Сѓ РґС–С‚РµР№. Р’РѕРЅР° СЃС‚РІРѕСЂСЋС” Р·Р°С…РѕРїР»СЋСЋС‡РёР№ СЃРІС–С‚ СѓСЏРІРё, СЂРѕР·РІРёРІР°СЋС‡Рё Р»РѕРіС–С‡РЅРµ РјРёСЃР»РµРЅРЅСЏ С‚Р° С‚РІРѕСЂС‡С–СЃС‚СЊ. Р†РіСЂР°С€РєР° Р±РµР·РїРµС‡РЅР°, РµРЅРµСЂРіРѕРµС„РµРєС‚РёРІРЅР° С– СЃРїСЂРёСЏС” СЂРѕР·РІРёС‚РєСѓ СЃРїРѕСЃС‚РµСЂРµР¶Р»РёРІРѕСЃС‚С–, СѓРІР°РіРё С‚Р° РІРёРЅР°С…С–РґР»РёРІРѕСЃС‚С– Сѓ РґС–С‚РµР№, Р·Р°Р±РµР·РїРµС‡СѓСЋС‡Рё РЅРµР·Р°Р±СѓС‚РЅС– РІСЂР°Р¶РµРЅРЅСЏ С‚Р° РЅР°РІС‡Р°Р»СЊРЅРёР№ РґРѕСЃРІС–Рґ.', 550, 0, 1000, 1002), (1004, 'РџСѓРїСЃРёРє РћРєСЃР°РЅРєР°', 'pupsik_oksanka', 'Р¦СЏ С–РіСЂР°С€РєР° РѕР±С”РґРЅСѓС” С–РЅРЅРѕРІР°С†С–Р№РЅРёР№ РґРёР·Р°Р№РЅ С‚Р° СЂРѕР·РІРёРІР°СЋС‡РёР№ С„СѓРЅРєС†С–РѕРЅР°Р», С‰Рѕ СЃРїСЂРёСЏС” СЂРѕР·РІРёС‚РєСѓ РЅР°РІРёС‡РѕРє Сѓ РґС–С‚РµР№. Р’РѕРЅР° СЃС‚РІРѕСЂСЋС” Р·Р°С…РѕРїР»СЋСЋС‡РёР№ СЃРІС–С‚ СѓСЏРІРё, СЂРѕР·РІРёРІР°СЋС‡Рё Р»РѕРіС–С‡РЅРµ РјРёСЃР»РµРЅРЅСЏ С‚Р° С‚РІРѕСЂС‡С–СЃС‚СЊ. Р†РіСЂР°С€РєР° Р±РµР·РїРµС‡РЅР°, РµРЅРµСЂРіРѕРµС„РµРєС‚РёРІРЅР° С– СЃРїСЂРёСЏС” СЂРѕР·РІРёС‚РєСѓ СЃРїРѕСЃС‚РµСЂРµР¶Р»РёРІРѕСЃС‚С–, СѓРІР°РіРё С‚Р° РІРёРЅР°С…С–РґР»РёРІРѕСЃС‚С– Сѓ РґС–С‚РµР№, Р·Р°Р±РµР·РїРµС‡СѓСЋС‡Рё РЅРµР·Р°Р±СѓС‚РЅС– РІСЂР°Р¶РµРЅРЅСЏ С‚Р° РЅР°РІС‡Р°Р»СЊРЅРёР№ РґРѕСЃРІС–Рґ.', 500, 150, 1000, 1003) [22001-220]
	at org.h2.message.DbException.getJdbcSQLException(DbException.java:518) ~[h2-2.2.220.jar:2.2.220]
	at org.h2.message.DbException.getJdbcSQLException(DbException.java:489) ~[h2-2.2.220.jar:2.2.220]
	at org.h2.message.DbException.get(DbException.java:223) ~[h2-2.2.220.jar:2.2.220]
	at org.h2.message.DbException.getValueTooLongException(DbException.java:334) ~[h2-2.2.220.jar:2.2.220]
	at org.h2.value.Value.getValueTooLongException(Value.java:2594) ~[h2-2.2.220.jar:2.2.220]
	at org.h2.value.Value.convertToVarchar(Value.java:1282) ~[h2-2.2.220.jar:2.2.220]
	at org.h2.value.Value.convertTo(Value.java:1138) ~[h2-2.2.220.jar:2.2.220]
	at org.h2.value.Value.convertForAssignTo(Value.java:1113) ~[h2-2.2.220.jar:2.2.220]
	at org.h2.table.Column.validateConvertUpdateSequence(Column.java:369) ~[h2-2.2.220.jar:2.2.220]
	at org.h2.table.Table.convertInsertRow(Table.java:936) ~[h2-2.2.220.jar:2.2.220]
	at org.h2.command.dml.Insert.insertRows(Insert.java:167) ~[h2-2.2.220.jar:2.2.220]
	at org.h2.command.dml.Insert.update(Insert.java:135) ~[h2-2.2.220.jar:2.2.220]
	at org.h2.command.dml.DataChangeStatement.update(DataChangeStatement.java:74) ~[h2-2.2.220.jar:2.2.220]
	at org.h2.command.CommandContainer.update(CommandContainer.java:169) ~[h2-2.2.220.jar:2.2.220]
	at org.h2.command.Command.executeUpdate(Command.java:252) ~[h2-2.2.220.jar:2.2.220]
	at org.h2.jdbc.JdbcStatement.executeInternal(JdbcStatement.java:252) ~[h2-2.2.220.jar:2.2.220]
	at org.h2.jdbc.JdbcStatement.execute(JdbcStatement.java:223) ~[h2-2.2.220.jar:2.2.220]
	at org.springframework.jdbc.datasource.init.ScriptUtils.executeSqlScript(ScriptUtils.java:261) ~[spring-jdbc-6.0.6.jar:6.0.6]
	... 100 common frames omitted

]]></system-out>
    <system-err><![CDATA[


============================
CONDITIONS EVALUATION REPORT
============================


Positive matches:
-----------------

    None


Negative matches:
-----------------

    None


Exclusions:
-----------

    None


Unconditional classes:
----------------------

    None



]]></system-err>
  </testcase>
</testsuite>